[2025-09-20T19:04:35.414+0000] {local_task_job_runner.py:123} INFO - ::group::Pre task execution logs
[2025-09-20T19:04:35.758+0000] {taskinstance.py:2614} INFO - Dependencies all met for dep_context=non-requeueable deps ti=<TaskInstance: bronze_full_load_spaceparts_optimized.extract_load_dim_Order_Status scheduled__2024-01-02T00:00:00+00:00 [queued]>
[2025-09-20T19:04:35.780+0000] {taskinstance.py:2614} INFO - Dependencies all met for dep_context=requeueable deps ti=<TaskInstance: bronze_full_load_spaceparts_optimized.extract_load_dim_Order_Status scheduled__2024-01-02T00:00:00+00:00 [queued]>
[2025-09-20T19:04:35.781+0000] {taskinstance.py:2867} INFO - Starting attempt 2 of 3
[2025-09-20T19:04:35.826+0000] {taskinstance.py:2890} INFO - Executing <Task(PythonOperator): extract_load_dim_Order_Status> on 2024-01-02 00:00:00+00:00
[2025-09-20T19:04:35.836+0000] {standard_task_runner.py:72} INFO - Started process 138 to run task
[2025-09-20T19:04:35.852+0000] {standard_task_runner.py:104} INFO - Running: ['***', 'tasks', 'run', 'bronze_full_load_spaceparts_optimized', 'extract_load_dim_Order_Status', 'scheduled__2024-01-02T00:00:00+00:00', '--job-id', '196', '--raw', '--subdir', 'DAGS_FOLDER/01_Bronce.py', '--cfg-path', '/tmp/tmp10_fusd1']
[2025-09-20T19:04:35.861+0000] {standard_task_runner.py:105} INFO - Job 196: Subtask extract_load_dim_Order_Status
[2025-09-20T19:04:36.107+0000] {task_command.py:467} INFO - Running <TaskInstance: bronze_full_load_spaceparts_optimized.extract_load_dim_Order_Status scheduled__2024-01-02T00:00:00+00:00 [running]> on host 7abc58c5db43
[2025-09-20T19:04:36.427+0000] {taskinstance.py:3134} INFO - Exporting env vars: AIRFLOW_CTX_DAG_OWNER='data-team' AIRFLOW_CTX_DAG_ID='bronze_full_load_spaceparts_optimized' AIRFLOW_CTX_TASK_ID='extract_load_dim_Order_Status' AIRFLOW_CTX_EXECUTION_DATE='2024-01-02T00:00:00+00:00' AIRFLOW_CTX_TRY_NUMBER='2' AIRFLOW_CTX_DAG_RUN_ID='scheduled__2024-01-02T00:00:00+00:00'
[2025-09-20T19:04:36.433+0000] {taskinstance.py:732} INFO - ::endgroup::
[2025-09-20T19:04:36.470+0000] {01_Bronce.py:357} INFO - Starting optimized extraction for table: dim.Order-Status
[2025-09-20T19:04:39.755+0000] {01_Bronce.py:368} INFO - Table dim.Order-Status has 6 rows
[2025-09-20T19:04:39.756+0000] {01_Bronce.py:389} INFO - Using chunk size: 50,000 for 6 rows
[2025-09-20T19:04:39.756+0000] {01_Bronce.py:393} INFO - Starting streaming extraction and load for dim.Order-Status
[2025-09-20T19:04:45.646+0000] {01_Bronce.py:223} INFO - Processing chunk 1 with 6 rows
[2025-09-20T19:04:45.694+0000] {01_Bronce.py:275} INFO - Table bronze_dim_order_status created successfully
[2025-09-20T19:04:45.701+0000] {01_Bronce.py:324} INFO - Loaded chunk: 6 rows. Total: 6
[2025-09-20T19:04:46.301+0000] {01_Bronce.py:330} INFO - Completed loading 6 total rows to bronze_dim_order_status
[2025-09-20T19:04:46.302+0000] {01_Bronce.py:406} INFO - Successfully loaded 6 records to bronze_dim_order_status
[2025-09-20T19:04:46.323+0000] {python.py:240} INFO - Done. Returned value was: {'source_table': 'dim.Order-Status', 'bronze_table': 'bronze_dim_order_status', 'record_count': 6, 'status': 'success', 'extraction_time': '2025-09-20T19:04:46.302811', 'chunk_size_used': 50000}
[2025-09-20T19:04:46.356+0000] {taskinstance.py:341} INFO - ::group::Post task execution logs
[2025-09-20T19:04:46.356+0000] {taskinstance.py:353} INFO - Marking task as SUCCESS. dag_id=bronze_full_load_spaceparts_optimized, task_id=extract_load_dim_Order_Status, run_id=scheduled__2024-01-02T00:00:00+00:00, execution_date=20240102T000000, start_date=20250920T190435, end_date=20250920T190446
[2025-09-20T19:04:46.441+0000] {local_task_job_runner.py:266} INFO - Task exited with return code 0
[2025-09-20T19:04:46.496+0000] {taskinstance.py:3901} INFO - 0 downstream tasks scheduled from follow-on schedule check
[2025-09-20T19:04:46.503+0000] {local_task_job_runner.py:245} INFO - ::endgroup::
