[2025-09-20T19:04:35.522+0000] {local_task_job_runner.py:123} INFO - ::group::Pre task execution logs
[2025-09-20T19:04:35.586+0000] {taskinstance.py:2614} INFO - Dependencies all met for dep_context=non-requeueable deps ti=<TaskInstance: bronze_full_load_spaceparts_optimized.extract_load_fact_Invoices scheduled__2024-01-02T00:00:00+00:00 [queued]>
[2025-09-20T19:04:35.608+0000] {taskinstance.py:2614} INFO - Dependencies all met for dep_context=requeueable deps ti=<TaskInstance: bronze_full_load_spaceparts_optimized.extract_load_fact_Invoices scheduled__2024-01-02T00:00:00+00:00 [queued]>
[2025-09-20T19:04:35.609+0000] {taskinstance.py:2867} INFO - Starting attempt 2 of 3
[2025-09-20T19:04:35.658+0000] {taskinstance.py:2890} INFO - Executing <Task(PythonOperator): extract_load_fact_Invoices> on 2024-01-02 00:00:00+00:00
[2025-09-20T19:04:35.666+0000] {standard_task_runner.py:72} INFO - Started process 129 to run task
[2025-09-20T19:04:35.676+0000] {standard_task_runner.py:104} INFO - Running: ['***', 'tasks', 'run', 'bronze_full_load_spaceparts_optimized', 'extract_load_fact_Invoices', 'scheduled__2024-01-02T00:00:00+00:00', '--job-id', '197', '--raw', '--subdir', 'DAGS_FOLDER/01_Bronce.py', '--cfg-path', '/tmp/tmptkub6cwf']
[2025-09-20T19:04:35.680+0000] {standard_task_runner.py:105} INFO - Job 197: Subtask extract_load_fact_Invoices
[2025-09-20T19:04:36.208+0000] {task_command.py:467} INFO - Running <TaskInstance: bronze_full_load_spaceparts_optimized.extract_load_fact_Invoices scheduled__2024-01-02T00:00:00+00:00 [running]> on host 7abc58c5db43
[2025-09-20T19:04:36.451+0000] {taskinstance.py:3134} INFO - Exporting env vars: AIRFLOW_CTX_DAG_OWNER='data-team' AIRFLOW_CTX_DAG_ID='bronze_full_load_spaceparts_optimized' AIRFLOW_CTX_TASK_ID='extract_load_fact_Invoices' AIRFLOW_CTX_EXECUTION_DATE='2024-01-02T00:00:00+00:00' AIRFLOW_CTX_TRY_NUMBER='2' AIRFLOW_CTX_DAG_RUN_ID='scheduled__2024-01-02T00:00:00+00:00'
[2025-09-20T19:04:36.453+0000] {taskinstance.py:732} INFO - ::endgroup::
[2025-09-20T19:04:36.477+0000] {01_Bronce.py:357} INFO - Starting optimized extraction for table: fact.Invoices
[2025-09-20T19:04:39.740+0000] {01_Bronce.py:368} INFO - Table fact.Invoices has 18,459,441 rows
[2025-09-20T19:04:39.740+0000] {01_Bronce.py:389} INFO - Using chunk size: 15,000 for 18,459,441 rows
[2025-09-20T19:04:39.741+0000] {01_Bronce.py:393} INFO - Starting streaming extraction and load for fact.Invoices
[2025-09-20T19:04:47.526+0000] {01_Bronce.py:223} INFO - Processing chunk 1 with 15000 rows
[2025-09-20T19:04:47.691+0000] {01_Bronce.py:275} INFO - Table bronze_fact_invoices created successfully
[2025-09-20T19:05:01.415+0000] {01_Bronce.py:324} INFO - Loaded chunk: 15,000 rows. Total: 15,000
[2025-09-20T19:05:01.922+0000] {01_Bronce.py:223} INFO - Processing chunk 2 with 15000 rows
[2025-09-20T19:05:12.081+0000] {01_Bronce.py:324} INFO - Loaded chunk: 15,000 rows. Total: 30,000
[2025-09-20T19:05:12.577+0000] {01_Bronce.py:223} INFO - Processing chunk 3 with 15000 rows
[2025-09-20T19:05:24.151+0000] {01_Bronce.py:324} INFO - Loaded chunk: 15,000 rows. Total: 45,000
[2025-09-20T19:05:24.723+0000] {01_Bronce.py:223} INFO - Processing chunk 4 with 15000 rows
[2025-09-20T19:05:32.575+0000] {01_Bronce.py:324} INFO - Loaded chunk: 15,000 rows. Total: 60,000
[2025-09-20T19:05:33.053+0000] {01_Bronce.py:223} INFO - Processing chunk 5 with 15000 rows
[2025-09-20T19:05:42.484+0000] {01_Bronce.py:324} INFO - Loaded chunk: 15,000 rows. Total: 75,000
[2025-09-20T19:05:43.007+0000] {01_Bronce.py:223} INFO - Processing chunk 6 with 15000 rows
[2025-09-20T19:05:51.036+0000] {01_Bronce.py:324} INFO - Loaded chunk: 15,000 rows. Total: 90,000
[2025-09-20T19:05:51.403+0000] {01_Bronce.py:223} INFO - Processing chunk 7 with 15000 rows
[2025-09-20T19:06:03.238+0000] {01_Bronce.py:324} INFO - Loaded chunk: 15,000 rows. Total: 105,000
[2025-09-20T19:06:03.656+0000] {01_Bronce.py:223} INFO - Processing chunk 8 with 15000 rows
[2025-09-20T19:06:11.222+0000] {01_Bronce.py:324} INFO - Loaded chunk: 15,000 rows. Total: 120,000
[2025-09-20T19:06:11.732+0000] {01_Bronce.py:223} INFO - Processing chunk 9 with 15000 rows
[2025-09-20T19:06:20.873+0000] {01_Bronce.py:324} INFO - Loaded chunk: 15,000 rows. Total: 135,000
[2025-09-20T19:06:21.316+0000] {01_Bronce.py:223} INFO - Processing chunk 10 with 15000 rows
[2025-09-20T19:06:33.340+0000] {01_Bronce.py:324} INFO - Loaded chunk: 15,000 rows. Total: 150,000
[2025-09-20T19:06:33.861+0000] {01_Bronce.py:223} INFO - Processing chunk 11 with 15000 rows
[2025-09-20T19:06:42.906+0000] {01_Bronce.py:324} INFO - Loaded chunk: 15,000 rows. Total: 165,000
[2025-09-20T19:06:43.261+0000] {01_Bronce.py:223} INFO - Processing chunk 12 with 15000 rows
[2025-09-20T19:06:52.296+0000] {01_Bronce.py:324} INFO - Loaded chunk: 15,000 rows. Total: 180,000
[2025-09-20T19:06:52.715+0000] {01_Bronce.py:223} INFO - Processing chunk 13 with 15000 rows
[2025-09-20T19:07:02.404+0000] {01_Bronce.py:324} INFO - Loaded chunk: 15,000 rows. Total: 195,000
[2025-09-20T19:07:02.880+0000] {01_Bronce.py:223} INFO - Processing chunk 14 with 15000 rows
[2025-09-20T19:07:14.201+0000] {01_Bronce.py:324} INFO - Loaded chunk: 15,000 rows. Total: 210,000
[2025-09-20T19:07:14.690+0000] {01_Bronce.py:223} INFO - Processing chunk 15 with 15000 rows
[2025-09-20T19:07:22.628+0000] {01_Bronce.py:324} INFO - Loaded chunk: 15,000 rows. Total: 225,000
[2025-09-20T19:07:23.069+0000] {01_Bronce.py:223} INFO - Processing chunk 16 with 15000 rows
[2025-09-20T19:07:31.963+0000] {01_Bronce.py:324} INFO - Loaded chunk: 15,000 rows. Total: 240,000
[2025-09-20T19:07:32.316+0000] {01_Bronce.py:223} INFO - Processing chunk 17 with 15000 rows
[2025-09-20T19:07:44.580+0000] {01_Bronce.py:324} INFO - Loaded chunk: 15,000 rows. Total: 255,000
[2025-09-20T19:07:45.231+0000] {01_Bronce.py:223} INFO - Processing chunk 18 with 15000 rows
[2025-09-20T19:07:53.102+0000] {01_Bronce.py:324} INFO - Loaded chunk: 15,000 rows. Total: 270,000
[2025-09-20T19:07:53.445+0000] {01_Bronce.py:223} INFO - Processing chunk 19 with 15000 rows
[2025-09-20T19:08:00.821+0000] {01_Bronce.py:324} INFO - Loaded chunk: 15,000 rows. Total: 285,000
[2025-09-20T19:08:01.253+0000] {01_Bronce.py:223} INFO - Processing chunk 20 with 15000 rows
[2025-09-20T19:08:08.037+0000] {01_Bronce.py:324} INFO - Loaded chunk: 15,000 rows. Total: 300,000
[2025-09-20T19:08:08.555+0000] {01_Bronce.py:223} INFO - Processing chunk 21 with 15000 rows
[2025-09-20T19:08:14.919+0000] {01_Bronce.py:324} INFO - Loaded chunk: 15,000 rows. Total: 315,000
[2025-09-20T19:08:15.210+0000] {01_Bronce.py:223} INFO - Processing chunk 22 with 15000 rows
[2025-09-20T19:08:22.660+0000] {01_Bronce.py:324} INFO - Loaded chunk: 15,000 rows. Total: 330,000
[2025-09-20T19:08:22.875+0000] {01_Bronce.py:223} INFO - Processing chunk 23 with 15000 rows
[2025-09-20T19:08:26.856+0000] {01_Bronce.py:324} INFO - Loaded chunk: 15,000 rows. Total: 345,000
[2025-09-20T19:08:27.096+0000] {01_Bronce.py:223} INFO - Processing chunk 24 with 15000 rows
[2025-09-20T19:08:31.138+0000] {01_Bronce.py:324} INFO - Loaded chunk: 15,000 rows. Total: 360,000
[2025-09-20T19:08:31.540+0000] {01_Bronce.py:223} INFO - Processing chunk 25 with 15000 rows
[2025-09-20T19:08:35.526+0000] {01_Bronce.py:324} INFO - Loaded chunk: 15,000 rows. Total: 375,000
[2025-09-20T19:08:35.775+0000] {01_Bronce.py:223} INFO - Processing chunk 26 with 15000 rows
[2025-09-20T19:08:39.838+0000] {01_Bronce.py:324} INFO - Loaded chunk: 15,000 rows. Total: 390,000
[2025-09-20T19:08:40.067+0000] {01_Bronce.py:223} INFO - Processing chunk 27 with 15000 rows
[2025-09-20T19:08:44.101+0000] {01_Bronce.py:324} INFO - Loaded chunk: 15,000 rows. Total: 405,000
[2025-09-20T19:08:44.352+0000] {01_Bronce.py:223} INFO - Processing chunk 28 with 15000 rows
[2025-09-20T19:08:48.862+0000] {01_Bronce.py:324} INFO - Loaded chunk: 15,000 rows. Total: 420,000
[2025-09-20T19:08:49.126+0000] {01_Bronce.py:223} INFO - Processing chunk 29 with 15000 rows
[2025-09-20T19:08:56.816+0000] {01_Bronce.py:324} INFO - Loaded chunk: 15,000 rows. Total: 435,000
[2025-09-20T19:08:57.076+0000] {01_Bronce.py:223} INFO - Processing chunk 30 with 15000 rows
[2025-09-20T19:09:01.806+0000] {01_Bronce.py:324} INFO - Loaded chunk: 15,000 rows. Total: 450,000
[2025-09-20T19:09:02.145+0000] {01_Bronce.py:223} INFO - Processing chunk 31 with 15000 rows
[2025-09-20T19:09:06.982+0000] {01_Bronce.py:324} INFO - Loaded chunk: 15,000 rows. Total: 465,000
[2025-09-20T19:09:07.284+0000] {01_Bronce.py:223} INFO - Processing chunk 32 with 15000 rows
[2025-09-20T19:09:11.910+0000] {01_Bronce.py:324} INFO - Loaded chunk: 15,000 rows. Total: 480,000
[2025-09-20T19:09:12.182+0000] {01_Bronce.py:223} INFO - Processing chunk 33 with 15000 rows
[2025-09-20T19:09:16.869+0000] {01_Bronce.py:324} INFO - Loaded chunk: 15,000 rows. Total: 495,000
[2025-09-20T19:09:17.197+0000] {01_Bronce.py:223} INFO - Processing chunk 34 with 15000 rows
[2025-09-20T19:09:22.260+0000] {01_Bronce.py:324} INFO - Loaded chunk: 15,000 rows. Total: 510,000
[2025-09-20T19:09:22.582+0000] {01_Bronce.py:223} INFO - Processing chunk 35 with 15000 rows
[2025-09-20T19:09:31.528+0000] {01_Bronce.py:324} INFO - Loaded chunk: 15,000 rows. Total: 525,000
[2025-09-20T19:09:31.878+0000] {01_Bronce.py:223} INFO - Processing chunk 36 with 15000 rows
[2025-09-20T19:09:36.528+0000] {01_Bronce.py:324} INFO - Loaded chunk: 15,000 rows. Total: 540,000
[2025-09-20T19:09:36.848+0000] {01_Bronce.py:223} INFO - Processing chunk 37 with 15000 rows
[2025-09-20T19:09:41.609+0000] {01_Bronce.py:324} INFO - Loaded chunk: 15,000 rows. Total: 555,000
[2025-09-20T19:09:41.911+0000] {01_Bronce.py:223} INFO - Processing chunk 38 with 15000 rows
[2025-09-20T19:09:46.779+0000] {01_Bronce.py:324} INFO - Loaded chunk: 15,000 rows. Total: 570,000
[2025-09-20T19:09:47.032+0000] {01_Bronce.py:223} INFO - Processing chunk 39 with 15000 rows
[2025-09-20T19:09:51.289+0000] {01_Bronce.py:324} INFO - Loaded chunk: 15,000 rows. Total: 585,000
[2025-09-20T19:09:51.539+0000] {01_Bronce.py:223} INFO - Processing chunk 40 with 15000 rows
[2025-09-20T19:09:56.079+0000] {01_Bronce.py:324} INFO - Loaded chunk: 15,000 rows. Total: 600,000
[2025-09-20T19:09:56.377+0000] {01_Bronce.py:223} INFO - Processing chunk 41 with 15000 rows
[2025-09-20T19:10:01.194+0000] {01_Bronce.py:324} INFO - Loaded chunk: 15,000 rows. Total: 615,000
[2025-09-20T19:10:01.448+0000] {01_Bronce.py:223} INFO - Processing chunk 42 with 15000 rows
[2025-09-20T19:10:09.335+0000] {01_Bronce.py:324} INFO - Loaded chunk: 15,000 rows. Total: 630,000
[2025-09-20T19:10:09.576+0000] {01_Bronce.py:223} INFO - Processing chunk 43 with 15000 rows
[2025-09-20T19:10:13.614+0000] {01_Bronce.py:324} INFO - Loaded chunk: 15,000 rows. Total: 645,000
[2025-09-20T19:10:13.840+0000] {01_Bronce.py:223} INFO - Processing chunk 44 with 15000 rows
[2025-09-20T19:10:18.357+0000] {01_Bronce.py:324} INFO - Loaded chunk: 15,000 rows. Total: 660,000
[2025-09-20T19:10:18.650+0000] {01_Bronce.py:223} INFO - Processing chunk 45 with 15000 rows
[2025-09-20T19:10:23.051+0000] {01_Bronce.py:324} INFO - Loaded chunk: 15,000 rows. Total: 675,000
[2025-09-20T19:10:23.394+0000] {01_Bronce.py:223} INFO - Processing chunk 46 with 15000 rows
[2025-09-20T19:10:27.772+0000] {01_Bronce.py:324} INFO - Loaded chunk: 15,000 rows. Total: 690,000
[2025-09-20T19:10:28.017+0000] {01_Bronce.py:223} INFO - Processing chunk 47 with 15000 rows
[2025-09-20T19:10:32.458+0000] {01_Bronce.py:324} INFO - Loaded chunk: 15,000 rows. Total: 705,000
[2025-09-20T19:10:32.759+0000] {01_Bronce.py:223} INFO - Processing chunk 48 with 15000 rows
[2025-09-20T19:10:37.679+0000] {01_Bronce.py:324} INFO - Loaded chunk: 15,000 rows. Total: 720,000
[2025-09-20T19:10:38.028+0000] {01_Bronce.py:223} INFO - Processing chunk 49 with 15000 rows
[2025-09-20T19:10:46.099+0000] {01_Bronce.py:324} INFO - Loaded chunk: 15,000 rows. Total: 735,000
[2025-09-20T19:10:46.391+0000] {01_Bronce.py:223} INFO - Processing chunk 50 with 15000 rows
[2025-09-20T19:10:51.041+0000] {01_Bronce.py:324} INFO - Loaded chunk: 15,000 rows. Total: 750,000
[2025-09-20T19:10:51.341+0000] {01_Bronce.py:223} INFO - Processing chunk 51 with 15000 rows
[2025-09-20T19:10:55.765+0000] {01_Bronce.py:324} INFO - Loaded chunk: 15,000 rows. Total: 765,000
[2025-09-20T19:10:56.042+0000] {01_Bronce.py:223} INFO - Processing chunk 52 with 15000 rows
[2025-09-20T19:11:00.434+0000] {01_Bronce.py:324} INFO - Loaded chunk: 15,000 rows. Total: 780,000
[2025-09-20T19:11:00.731+0000] {01_Bronce.py:223} INFO - Processing chunk 53 with 15000 rows
[2025-09-20T19:11:05.284+0000] {01_Bronce.py:324} INFO - Loaded chunk: 15,000 rows. Total: 795,000
[2025-09-20T19:11:05.543+0000] {01_Bronce.py:223} INFO - Processing chunk 54 with 15000 rows
[2025-09-20T19:11:10.347+0000] {01_Bronce.py:324} INFO - Loaded chunk: 15,000 rows. Total: 810,000
[2025-09-20T19:11:10.598+0000] {01_Bronce.py:223} INFO - Processing chunk 55 with 15000 rows
[2025-09-20T19:11:18.687+0000] {01_Bronce.py:324} INFO - Loaded chunk: 15,000 rows. Total: 825,000
[2025-09-20T19:11:18.970+0000] {01_Bronce.py:223} INFO - Processing chunk 56 with 15000 rows
[2025-09-20T19:11:23.537+0000] {01_Bronce.py:324} INFO - Loaded chunk: 15,000 rows. Total: 840,000
[2025-09-20T19:11:23.814+0000] {01_Bronce.py:223} INFO - Processing chunk 57 with 15000 rows
[2025-09-20T19:11:28.047+0000] {01_Bronce.py:324} INFO - Loaded chunk: 15,000 rows. Total: 855,000
[2025-09-20T19:11:28.324+0000] {01_Bronce.py:223} INFO - Processing chunk 58 with 15000 rows
[2025-09-20T19:11:32.818+0000] {01_Bronce.py:324} INFO - Loaded chunk: 15,000 rows. Total: 870,000
[2025-09-20T19:11:33.104+0000] {01_Bronce.py:223} INFO - Processing chunk 59 with 15000 rows
[2025-09-20T19:11:37.518+0000] {01_Bronce.py:324} INFO - Loaded chunk: 15,000 rows. Total: 885,000
[2025-09-20T19:11:37.826+0000] {01_Bronce.py:223} INFO - Processing chunk 60 with 15000 rows
[2025-09-20T19:11:42.214+0000] {01_Bronce.py:324} INFO - Loaded chunk: 15,000 rows. Total: 900,000
[2025-09-20T19:11:42.547+0000] {01_Bronce.py:223} INFO - Processing chunk 61 with 15000 rows
[2025-09-20T19:11:47.597+0000] {01_Bronce.py:324} INFO - Loaded chunk: 15,000 rows. Total: 915,000
[2025-09-20T19:11:47.883+0000] {01_Bronce.py:223} INFO - Processing chunk 62 with 15000 rows
[2025-09-20T19:11:56.902+0000] {01_Bronce.py:324} INFO - Loaded chunk: 15,000 rows. Total: 930,000
[2025-09-20T19:11:57.194+0000] {01_Bronce.py:223} INFO - Processing chunk 63 with 15000 rows
[2025-09-20T19:12:01.972+0000] {01_Bronce.py:324} INFO - Loaded chunk: 15,000 rows. Total: 945,000
[2025-09-20T19:12:02.267+0000] {01_Bronce.py:223} INFO - Processing chunk 64 with 15000 rows
[2025-09-20T19:12:06.847+0000] {01_Bronce.py:324} INFO - Loaded chunk: 15,000 rows. Total: 960,000
[2025-09-20T19:12:07.184+0000] {01_Bronce.py:223} INFO - Processing chunk 65 with 15000 rows
[2025-09-20T19:12:11.788+0000] {01_Bronce.py:324} INFO - Loaded chunk: 15,000 rows. Total: 975,000
[2025-09-20T19:12:12.150+0000] {01_Bronce.py:223} INFO - Processing chunk 66 with 15000 rows
[2025-09-20T19:12:17.042+0000] {01_Bronce.py:324} INFO - Loaded chunk: 15,000 rows. Total: 990,000
[2025-09-20T19:12:17.383+0000] {01_Bronce.py:223} INFO - Processing chunk 67 with 15000 rows
[2025-09-20T19:12:22.627+0000] {01_Bronce.py:324} INFO - Loaded chunk: 15,000 rows. Total: 1,005,000
[2025-09-20T19:12:22.987+0000] {01_Bronce.py:223} INFO - Processing chunk 68 with 15000 rows
[2025-09-20T19:12:31.972+0000] {01_Bronce.py:324} INFO - Loaded chunk: 15,000 rows. Total: 1,020,000
[2025-09-20T19:12:32.238+0000] {01_Bronce.py:223} INFO - Processing chunk 69 with 15000 rows
[2025-09-20T19:12:37.674+0000] {01_Bronce.py:324} INFO - Loaded chunk: 15,000 rows. Total: 1,035,000
[2025-09-20T19:12:37.984+0000] {01_Bronce.py:223} INFO - Processing chunk 70 with 15000 rows
[2025-09-20T19:12:43.306+0000] {01_Bronce.py:324} INFO - Loaded chunk: 15,000 rows. Total: 1,050,000
[2025-09-20T19:12:43.678+0000] {01_Bronce.py:223} INFO - Processing chunk 71 with 15000 rows
[2025-09-20T19:12:48.417+0000] {01_Bronce.py:324} INFO - Loaded chunk: 15,000 rows. Total: 1,065,000
[2025-09-20T19:12:48.688+0000] {01_Bronce.py:223} INFO - Processing chunk 72 with 15000 rows
[2025-09-20T19:12:53.067+0000] {01_Bronce.py:324} INFO - Loaded chunk: 15,000 rows. Total: 1,080,000
[2025-09-20T19:12:53.423+0000] {01_Bronce.py:223} INFO - Processing chunk 73 with 15000 rows
[2025-09-20T19:12:58.627+0000] {01_Bronce.py:324} INFO - Loaded chunk: 15,000 rows. Total: 1,095,000
[2025-09-20T19:12:58.936+0000] {01_Bronce.py:223} INFO - Processing chunk 74 with 15000 rows
[2025-09-20T19:13:07.314+0000] {01_Bronce.py:324} INFO - Loaded chunk: 15,000 rows. Total: 1,110,000
[2025-09-20T19:13:07.565+0000] {01_Bronce.py:223} INFO - Processing chunk 75 with 15000 rows
[2025-09-20T19:13:11.803+0000] {01_Bronce.py:324} INFO - Loaded chunk: 15,000 rows. Total: 1,125,000
[2025-09-20T19:13:12.144+0000] {01_Bronce.py:223} INFO - Processing chunk 76 with 15000 rows
[2025-09-20T19:13:17.157+0000] {01_Bronce.py:324} INFO - Loaded chunk: 15,000 rows. Total: 1,140,000
[2025-09-20T19:13:17.408+0000] {01_Bronce.py:223} INFO - Processing chunk 77 with 15000 rows
[2025-09-20T19:13:22.203+0000] {01_Bronce.py:324} INFO - Loaded chunk: 15,000 rows. Total: 1,155,000
[2025-09-20T19:13:22.450+0000] {01_Bronce.py:223} INFO - Processing chunk 78 with 15000 rows
[2025-09-20T19:13:27.266+0000] {01_Bronce.py:324} INFO - Loaded chunk: 15,000 rows. Total: 1,170,000
[2025-09-20T19:13:27.603+0000] {01_Bronce.py:223} INFO - Processing chunk 79 with 15000 rows
[2025-09-20T19:13:32.918+0000] {01_Bronce.py:324} INFO - Loaded chunk: 15,000 rows. Total: 1,185,000
[2025-09-20T19:13:33.230+0000] {01_Bronce.py:223} INFO - Processing chunk 80 with 15000 rows
[2025-09-20T19:13:37.988+0000] {01_Bronce.py:324} INFO - Loaded chunk: 15,000 rows. Total: 1,200,000
[2025-09-20T19:13:38.277+0000] {01_Bronce.py:223} INFO - Processing chunk 81 with 15000 rows
[2025-09-20T19:13:46.817+0000] {01_Bronce.py:324} INFO - Loaded chunk: 15,000 rows. Total: 1,215,000
[2025-09-20T19:13:47.113+0000] {01_Bronce.py:223} INFO - Processing chunk 82 with 15000 rows
[2025-09-20T19:13:53.105+0000] {01_Bronce.py:324} INFO - Loaded chunk: 15,000 rows. Total: 1,230,000
[2025-09-20T19:13:53.411+0000] {01_Bronce.py:223} INFO - Processing chunk 83 with 15000 rows
[2025-09-20T19:13:58.606+0000] {01_Bronce.py:324} INFO - Loaded chunk: 15,000 rows. Total: 1,245,000
[2025-09-20T19:13:59.006+0000] {01_Bronce.py:223} INFO - Processing chunk 84 with 15000 rows
[2025-09-20T19:14:05.733+0000] {01_Bronce.py:324} INFO - Loaded chunk: 15,000 rows. Total: 1,260,000
[2025-09-20T19:14:06.049+0000] {01_Bronce.py:223} INFO - Processing chunk 85 with 15000 rows
[2025-09-20T19:14:12.075+0000] {01_Bronce.py:324} INFO - Loaded chunk: 15,000 rows. Total: 1,275,000
[2025-09-20T19:14:12.411+0000] {01_Bronce.py:223} INFO - Processing chunk 86 with 15000 rows
[2025-09-20T19:14:21.137+0000] {01_Bronce.py:324} INFO - Loaded chunk: 15,000 rows. Total: 1,290,000
[2025-09-20T19:14:21.518+0000] {01_Bronce.py:223} INFO - Processing chunk 87 with 15000 rows
[2025-09-20T19:14:26.544+0000] {01_Bronce.py:324} INFO - Loaded chunk: 15,000 rows. Total: 1,305,000
[2025-09-20T19:14:26.848+0000] {01_Bronce.py:223} INFO - Processing chunk 88 with 15000 rows
[2025-09-20T19:14:32.333+0000] {01_Bronce.py:324} INFO - Loaded chunk: 15,000 rows. Total: 1,320,000
[2025-09-20T19:14:32.646+0000] {01_Bronce.py:223} INFO - Processing chunk 89 with 15000 rows
[2025-09-20T19:14:38.260+0000] {01_Bronce.py:324} INFO - Loaded chunk: 15,000 rows. Total: 1,335,000
[2025-09-20T19:14:38.618+0000] {01_Bronce.py:223} INFO - Processing chunk 90 with 15000 rows
[2025-09-20T19:14:44.118+0000] {01_Bronce.py:324} INFO - Loaded chunk: 15,000 rows. Total: 1,350,000
[2025-09-20T19:14:44.475+0000] {01_Bronce.py:223} INFO - Processing chunk 91 with 15000 rows
[2025-09-20T19:14:54.480+0000] {01_Bronce.py:324} INFO - Loaded chunk: 15,000 rows. Total: 1,365,000
[2025-09-20T19:14:54.928+0000] {01_Bronce.py:223} INFO - Processing chunk 92 with 15000 rows
[2025-09-20T19:15:02.385+0000] {01_Bronce.py:324} INFO - Loaded chunk: 15,000 rows. Total: 1,380,000
[2025-09-20T19:15:02.823+0000] {01_Bronce.py:223} INFO - Processing chunk 93 with 15000 rows
[2025-09-20T19:15:09.944+0000] {01_Bronce.py:324} INFO - Loaded chunk: 15,000 rows. Total: 1,395,000
[2025-09-20T19:15:10.275+0000] {01_Bronce.py:223} INFO - Processing chunk 94 with 15000 rows
[2025-09-20T19:15:17.239+0000] {01_Bronce.py:324} INFO - Loaded chunk: 15,000 rows. Total: 1,410,000
[2025-09-20T19:15:17.667+0000] {01_Bronce.py:223} INFO - Processing chunk 95 with 15000 rows
[2025-09-20T19:15:29.930+0000] {01_Bronce.py:324} INFO - Loaded chunk: 15,000 rows. Total: 1,425,000
[2025-09-20T19:15:30.272+0000] {01_Bronce.py:223} INFO - Processing chunk 96 with 15000 rows
[2025-09-20T19:15:36.429+0000] {01_Bronce.py:324} INFO - Loaded chunk: 15,000 rows. Total: 1,440,000
[2025-09-20T19:15:36.842+0000] {01_Bronce.py:223} INFO - Processing chunk 97 with 15000 rows
[2025-09-20T19:15:42.896+0000] {01_Bronce.py:324} INFO - Loaded chunk: 15,000 rows. Total: 1,455,000
[2025-09-20T19:15:43.206+0000] {01_Bronce.py:223} INFO - Processing chunk 98 with 15000 rows
[2025-09-20T19:15:49.681+0000] {01_Bronce.py:324} INFO - Loaded chunk: 15,000 rows. Total: 1,470,000
[2025-09-20T19:15:49.989+0000] {01_Bronce.py:223} INFO - Processing chunk 99 with 15000 rows
[2025-09-20T19:15:56.162+0000] {01_Bronce.py:324} INFO - Loaded chunk: 15,000 rows. Total: 1,485,000
[2025-09-20T19:15:56.514+0000] {01_Bronce.py:223} INFO - Processing chunk 100 with 15000 rows
[2025-09-20T19:16:06.736+0000] {01_Bronce.py:324} INFO - Loaded chunk: 15,000 rows. Total: 1,500,000
[2025-09-20T19:16:07.310+0000] {01_Bronce.py:223} INFO - Processing chunk 101 with 15000 rows
[2025-09-20T19:16:13.843+0000] {01_Bronce.py:324} INFO - Loaded chunk: 15,000 rows. Total: 1,515,000
[2025-09-20T19:16:14.273+0000] {01_Bronce.py:223} INFO - Processing chunk 102 with 15000 rows
[2025-09-20T19:16:20.074+0000] {01_Bronce.py:324} INFO - Loaded chunk: 15,000 rows. Total: 1,530,000
[2025-09-20T19:16:20.481+0000] {01_Bronce.py:223} INFO - Processing chunk 103 with 15000 rows
[2025-09-20T19:16:26.892+0000] {01_Bronce.py:324} INFO - Loaded chunk: 15,000 rows. Total: 1,545,000
[2025-09-20T19:16:27.242+0000] {01_Bronce.py:223} INFO - Processing chunk 104 with 15000 rows
[2025-09-20T19:16:32.811+0000] {01_Bronce.py:324} INFO - Loaded chunk: 15,000 rows. Total: 1,560,000
[2025-09-20T19:16:33.130+0000] {01_Bronce.py:223} INFO - Processing chunk 105 with 15000 rows
[2025-09-20T19:16:44.243+0000] {01_Bronce.py:324} INFO - Loaded chunk: 15,000 rows. Total: 1,575,000
[2025-09-20T19:16:44.712+0000] {01_Bronce.py:223} INFO - Processing chunk 106 with 15000 rows
[2025-09-20T19:16:50.191+0000] {01_Bronce.py:324} INFO - Loaded chunk: 15,000 rows. Total: 1,590,000
[2025-09-20T19:16:50.462+0000] {01_Bronce.py:223} INFO - Processing chunk 107 with 15000 rows
[2025-09-20T19:16:56.717+0000] {01_Bronce.py:324} INFO - Loaded chunk: 15,000 rows. Total: 1,605,000
[2025-09-20T19:16:57.024+0000] {01_Bronce.py:223} INFO - Processing chunk 108 with 15000 rows
[2025-09-20T19:17:03.030+0000] {01_Bronce.py:324} INFO - Loaded chunk: 15,000 rows. Total: 1,620,000
[2025-09-20T19:17:03.316+0000] {01_Bronce.py:223} INFO - Processing chunk 109 with 15000 rows
[2025-09-20T19:17:09.351+0000] {01_Bronce.py:324} INFO - Loaded chunk: 15,000 rows. Total: 1,635,000
[2025-09-20T19:17:09.804+0000] {01_Bronce.py:223} INFO - Processing chunk 110 with 15000 rows
[2025-09-20T19:17:20.254+0000] {01_Bronce.py:324} INFO - Loaded chunk: 15,000 rows. Total: 1,650,000
[2025-09-20T19:17:20.652+0000] {01_Bronce.py:223} INFO - Processing chunk 111 with 15000 rows
[2025-09-20T19:17:26.749+0000] {01_Bronce.py:324} INFO - Loaded chunk: 15,000 rows. Total: 1,665,000
[2025-09-20T19:17:27.030+0000] {01_Bronce.py:223} INFO - Processing chunk 112 with 15000 rows
[2025-09-20T19:17:33.065+0000] {01_Bronce.py:324} INFO - Loaded chunk: 15,000 rows. Total: 1,680,000
[2025-09-20T19:17:33.438+0000] {01_Bronce.py:223} INFO - Processing chunk 113 with 15000 rows
[2025-09-20T19:17:38.832+0000] {01_Bronce.py:324} INFO - Loaded chunk: 15,000 rows. Total: 1,695,000
[2025-09-20T19:17:39.121+0000] {01_Bronce.py:223} INFO - Processing chunk 114 with 15000 rows
[2025-09-20T19:17:45.500+0000] {01_Bronce.py:324} INFO - Loaded chunk: 15,000 rows. Total: 1,710,000
[2025-09-20T19:17:45.793+0000] {01_Bronce.py:223} INFO - Processing chunk 115 with 15000 rows
[2025-09-20T19:17:55.250+0000] {01_Bronce.py:324} INFO - Loaded chunk: 15,000 rows. Total: 1,725,000
[2025-09-20T19:17:55.608+0000] {01_Bronce.py:223} INFO - Processing chunk 116 with 15000 rows
[2025-09-20T19:18:02.607+0000] {01_Bronce.py:324} INFO - Loaded chunk: 15,000 rows. Total: 1,740,000
[2025-09-20T19:18:03.037+0000] {01_Bronce.py:223} INFO - Processing chunk 117 with 15000 rows
[2025-09-20T19:18:11.197+0000] {01_Bronce.py:324} INFO - Loaded chunk: 15,000 rows. Total: 1,755,000
[2025-09-20T19:18:11.694+0000] {01_Bronce.py:223} INFO - Processing chunk 118 with 15000 rows
[2025-09-20T19:18:20.758+0000] {01_Bronce.py:324} INFO - Loaded chunk: 15,000 rows. Total: 1,770,000
[2025-09-20T19:18:21.145+0000] {01_Bronce.py:223} INFO - Processing chunk 119 with 15000 rows
[2025-09-20T19:18:32.920+0000] {01_Bronce.py:324} INFO - Loaded chunk: 15,000 rows. Total: 1,785,000
[2025-09-20T19:18:33.589+0000] {01_Bronce.py:223} INFO - Processing chunk 120 with 15000 rows
[2025-09-20T19:18:44.431+0000] {01_Bronce.py:324} INFO - Loaded chunk: 15,000 rows. Total: 1,800,000
[2025-09-20T19:18:44.863+0000] {01_Bronce.py:223} INFO - Processing chunk 121 with 15000 rows
[2025-09-20T19:18:52.177+0000] {01_Bronce.py:324} INFO - Loaded chunk: 15,000 rows. Total: 1,815,000
[2025-09-20T19:18:52.791+0000] {01_Bronce.py:223} INFO - Processing chunk 122 with 15000 rows
[2025-09-20T19:18:58.980+0000] {01_Bronce.py:324} INFO - Loaded chunk: 15,000 rows. Total: 1,830,000
[2025-09-20T19:18:59.256+0000] {01_Bronce.py:223} INFO - Processing chunk 123 with 15000 rows
[2025-09-20T19:19:07.192+0000] {01_Bronce.py:324} INFO - Loaded chunk: 15,000 rows. Total: 1,845,000
[2025-09-20T19:19:07.460+0000] {01_Bronce.py:223} INFO - Processing chunk 124 with 15000 rows
[2025-09-20T19:19:12.937+0000] {01_Bronce.py:324} INFO - Loaded chunk: 15,000 rows. Total: 1,860,000
[2025-09-20T19:19:13.350+0000] {01_Bronce.py:223} INFO - Processing chunk 125 with 15000 rows
[2025-09-20T19:19:18.685+0000] {01_Bronce.py:324} INFO - Loaded chunk: 15,000 rows. Total: 1,875,000
[2025-09-20T19:19:18.946+0000] {01_Bronce.py:223} INFO - Processing chunk 126 with 15000 rows
[2025-09-20T19:19:22.734+0000] {01_Bronce.py:324} INFO - Loaded chunk: 15,000 rows. Total: 1,890,000
[2025-09-20T19:19:23.024+0000] {01_Bronce.py:223} INFO - Processing chunk 127 with 15000 rows
[2025-09-20T19:19:27.345+0000] {01_Bronce.py:324} INFO - Loaded chunk: 15,000 rows. Total: 1,905,000
[2025-09-20T19:19:27.637+0000] {01_Bronce.py:223} INFO - Processing chunk 128 with 15000 rows
[2025-09-20T19:19:32.481+0000] {01_Bronce.py:324} INFO - Loaded chunk: 15,000 rows. Total: 1,920,000
[2025-09-20T19:19:32.754+0000] {01_Bronce.py:223} INFO - Processing chunk 129 with 15000 rows
[2025-09-20T19:19:40.419+0000] {01_Bronce.py:324} INFO - Loaded chunk: 15,000 rows. Total: 1,935,000
[2025-09-20T19:19:40.726+0000] {01_Bronce.py:223} INFO - Processing chunk 130 with 15000 rows
[2025-09-20T19:19:45.077+0000] {01_Bronce.py:324} INFO - Loaded chunk: 15,000 rows. Total: 1,950,000
[2025-09-20T19:19:45.359+0000] {01_Bronce.py:223} INFO - Processing chunk 131 with 15000 rows
[2025-09-20T19:19:50.786+0000] {01_Bronce.py:324} INFO - Loaded chunk: 15,000 rows. Total: 1,965,000
[2025-09-20T19:19:51.064+0000] {01_Bronce.py:223} INFO - Processing chunk 132 with 15000 rows
[2025-09-20T19:19:54.826+0000] {01_Bronce.py:324} INFO - Loaded chunk: 15,000 rows. Total: 1,980,000
[2025-09-20T19:19:55.058+0000] {01_Bronce.py:223} INFO - Processing chunk 133 with 15000 rows
[2025-09-20T19:19:59.273+0000] {01_Bronce.py:324} INFO - Loaded chunk: 15,000 rows. Total: 1,995,000
[2025-09-20T19:19:59.584+0000] {01_Bronce.py:223} INFO - Processing chunk 134 with 15000 rows
[2025-09-20T19:20:05.094+0000] {01_Bronce.py:324} INFO - Loaded chunk: 15,000 rows. Total: 2,010,000
[2025-09-20T19:20:05.524+0000] {01_Bronce.py:223} INFO - Processing chunk 135 with 15000 rows
[2025-09-20T19:20:09.763+0000] {01_Bronce.py:324} INFO - Loaded chunk: 15,000 rows. Total: 2,025,000
[2025-09-20T19:20:10.019+0000] {01_Bronce.py:223} INFO - Processing chunk 136 with 15000 rows
[2025-09-20T19:20:17.853+0000] {01_Bronce.py:324} INFO - Loaded chunk: 15,000 rows. Total: 2,040,000
[2025-09-20T19:20:18.139+0000] {01_Bronce.py:223} INFO - Processing chunk 137 with 15000 rows
[2025-09-20T19:20:22.725+0000] {01_Bronce.py:324} INFO - Loaded chunk: 15,000 rows. Total: 2,055,000
[2025-09-20T19:20:23.015+0000] {01_Bronce.py:223} INFO - Processing chunk 138 with 15000 rows
[2025-09-20T19:20:27.390+0000] {01_Bronce.py:324} INFO - Loaded chunk: 15,000 rows. Total: 2,070,000
[2025-09-20T19:20:27.778+0000] {01_Bronce.py:223} INFO - Processing chunk 139 with 15000 rows
[2025-09-20T19:20:32.409+0000] {01_Bronce.py:324} INFO - Loaded chunk: 15,000 rows. Total: 2,085,000
[2025-09-20T19:20:32.690+0000] {01_Bronce.py:223} INFO - Processing chunk 140 with 15000 rows
[2025-09-20T19:20:37.167+0000] {01_Bronce.py:324} INFO - Loaded chunk: 15,000 rows. Total: 2,100,000
[2025-09-20T19:20:37.433+0000] {01_Bronce.py:223} INFO - Processing chunk 141 with 15000 rows
[2025-09-20T19:20:42.060+0000] {01_Bronce.py:324} INFO - Loaded chunk: 15,000 rows. Total: 2,115,000
[2025-09-20T19:20:42.363+0000] {01_Bronce.py:223} INFO - Processing chunk 142 with 15000 rows
[2025-09-20T19:20:46.587+0000] {01_Bronce.py:324} INFO - Loaded chunk: 15,000 rows. Total: 2,130,000
[2025-09-20T19:20:47.139+0000] {01_Bronce.py:223} INFO - Processing chunk 143 with 15000 rows
[2025-09-20T19:20:55.037+0000] {01_Bronce.py:324} INFO - Loaded chunk: 15,000 rows. Total: 2,145,000
[2025-09-20T19:20:55.311+0000] {01_Bronce.py:223} INFO - Processing chunk 144 with 15000 rows
[2025-09-20T19:20:59.331+0000] {01_Bronce.py:324} INFO - Loaded chunk: 15,000 rows. Total: 2,160,000
[2025-09-20T19:20:59.578+0000] {01_Bronce.py:223} INFO - Processing chunk 145 with 15000 rows
[2025-09-20T19:21:04.377+0000] {01_Bronce.py:324} INFO - Loaded chunk: 15,000 rows. Total: 2,175,000
[2025-09-20T19:21:04.771+0000] {01_Bronce.py:223} INFO - Processing chunk 146 with 15000 rows
[2025-09-20T19:21:09.308+0000] {01_Bronce.py:324} INFO - Loaded chunk: 15,000 rows. Total: 2,190,000
[2025-09-20T19:21:09.555+0000] {01_Bronce.py:223} INFO - Processing chunk 147 with 15000 rows
[2025-09-20T19:21:14.056+0000] {01_Bronce.py:324} INFO - Loaded chunk: 15,000 rows. Total: 2,205,000
[2025-09-20T19:21:14.335+0000] {01_Bronce.py:223} INFO - Processing chunk 148 with 15000 rows
[2025-09-20T19:21:18.630+0000] {01_Bronce.py:324} INFO - Loaded chunk: 15,000 rows. Total: 2,220,000
[2025-09-20T19:21:18.940+0000] {01_Bronce.py:223} INFO - Processing chunk 149 with 15000 rows
[2025-09-20T19:21:23.402+0000] {01_Bronce.py:324} INFO - Loaded chunk: 15,000 rows. Total: 2,235,000
[2025-09-20T19:21:23.704+0000] {01_Bronce.py:223} INFO - Processing chunk 150 with 15000 rows
[2025-09-20T19:21:31.752+0000] {01_Bronce.py:324} INFO - Loaded chunk: 15,000 rows. Total: 2,250,000
[2025-09-20T19:21:32.106+0000] {01_Bronce.py:223} INFO - Processing chunk 151 with 15000 rows
[2025-09-20T19:21:37.581+0000] {01_Bronce.py:324} INFO - Loaded chunk: 15,000 rows. Total: 2,265,000
[2025-09-20T19:21:37.859+0000] {01_Bronce.py:223} INFO - Processing chunk 152 with 15000 rows
[2025-09-20T19:21:42.308+0000] {01_Bronce.py:324} INFO - Loaded chunk: 15,000 rows. Total: 2,280,000
[2025-09-20T19:21:42.585+0000] {01_Bronce.py:223} INFO - Processing chunk 153 with 15000 rows
[2025-09-20T19:21:47.205+0000] {01_Bronce.py:324} INFO - Loaded chunk: 15,000 rows. Total: 2,295,000
[2025-09-20T19:21:47.530+0000] {01_Bronce.py:223} INFO - Processing chunk 154 with 15000 rows
[2025-09-20T19:21:52.111+0000] {01_Bronce.py:324} INFO - Loaded chunk: 15,000 rows. Total: 2,310,000
[2025-09-20T19:21:52.384+0000] {01_Bronce.py:223} INFO - Processing chunk 155 with 15000 rows
[2025-09-20T19:21:56.723+0000] {01_Bronce.py:324} INFO - Loaded chunk: 15,000 rows. Total: 2,325,000
[2025-09-20T19:21:56.977+0000] {01_Bronce.py:223} INFO - Processing chunk 156 with 15000 rows
[2025-09-20T19:22:04.934+0000] {01_Bronce.py:324} INFO - Loaded chunk: 15,000 rows. Total: 2,340,000
[2025-09-20T19:22:05.166+0000] {01_Bronce.py:223} INFO - Processing chunk 157 with 15000 rows
[2025-09-20T19:22:09.104+0000] {01_Bronce.py:324} INFO - Loaded chunk: 15,000 rows. Total: 2,355,000
[2025-09-20T19:22:09.362+0000] {01_Bronce.py:223} INFO - Processing chunk 158 with 15000 rows
[2025-09-20T19:22:13.516+0000] {01_Bronce.py:324} INFO - Loaded chunk: 15,000 rows. Total: 2,370,000
[2025-09-20T19:22:13.892+0000] {01_Bronce.py:223} INFO - Processing chunk 159 with 15000 rows
[2025-09-20T19:22:18.370+0000] {01_Bronce.py:324} INFO - Loaded chunk: 15,000 rows. Total: 2,385,000
[2025-09-20T19:22:18.716+0000] {01_Bronce.py:223} INFO - Processing chunk 160 with 15000 rows
[2025-09-20T19:22:23.132+0000] {01_Bronce.py:324} INFO - Loaded chunk: 15,000 rows. Total: 2,400,000
[2025-09-20T19:22:23.366+0000] {01_Bronce.py:223} INFO - Processing chunk 161 with 15000 rows
[2025-09-20T19:22:27.912+0000] {01_Bronce.py:324} INFO - Loaded chunk: 15,000 rows. Total: 2,415,000
[2025-09-20T19:22:28.298+0000] {01_Bronce.py:223} INFO - Processing chunk 162 with 15000 rows
[2025-09-20T19:22:33.002+0000] {01_Bronce.py:324} INFO - Loaded chunk: 15,000 rows. Total: 2,430,000
[2025-09-20T19:22:33.301+0000] {01_Bronce.py:223} INFO - Processing chunk 163 with 15000 rows
[2025-09-20T19:22:42.189+0000] {01_Bronce.py:324} INFO - Loaded chunk: 15,000 rows. Total: 2,445,000
[2025-09-20T19:22:42.496+0000] {01_Bronce.py:223} INFO - Processing chunk 164 with 15000 rows
[2025-09-20T19:22:49.959+0000] {01_Bronce.py:324} INFO - Loaded chunk: 15,000 rows. Total: 2,460,000
[2025-09-20T19:22:50.395+0000] {01_Bronce.py:223} INFO - Processing chunk 165 with 15000 rows
[2025-09-20T19:22:58.858+0000] {01_Bronce.py:324} INFO - Loaded chunk: 15,000 rows. Total: 2,475,000
[2025-09-20T19:22:59.245+0000] {01_Bronce.py:223} INFO - Processing chunk 166 with 15000 rows
[2025-09-20T19:23:08.218+0000] {01_Bronce.py:324} INFO - Loaded chunk: 15,000 rows. Total: 2,490,000
[2025-09-20T19:23:08.526+0000] {01_Bronce.py:223} INFO - Processing chunk 167 with 15000 rows
[2025-09-20T19:23:16.639+0000] {01_Bronce.py:324} INFO - Loaded chunk: 15,000 rows. Total: 2,505,000
[2025-09-20T19:23:16.895+0000] {01_Bronce.py:223} INFO - Processing chunk 168 with 15000 rows
[2025-09-20T19:23:21.551+0000] {01_Bronce.py:324} INFO - Loaded chunk: 15,000 rows. Total: 2,520,000
[2025-09-20T19:23:21.837+0000] {01_Bronce.py:223} INFO - Processing chunk 169 with 15000 rows
[2025-09-20T19:23:26.662+0000] {01_Bronce.py:324} INFO - Loaded chunk: 15,000 rows. Total: 2,535,000
[2025-09-20T19:23:26.956+0000] {01_Bronce.py:223} INFO - Processing chunk 170 with 15000 rows
[2025-09-20T19:23:31.482+0000] {01_Bronce.py:324} INFO - Loaded chunk: 15,000 rows. Total: 2,550,000
[2025-09-20T19:23:31.766+0000] {01_Bronce.py:223} INFO - Processing chunk 171 with 15000 rows
[2025-09-20T19:23:36.413+0000] {01_Bronce.py:324} INFO - Loaded chunk: 15,000 rows. Total: 2,565,000
[2025-09-20T19:23:36.716+0000] {01_Bronce.py:223} INFO - Processing chunk 172 with 15000 rows
[2025-09-20T19:23:41.720+0000] {01_Bronce.py:324} INFO - Loaded chunk: 15,000 rows. Total: 2,580,000
[2025-09-20T19:23:42.115+0000] {01_Bronce.py:223} INFO - Processing chunk 173 with 15000 rows
[2025-09-20T19:23:46.862+0000] {01_Bronce.py:324} INFO - Loaded chunk: 15,000 rows. Total: 2,595,000
[2025-09-20T19:23:47.181+0000] {01_Bronce.py:223} INFO - Processing chunk 174 with 15000 rows
[2025-09-20T19:23:55.772+0000] {01_Bronce.py:324} INFO - Loaded chunk: 15,000 rows. Total: 2,610,000
[2025-09-20T19:23:56.166+0000] {01_Bronce.py:223} INFO - Processing chunk 175 with 15000 rows
[2025-09-20T19:24:01.160+0000] {01_Bronce.py:324} INFO - Loaded chunk: 15,000 rows. Total: 2,625,000
[2025-09-20T19:24:01.426+0000] {01_Bronce.py:223} INFO - Processing chunk 176 with 15000 rows
[2025-09-20T19:24:06.681+0000] {01_Bronce.py:324} INFO - Loaded chunk: 15,000 rows. Total: 2,640,000
[2025-09-20T19:24:07.007+0000] {01_Bronce.py:223} INFO - Processing chunk 177 with 15000 rows
[2025-09-20T19:24:11.983+0000] {01_Bronce.py:324} INFO - Loaded chunk: 15,000 rows. Total: 2,655,000
[2025-09-20T19:24:12.247+0000] {01_Bronce.py:223} INFO - Processing chunk 178 with 15000 rows
[2025-09-20T19:24:17.204+0000] {01_Bronce.py:324} INFO - Loaded chunk: 15,000 rows. Total: 2,670,000
[2025-09-20T19:24:17.479+0000] {01_Bronce.py:223} INFO - Processing chunk 179 with 15000 rows
[2025-09-20T19:24:22.240+0000] {01_Bronce.py:324} INFO - Loaded chunk: 15,000 rows. Total: 2,685,000
[2025-09-20T19:24:22.496+0000] {01_Bronce.py:223} INFO - Processing chunk 180 with 15000 rows
[2025-09-20T19:24:30.906+0000] {01_Bronce.py:324} INFO - Loaded chunk: 15,000 rows. Total: 2,700,000
[2025-09-20T19:24:31.309+0000] {01_Bronce.py:223} INFO - Processing chunk 181 with 15000 rows
[2025-09-20T19:24:36.257+0000] {01_Bronce.py:324} INFO - Loaded chunk: 15,000 rows. Total: 2,715,000
[2025-09-20T19:24:36.547+0000] {01_Bronce.py:223} INFO - Processing chunk 182 with 15000 rows
[2025-09-20T19:24:40.959+0000] {01_Bronce.py:324} INFO - Loaded chunk: 15,000 rows. Total: 2,730,000
[2025-09-20T19:24:41.264+0000] {01_Bronce.py:223} INFO - Processing chunk 183 with 15000 rows
[2025-09-20T19:24:45.493+0000] {01_Bronce.py:324} INFO - Loaded chunk: 15,000 rows. Total: 2,745,000
[2025-09-20T19:24:45.757+0000] {01_Bronce.py:223} INFO - Processing chunk 184 with 15000 rows
[2025-09-20T19:24:50.323+0000] {01_Bronce.py:324} INFO - Loaded chunk: 15,000 rows. Total: 2,760,000
[2025-09-20T19:24:50.586+0000] {01_Bronce.py:223} INFO - Processing chunk 185 with 15000 rows
[2025-09-20T19:24:54.613+0000] {01_Bronce.py:324} INFO - Loaded chunk: 15,000 rows. Total: 2,775,000
[2025-09-20T19:24:54.849+0000] {01_Bronce.py:223} INFO - Processing chunk 186 with 15000 rows
[2025-09-20T19:25:02.977+0000] {01_Bronce.py:324} INFO - Loaded chunk: 15,000 rows. Total: 2,790,000
[2025-09-20T19:25:03.224+0000] {01_Bronce.py:223} INFO - Processing chunk 187 with 15000 rows
[2025-09-20T19:25:07.989+0000] {01_Bronce.py:324} INFO - Loaded chunk: 15,000 rows. Total: 2,805,000
[2025-09-20T19:25:08.596+0000] {01_Bronce.py:223} INFO - Processing chunk 188 with 15000 rows
[2025-09-20T19:25:13.146+0000] {01_Bronce.py:324} INFO - Loaded chunk: 15,000 rows. Total: 2,820,000
[2025-09-20T19:25:13.396+0000] {01_Bronce.py:223} INFO - Processing chunk 189 with 15000 rows
[2025-09-20T19:25:17.516+0000] {01_Bronce.py:324} INFO - Loaded chunk: 15,000 rows. Total: 2,835,000
[2025-09-20T19:25:17.851+0000] {01_Bronce.py:223} INFO - Processing chunk 190 with 15000 rows
[2025-09-20T19:25:22.547+0000] {01_Bronce.py:324} INFO - Loaded chunk: 15,000 rows. Total: 2,850,000
[2025-09-20T19:25:22.906+0000] {01_Bronce.py:223} INFO - Processing chunk 191 with 15000 rows
[2025-09-20T19:25:27.717+0000] {01_Bronce.py:324} INFO - Loaded chunk: 15,000 rows. Total: 2,865,000
[2025-09-20T19:25:27.998+0000] {01_Bronce.py:223} INFO - Processing chunk 192 with 15000 rows
[2025-09-20T19:25:32.880+0000] {01_Bronce.py:324} INFO - Loaded chunk: 15,000 rows. Total: 2,880,000
[2025-09-20T19:25:33.196+0000] {01_Bronce.py:223} INFO - Processing chunk 193 with 15000 rows
[2025-09-20T19:25:41.487+0000] {01_Bronce.py:324} INFO - Loaded chunk: 15,000 rows. Total: 2,895,000
[2025-09-20T19:25:41.837+0000] {01_Bronce.py:223} INFO - Processing chunk 194 with 15000 rows
[2025-09-20T19:25:46.887+0000] {01_Bronce.py:324} INFO - Loaded chunk: 15,000 rows. Total: 2,910,000
[2025-09-20T19:25:47.188+0000] {01_Bronce.py:223} INFO - Processing chunk 195 with 15000 rows
[2025-09-20T19:25:51.987+0000] {01_Bronce.py:324} INFO - Loaded chunk: 15,000 rows. Total: 2,925,000
[2025-09-20T19:25:52.284+0000] {01_Bronce.py:223} INFO - Processing chunk 196 with 15000 rows
[2025-09-20T19:25:57.144+0000] {01_Bronce.py:324} INFO - Loaded chunk: 15,000 rows. Total: 2,940,000
[2025-09-20T19:25:57.476+0000] {01_Bronce.py:223} INFO - Processing chunk 197 with 15000 rows
[2025-09-20T19:26:01.999+0000] {01_Bronce.py:324} INFO - Loaded chunk: 15,000 rows. Total: 2,955,000
[2025-09-20T19:26:02.381+0000] {01_Bronce.py:223} INFO - Processing chunk 198 with 15000 rows
[2025-09-20T19:26:06.705+0000] {01_Bronce.py:324} INFO - Loaded chunk: 15,000 rows. Total: 2,970,000
[2025-09-20T19:26:07.114+0000] {01_Bronce.py:223} INFO - Processing chunk 199 with 15000 rows
[2025-09-20T19:26:15.902+0000] {01_Bronce.py:324} INFO - Loaded chunk: 15,000 rows. Total: 2,985,000
[2025-09-20T19:26:16.266+0000] {01_Bronce.py:223} INFO - Processing chunk 200 with 15000 rows
[2025-09-20T19:26:20.728+0000] {01_Bronce.py:324} INFO - Loaded chunk: 15,000 rows. Total: 3,000,000
[2025-09-20T19:26:21.102+0000] {01_Bronce.py:223} INFO - Processing chunk 201 with 15000 rows
[2025-09-20T19:26:26.642+0000] {01_Bronce.py:324} INFO - Loaded chunk: 15,000 rows. Total: 3,015,000
[2025-09-20T19:26:26.952+0000] {01_Bronce.py:223} INFO - Processing chunk 202 with 15000 rows
[2025-09-20T19:26:32.098+0000] {01_Bronce.py:324} INFO - Loaded chunk: 15,000 rows. Total: 3,030,000
[2025-09-20T19:26:32.429+0000] {01_Bronce.py:223} INFO - Processing chunk 203 with 15000 rows
[2025-09-20T19:26:37.333+0000] {01_Bronce.py:324} INFO - Loaded chunk: 15,000 rows. Total: 3,045,000
[2025-09-20T19:26:37.703+0000] {01_Bronce.py:223} INFO - Processing chunk 204 with 15000 rows
[2025-09-20T19:26:43.183+0000] {01_Bronce.py:324} INFO - Loaded chunk: 15,000 rows. Total: 3,060,000
[2025-09-20T19:26:43.454+0000] {01_Bronce.py:223} INFO - Processing chunk 205 with 15000 rows
[2025-09-20T19:26:51.907+0000] {01_Bronce.py:324} INFO - Loaded chunk: 15,000 rows. Total: 3,075,000
[2025-09-20T19:26:52.193+0000] {01_Bronce.py:223} INFO - Processing chunk 206 with 15000 rows
[2025-09-20T19:26:56.713+0000] {01_Bronce.py:324} INFO - Loaded chunk: 15,000 rows. Total: 3,090,000
[2025-09-20T19:26:57.022+0000] {01_Bronce.py:223} INFO - Processing chunk 207 with 15000 rows
[2025-09-20T19:27:01.368+0000] {01_Bronce.py:324} INFO - Loaded chunk: 15,000 rows. Total: 3,105,000
[2025-09-20T19:27:01.702+0000] {01_Bronce.py:223} INFO - Processing chunk 208 with 15000 rows
[2025-09-20T19:27:06.167+0000] {01_Bronce.py:324} INFO - Loaded chunk: 15,000 rows. Total: 3,120,000
[2025-09-20T19:27:06.421+0000] {01_Bronce.py:223} INFO - Processing chunk 209 with 15000 rows
[2025-09-20T19:27:10.982+0000] {01_Bronce.py:324} INFO - Loaded chunk: 15,000 rows. Total: 3,135,000
[2025-09-20T19:27:11.316+0000] {01_Bronce.py:223} INFO - Processing chunk 210 with 15000 rows
[2025-09-20T19:27:16.018+0000] {01_Bronce.py:324} INFO - Loaded chunk: 15,000 rows. Total: 3,150,000
[2025-09-20T19:27:16.300+0000] {01_Bronce.py:223} INFO - Processing chunk 211 with 15000 rows
[2025-09-20T19:27:21.122+0000] {01_Bronce.py:324} INFO - Loaded chunk: 15,000 rows. Total: 3,165,000
[2025-09-20T19:27:21.371+0000] {01_Bronce.py:223} INFO - Processing chunk 212 with 15000 rows
[2025-09-20T19:27:29.808+0000] {01_Bronce.py:324} INFO - Loaded chunk: 15,000 rows. Total: 3,180,000
[2025-09-20T19:27:30.085+0000] {01_Bronce.py:223} INFO - Processing chunk 213 with 15000 rows
[2025-09-20T19:27:34.466+0000] {01_Bronce.py:324} INFO - Loaded chunk: 15,000 rows. Total: 3,195,000
[2025-09-20T19:27:34.758+0000] {01_Bronce.py:223} INFO - Processing chunk 214 with 15000 rows
[2025-09-20T19:27:39.428+0000] {01_Bronce.py:324} INFO - Loaded chunk: 15,000 rows. Total: 3,210,000
[2025-09-20T19:27:39.759+0000] {01_Bronce.py:223} INFO - Processing chunk 215 with 15000 rows
[2025-09-20T19:27:44.652+0000] {01_Bronce.py:324} INFO - Loaded chunk: 15,000 rows. Total: 3,225,000
[2025-09-20T19:27:45.102+0000] {01_Bronce.py:223} INFO - Processing chunk 216 with 15000 rows
[2025-09-20T19:27:49.503+0000] {01_Bronce.py:324} INFO - Loaded chunk: 15,000 rows. Total: 3,240,000
[2025-09-20T19:27:49.890+0000] {01_Bronce.py:223} INFO - Processing chunk 217 with 15000 rows
[2025-09-20T19:27:54.172+0000] {01_Bronce.py:324} INFO - Loaded chunk: 15,000 rows. Total: 3,255,000
[2025-09-20T19:27:54.454+0000] {01_Bronce.py:223} INFO - Processing chunk 218 with 15000 rows
[2025-09-20T19:28:02.495+0000] {01_Bronce.py:324} INFO - Loaded chunk: 15,000 rows. Total: 3,270,000
[2025-09-20T19:28:02.825+0000] {01_Bronce.py:223} INFO - Processing chunk 219 with 15000 rows
[2025-09-20T19:28:07.203+0000] {01_Bronce.py:324} INFO - Loaded chunk: 15,000 rows. Total: 3,285,000
[2025-09-20T19:28:07.454+0000] {01_Bronce.py:223} INFO - Processing chunk 220 with 15000 rows
[2025-09-20T19:28:11.973+0000] {01_Bronce.py:324} INFO - Loaded chunk: 15,000 rows. Total: 3,300,000
[2025-09-20T19:28:12.270+0000] {01_Bronce.py:223} INFO - Processing chunk 221 with 15000 rows
[2025-09-20T19:28:17.201+0000] {01_Bronce.py:324} INFO - Loaded chunk: 15,000 rows. Total: 3,315,000
[2025-09-20T19:28:17.455+0000] {01_Bronce.py:223} INFO - Processing chunk 222 with 15000 rows
[2025-09-20T19:28:22.269+0000] {01_Bronce.py:324} INFO - Loaded chunk: 15,000 rows. Total: 3,330,000
[2025-09-20T19:28:22.524+0000] {01_Bronce.py:223} INFO - Processing chunk 223 with 15000 rows
[2025-09-20T19:28:26.893+0000] {01_Bronce.py:324} INFO - Loaded chunk: 15,000 rows. Total: 3,345,000
[2025-09-20T19:28:27.196+0000] {01_Bronce.py:223} INFO - Processing chunk 224 with 15000 rows
[2025-09-20T19:28:31.762+0000] {01_Bronce.py:324} INFO - Loaded chunk: 15,000 rows. Total: 3,360,000
[2025-09-20T19:28:32.099+0000] {01_Bronce.py:223} INFO - Processing chunk 225 with 15000 rows
[2025-09-20T19:28:40.530+0000] {01_Bronce.py:324} INFO - Loaded chunk: 15,000 rows. Total: 3,375,000
[2025-09-20T19:28:40.870+0000] {01_Bronce.py:223} INFO - Processing chunk 226 with 15000 rows
[2025-09-20T19:28:45.872+0000] {01_Bronce.py:324} INFO - Loaded chunk: 15,000 rows. Total: 3,390,000
[2025-09-20T19:28:46.267+0000] {01_Bronce.py:223} INFO - Processing chunk 227 with 15000 rows
[2025-09-20T19:28:51.341+0000] {01_Bronce.py:324} INFO - Loaded chunk: 15,000 rows. Total: 3,405,000
[2025-09-20T19:28:51.672+0000] {01_Bronce.py:223} INFO - Processing chunk 228 with 15000 rows
[2025-09-20T19:28:56.332+0000] {01_Bronce.py:324} INFO - Loaded chunk: 15,000 rows. Total: 3,420,000
[2025-09-20T19:28:56.600+0000] {01_Bronce.py:223} INFO - Processing chunk 229 with 15000 rows
[2025-09-20T19:29:01.277+0000] {01_Bronce.py:324} INFO - Loaded chunk: 15,000 rows. Total: 3,435,000
[2025-09-20T19:29:01.575+0000] {01_Bronce.py:223} INFO - Processing chunk 230 with 15000 rows
[2025-09-20T19:29:06.569+0000] {01_Bronce.py:324} INFO - Loaded chunk: 15,000 rows. Total: 3,450,000
[2025-09-20T19:29:06.879+0000] {01_Bronce.py:223} INFO - Processing chunk 231 with 15000 rows
[2025-09-20T19:29:15.620+0000] {01_Bronce.py:324} INFO - Loaded chunk: 15,000 rows. Total: 3,465,000
[2025-09-20T19:29:15.961+0000] {01_Bronce.py:223} INFO - Processing chunk 232 with 15000 rows
[2025-09-20T19:29:21.078+0000] {01_Bronce.py:324} INFO - Loaded chunk: 15,000 rows. Total: 3,480,000
[2025-09-20T19:29:21.453+0000] {01_Bronce.py:223} INFO - Processing chunk 233 with 15000 rows
[2025-09-20T19:29:26.643+0000] {01_Bronce.py:324} INFO - Loaded chunk: 15,000 rows. Total: 3,495,000
[2025-09-20T19:29:27.002+0000] {01_Bronce.py:223} INFO - Processing chunk 234 with 15000 rows
[2025-09-20T19:29:32.493+0000] {01_Bronce.py:324} INFO - Loaded chunk: 15,000 rows. Total: 3,510,000
[2025-09-20T19:29:32.876+0000] {01_Bronce.py:223} INFO - Processing chunk 235 with 15000 rows
[2025-09-20T19:29:39.078+0000] {01_Bronce.py:324} INFO - Loaded chunk: 15,000 rows. Total: 3,525,000
[2025-09-20T19:29:39.394+0000] {01_Bronce.py:223} INFO - Processing chunk 236 with 15000 rows
[2025-09-20T19:29:45.583+0000] {01_Bronce.py:324} INFO - Loaded chunk: 15,000 rows. Total: 3,540,000
[2025-09-20T19:29:49.485+0000] {01_Bronce.py:223} INFO - Processing chunk 237 with 15000 rows
[2025-09-20T19:29:55.015+0000] {01_Bronce.py:324} INFO - Loaded chunk: 15,000 rows. Total: 3,555,000
[2025-09-20T19:29:55.325+0000] {01_Bronce.py:223} INFO - Processing chunk 238 with 15000 rows
[2025-09-20T19:30:00.950+0000] {01_Bronce.py:324} INFO - Loaded chunk: 15,000 rows. Total: 3,570,000
[2025-09-20T19:30:01.248+0000] {01_Bronce.py:223} INFO - Processing chunk 239 with 15000 rows
[2025-09-20T19:30:07.854+0000] {01_Bronce.py:324} INFO - Loaded chunk: 15,000 rows. Total: 3,585,000
[2025-09-20T19:30:08.125+0000] {01_Bronce.py:223} INFO - Processing chunk 240 with 15000 rows
[2025-09-20T19:30:14.455+0000] {01_Bronce.py:324} INFO - Loaded chunk: 15,000 rows. Total: 3,600,000
[2025-09-20T19:30:14.782+0000] {01_Bronce.py:223} INFO - Processing chunk 241 with 15000 rows
[2025-09-20T19:30:20.302+0000] {01_Bronce.py:324} INFO - Loaded chunk: 15,000 rows. Total: 3,615,000
[2025-09-20T19:30:20.663+0000] {01_Bronce.py:223} INFO - Processing chunk 242 with 15000 rows
[2025-09-20T19:30:29.886+0000] {01_Bronce.py:324} INFO - Loaded chunk: 15,000 rows. Total: 3,630,000
[2025-09-20T19:30:30.261+0000] {01_Bronce.py:223} INFO - Processing chunk 243 with 15000 rows
[2025-09-20T19:30:36.347+0000] {01_Bronce.py:324} INFO - Loaded chunk: 15,000 rows. Total: 3,645,000
[2025-09-20T19:30:36.753+0000] {01_Bronce.py:223} INFO - Processing chunk 244 with 15000 rows
[2025-09-20T19:30:43.156+0000] {01_Bronce.py:324} INFO - Loaded chunk: 15,000 rows. Total: 3,660,000
[2025-09-20T19:30:43.639+0000] {01_Bronce.py:223} INFO - Processing chunk 245 with 15000 rows
[2025-09-20T19:30:52.117+0000] {01_Bronce.py:324} INFO - Loaded chunk: 15,000 rows. Total: 3,675,000
[2025-09-20T19:30:52.543+0000] {01_Bronce.py:223} INFO - Processing chunk 246 with 15000 rows
[2025-09-20T19:31:01.775+0000] {01_Bronce.py:324} INFO - Loaded chunk: 15,000 rows. Total: 3,690,000
[2025-09-20T19:31:02.116+0000] {01_Bronce.py:223} INFO - Processing chunk 247 with 15000 rows
[2025-09-20T19:31:08.678+0000] {01_Bronce.py:324} INFO - Loaded chunk: 15,000 rows. Total: 3,705,000
[2025-09-20T19:31:09.098+0000] {01_Bronce.py:223} INFO - Processing chunk 248 with 15000 rows
[2025-09-20T19:31:17.312+0000] {01_Bronce.py:324} INFO - Loaded chunk: 15,000 rows. Total: 3,720,000
[2025-09-20T19:31:17.708+0000] {01_Bronce.py:223} INFO - Processing chunk 249 with 15000 rows
[2025-09-20T19:31:25.226+0000] {01_Bronce.py:324} INFO - Loaded chunk: 15,000 rows. Total: 3,735,000
[2025-09-20T19:31:25.559+0000] {01_Bronce.py:223} INFO - Processing chunk 250 with 15000 rows
[2025-09-20T19:31:33.151+0000] {01_Bronce.py:324} INFO - Loaded chunk: 15,000 rows. Total: 3,750,000
[2025-09-20T19:31:37.015+0000] {01_Bronce.py:223} INFO - Processing chunk 251 with 15000 rows
[2025-09-20T19:31:43.866+0000] {01_Bronce.py:324} INFO - Loaded chunk: 15,000 rows. Total: 3,765,000
[2025-09-20T19:31:44.409+0000] {01_Bronce.py:223} INFO - Processing chunk 252 with 15000 rows
[2025-09-20T19:31:51.990+0000] {01_Bronce.py:324} INFO - Loaded chunk: 15,000 rows. Total: 3,780,000
[2025-09-20T19:31:52.389+0000] {01_Bronce.py:223} INFO - Processing chunk 253 with 15000 rows
[2025-09-20T19:31:58.451+0000] {01_Bronce.py:324} INFO - Loaded chunk: 15,000 rows. Total: 3,795,000
[2025-09-20T19:31:58.781+0000] {01_Bronce.py:223} INFO - Processing chunk 254 with 15000 rows
[2025-09-20T19:32:05.471+0000] {01_Bronce.py:324} INFO - Loaded chunk: 15,000 rows. Total: 3,810,000
[2025-09-20T19:32:05.773+0000] {01_Bronce.py:223} INFO - Processing chunk 255 with 15000 rows
[2025-09-20T19:32:15.176+0000] {01_Bronce.py:324} INFO - Loaded chunk: 15,000 rows. Total: 3,825,000
[2025-09-20T19:32:15.472+0000] {01_Bronce.py:223} INFO - Processing chunk 256 with 15000 rows
[2025-09-20T19:32:21.517+0000] {01_Bronce.py:324} INFO - Loaded chunk: 15,000 rows. Total: 3,840,000
[2025-09-20T19:32:21.869+0000] {01_Bronce.py:223} INFO - Processing chunk 257 with 15000 rows
[2025-09-20T19:32:28.289+0000] {01_Bronce.py:324} INFO - Loaded chunk: 15,000 rows. Total: 3,855,000
[2025-09-20T19:32:28.652+0000] {01_Bronce.py:223} INFO - Processing chunk 258 with 15000 rows
[2025-09-20T19:32:36.560+0000] {01_Bronce.py:324} INFO - Loaded chunk: 15,000 rows. Total: 3,870,000
[2025-09-20T19:32:37.064+0000] {01_Bronce.py:223} INFO - Processing chunk 259 with 15000 rows
[2025-09-20T19:32:44.271+0000] {01_Bronce.py:324} INFO - Loaded chunk: 15,000 rows. Total: 3,885,000
[2025-09-20T19:32:44.982+0000] {01_Bronce.py:223} INFO - Processing chunk 260 with 15000 rows
