[2025-09-20T17:46:55.486+0000] {local_task_job_runner.py:123} INFO - ::group::Pre task execution logs
[2025-09-20T17:46:55.590+0000] {taskinstance.py:2614} INFO - Dependencies all met for dep_context=non-requeueable deps ti=<TaskInstance: bronze_full_load_spaceparts.extract_load_fact_Invoices scheduled__2024-01-01T00:00:00+00:00 [queued]>
[2025-09-20T17:46:55.641+0000] {taskinstance.py:2614} INFO - Dependencies all met for dep_context=requeueable deps ti=<TaskInstance: bronze_full_load_spaceparts.extract_load_fact_Invoices scheduled__2024-01-01T00:00:00+00:00 [queued]>
[2025-09-20T17:46:55.641+0000] {taskinstance.py:2867} INFO - Starting attempt 1 of 3
[2025-09-20T17:46:55.720+0000] {taskinstance.py:2890} INFO - Executing <Task(PythonOperator): extract_load_fact_Invoices> on 2024-01-01 00:00:00+00:00
[2025-09-20T17:46:55.732+0000] {standard_task_runner.py:72} INFO - Started process 196 to run task
[2025-09-20T17:46:55.772+0000] {standard_task_runner.py:104} INFO - Running: ['***', 'tasks', 'run', 'bronze_full_load_spaceparts', 'extract_load_fact_Invoices', 'scheduled__2024-01-01T00:00:00+00:00', '--job-id', '29', '--raw', '--subdir', 'DAGS_FOLDER/01_Bronce.py', '--cfg-path', '/tmp/tmp4f3leo4g']
[2025-09-20T17:46:56.221+0000] {standard_task_runner.py:105} INFO - Job 29: Subtask extract_load_fact_Invoices
[2025-09-20T17:46:58.321+0000] {task_command.py:467} INFO - Running <TaskInstance: bronze_full_load_spaceparts.extract_load_fact_Invoices scheduled__2024-01-01T00:00:00+00:00 [running]> on host c1c330a5988a
[2025-09-20T17:46:58.597+0000] {taskinstance.py:3134} INFO - Exporting env vars: AIRFLOW_CTX_DAG_OWNER='data-team' AIRFLOW_CTX_DAG_ID='bronze_full_load_spaceparts' AIRFLOW_CTX_TASK_ID='extract_load_fact_Invoices' AIRFLOW_CTX_EXECUTION_DATE='2024-01-01T00:00:00+00:00' AIRFLOW_CTX_TRY_NUMBER='1' AIRFLOW_CTX_DAG_RUN_ID='scheduled__2024-01-01T00:00:00+00:00'
[2025-09-20T17:46:58.602+0000] {taskinstance.py:732} INFO - ::endgroup::
[2025-09-20T17:46:58.636+0000] {01_Bronce.py:321} INFO - Starting extraction for table: fact.Invoices
[2025-09-20T17:47:01.831+0000] {01_Bronce.py:333} INFO - Table fact.Invoices has 18,459,441 rows
[2025-09-20T17:47:01.832+0000] {01_Bronce.py:347} INFO - Extracting data from fact.Invoices
[2025-09-20T18:02:24.334+0000] {local_task_job_runner.py:123} INFO - ::group::Pre task execution logs
[2025-09-20T18:02:24.372+0000] {taskinstance.py:2614} INFO - Dependencies all met for dep_context=non-requeueable deps ti=<TaskInstance: bronze_full_load_spaceparts.extract_load_fact_Invoices scheduled__2024-01-01T00:00:00+00:00 [queued]>
[2025-09-20T18:02:24.386+0000] {taskinstance.py:2614} INFO - Dependencies all met for dep_context=requeueable deps ti=<TaskInstance: bronze_full_load_spaceparts.extract_load_fact_Invoices scheduled__2024-01-01T00:00:00+00:00 [queued]>
[2025-09-20T18:02:24.387+0000] {taskinstance.py:2867} INFO - Starting attempt 1 of 3
[2025-09-20T18:02:24.407+0000] {taskinstance.py:2890} INFO - Executing <Task(PythonOperator): extract_load_fact_Invoices> on 2024-01-01 00:00:00+00:00
[2025-09-20T18:02:24.412+0000] {standard_task_runner.py:72} INFO - Started process 128 to run task
[2025-09-20T18:02:24.422+0000] {standard_task_runner.py:104} INFO - Running: ['***', 'tasks', 'run', 'bronze_full_load_spaceparts', 'extract_load_fact_Invoices', 'scheduled__2024-01-01T00:00:00+00:00', '--job-id', '60', '--raw', '--subdir', 'DAGS_FOLDER/01_Bronce.py', '--cfg-path', '/tmp/tmp_as3a8tt']
[2025-09-20T18:02:24.425+0000] {standard_task_runner.py:105} INFO - Job 60: Subtask extract_load_fact_Invoices
[2025-09-20T18:02:24.762+0000] {task_command.py:467} INFO - Running <TaskInstance: bronze_full_load_spaceparts.extract_load_fact_Invoices scheduled__2024-01-01T00:00:00+00:00 [running]> on host dcfe59692ee1
[2025-09-20T18:02:24.862+0000] {taskinstance.py:3134} INFO - Exporting env vars: AIRFLOW_CTX_DAG_OWNER='data-team' AIRFLOW_CTX_DAG_ID='bronze_full_load_spaceparts' AIRFLOW_CTX_TASK_ID='extract_load_fact_Invoices' AIRFLOW_CTX_EXECUTION_DATE='2024-01-01T00:00:00+00:00' AIRFLOW_CTX_TRY_NUMBER='1' AIRFLOW_CTX_DAG_RUN_ID='scheduled__2024-01-01T00:00:00+00:00'
[2025-09-20T18:02:24.863+0000] {taskinstance.py:732} INFO - ::endgroup::
[2025-09-20T18:02:24.874+0000] {01_Bronce.py:326} INFO - Starting extraction for table: fact.Invoices
[2025-09-20T18:02:28.078+0000] {01_Bronce.py:338} INFO - Table fact.Invoices has 18,459,441 rows
[2025-09-20T18:02:28.081+0000] {01_Bronce.py:352} INFO - Extracting data from fact.Invoices
[2025-09-20T18:07:28.060+0000] {job.py:229} INFO - Heartbeat recovered after 11.05 seconds
[2025-09-20T18:08:29.047+0000] {job.py:229} INFO - Heartbeat recovered after 61.27 seconds
[2025-09-20T18:31:45.613+0000] {local_task_job_runner.py:123} INFO - ::group::Pre task execution logs
[2025-09-20T18:31:45.686+0000] {taskinstance.py:2614} INFO - Dependencies all met for dep_context=non-requeueable deps ti=<TaskInstance: bronze_full_load_spaceparts.extract_load_fact_Invoices scheduled__2024-01-01T00:00:00+00:00 [queued]>
[2025-09-20T18:31:45.715+0000] {taskinstance.py:2614} INFO - Dependencies all met for dep_context=requeueable deps ti=<TaskInstance: bronze_full_load_spaceparts.extract_load_fact_Invoices scheduled__2024-01-01T00:00:00+00:00 [queued]>
[2025-09-20T18:31:45.716+0000] {taskinstance.py:2867} INFO - Starting attempt 1 of 3
[2025-09-20T18:31:45.757+0000] {taskinstance.py:2890} INFO - Executing <Task(PythonOperator): extract_load_fact_Invoices> on 2024-01-01 00:00:00+00:00
[2025-09-20T18:31:45.770+0000] {standard_task_runner.py:72} INFO - Started process 199 to run task
[2025-09-20T18:31:45.792+0000] {standard_task_runner.py:104} INFO - Running: ['***', 'tasks', 'run', 'bronze_full_load_spaceparts', 'extract_load_fact_Invoices', 'scheduled__2024-01-01T00:00:00+00:00', '--job-id', '120', '--raw', '--subdir', 'DAGS_FOLDER/01_Bronce.py', '--cfg-path', '/tmp/tmpp9xcxlli']
[2025-09-20T18:31:45.807+0000] {standard_task_runner.py:105} INFO - Job 120: Subtask extract_load_fact_Invoices
[2025-09-20T18:31:46.330+0000] {task_command.py:467} INFO - Running <TaskInstance: bronze_full_load_spaceparts.extract_load_fact_Invoices scheduled__2024-01-01T00:00:00+00:00 [running]> on host 4c4d6e18e259
[2025-09-20T18:31:46.529+0000] {taskinstance.py:3134} INFO - Exporting env vars: AIRFLOW_CTX_DAG_OWNER='data-team' AIRFLOW_CTX_DAG_ID='bronze_full_load_spaceparts' AIRFLOW_CTX_TASK_ID='extract_load_fact_Invoices' AIRFLOW_CTX_EXECUTION_DATE='2024-01-01T00:00:00+00:00' AIRFLOW_CTX_TRY_NUMBER='1' AIRFLOW_CTX_DAG_RUN_ID='scheduled__2024-01-01T00:00:00+00:00'
[2025-09-20T18:31:46.530+0000] {taskinstance.py:732} INFO - ::endgroup::
[2025-09-20T18:31:46.547+0000] {01_Bronce.py:279} INFO - Starting extraction for table: fact.Invoices
[2025-09-20T18:31:49.662+0000] {01_Bronce.py:291} INFO - Table fact.Invoices has 18,459,441 rows
[2025-09-20T18:31:49.663+0000] {01_Bronce.py:305} INFO - Extracting data from fact.Invoices
[2025-09-20T18:37:23.851+0000] {01_Bronce.py:322} INFO - Loading 18459441 rows to bronze_fact_invoices
[2025-09-20T18:37:29.670+0000] {local_task_job_runner.py:266} INFO - Task exited with return code -9. For more information, see https://***.apache.org/docs/apache-***/stable/troubleshooting.html#LocalTaskJob-killed
[2025-09-20T18:37:29.986+0000] {taskinstance.py:3901} INFO - 0 downstream tasks scheduled from follow-on schedule check
[2025-09-20T18:37:29.989+0000] {local_task_job_runner.py:245} INFO - ::endgroup::
