[2025-09-20T18:59:11.952+0000] {local_task_job_runner.py:123} INFO - ::group::Pre task execution logs
[2025-09-20T18:59:11.986+0000] {taskinstance.py:2614} INFO - Dependencies all met for dep_context=non-requeueable deps ti=<TaskInstance: bronze_full_load_spaceparts_optimized.create_execution_summary scheduled__2024-01-01T00:00:00+00:00 [queued]>
[2025-09-20T18:59:12.012+0000] {taskinstance.py:2614} INFO - Dependencies all met for dep_context=requeueable deps ti=<TaskInstance: bronze_full_load_spaceparts_optimized.create_execution_summary scheduled__2024-01-01T00:00:00+00:00 [queued]>
[2025-09-20T18:59:12.013+0000] {taskinstance.py:2867} INFO - Starting attempt 1 of 3
[2025-09-20T18:59:12.024+0000] {taskinstance.py:2890} INFO - Executing <Task(PythonOperator): create_execution_summary> on 2024-01-01 00:00:00+00:00
[2025-09-20T18:59:12.027+0000] {standard_task_runner.py:72} INFO - Started process 185 to run task
[2025-09-20T18:59:12.030+0000] {standard_task_runner.py:104} INFO - Running: ['***', 'tasks', 'run', 'bronze_full_load_spaceparts_optimized', 'create_execution_summary', 'scheduled__2024-01-01T00:00:00+00:00', '--job-id', '171', '--raw', '--subdir', 'DAGS_FOLDER/01_Bronce.py', '--cfg-path', '/tmp/tmpiu1khcv0']
[2025-09-20T18:59:12.032+0000] {standard_task_runner.py:105} INFO - Job 171: Subtask create_execution_summary
[2025-09-20T18:59:12.320+0000] {task_command.py:467} INFO - Running <TaskInstance: bronze_full_load_spaceparts_optimized.create_execution_summary scheduled__2024-01-01T00:00:00+00:00 [running]> on host 050d5b6b4fc2
[2025-09-20T18:59:12.421+0000] {taskinstance.py:3134} INFO - Exporting env vars: AIRFLOW_CTX_DAG_OWNER='data-team' AIRFLOW_CTX_DAG_ID='bronze_full_load_spaceparts_optimized' AIRFLOW_CTX_TASK_ID='create_execution_summary' AIRFLOW_CTX_EXECUTION_DATE='2024-01-01T00:00:00+00:00' AIRFLOW_CTX_TRY_NUMBER='1' AIRFLOW_CTX_DAG_RUN_ID='scheduled__2024-01-01T00:00:00+00:00'
[2025-09-20T18:59:12.422+0000] {taskinstance.py:732} INFO - ::endgroup::
[2025-09-20T18:59:12.504+0000] {01_Bronce.py:494} INFO - Execution Summary for scheduled__2024-01-01T00:00:00+00:00:
[2025-09-20T18:59:12.504+0000] {01_Bronce.py:495} INFO -   Successful tables: 0
[2025-09-20T18:59:12.504+0000] {01_Bronce.py:496} INFO -   Failed tables: 14
[2025-09-20T18:59:12.504+0000] {01_Bronce.py:497} INFO -   Total records: 0
[2025-09-20T18:59:12.504+0000] {01_Bronce.py:498} INFO -   Status: completed_with_errors
[2025-09-20T18:59:12.515+0000] {python.py:240} INFO - Done. Returned value was: {'execution_id': 'scheduled__2024-01-01T00:00:00+00:00', 'execution_date': '2024-01-01T00:00:00+00:00', 'total_tables': 14, 'successful_tables': 0, 'failed_tables': 14, 'skipped_tables': 0, 'total_records': 0, 'status': 'completed_with_errors', 'results': [{'source_table': 'dim.Brands', 'bronze_table': 'bronze_dim_brands', 'record_count': 0, 'status': 'failed', 'error': "'Connection' object has no attribute 'commit'", 'extraction_time': '2025-09-20T18:58:52.412495'}, {'source_table': 'dim.Budget-Rate', 'bronze_table': 'bronze_dim_budget_rate', 'record_count': 0, 'status': 'failed', 'error': "'Connection' object has no attribute 'commit'", 'extraction_time': '2025-09-20T18:58:52.414130'}, {'source_table': 'dim.Customers', 'bronze_table': 'bronze_dim_customers', 'record_count': 0, 'status': 'failed', 'error': "'Connection' object has no attribute 'commit'", 'extraction_time': '2025-09-20T18:58:55.685887'}, {'source_table': 'dim.Employees', 'bronze_table': 'bronze_dim_employees', 'record_count': 0, 'status': 'failed', 'error': "'Connection' object has no attribute 'commit'", 'extraction_time': '2025-09-20T18:58:55.254617'}, {'source_table': 'dim.Exchange-Rate', 'bronze_table': 'bronze_dim_exchange_rate', 'record_count': 0, 'status': 'failed', 'error': "'Connection' object has no attribute 'commit'", 'extraction_time': '2025-09-20T18:59:10.718875'}, {'source_table': 'dim.Invoice-DocType', 'bronze_table': 'bronze_dim_invoice_doctype', 'record_count': 0, 'status': 'failed', 'error': "'Connection' object has no attribute 'commit'", 'extraction_time': '2025-09-20T18:58:52.419199'}, {'source_table': 'dim.Order-DocType', 'bronze_table': 'bronze_dim_order_doctype', 'record_count': 0, 'status': 'failed', 'error': "'Connection' object has no attribute 'commit'", 'extraction_time': '2025-09-20T18:58:52.381000'}, {'source_table': 'dim.Order-Status', 'bronze_table': 'bronze_dim_order_status', 'record_count': 0, 'status': 'failed', 'error': "'Connection' object has no attribute 'commit'", 'extraction_time': '2025-09-20T18:58:52.485932'}, {'source_table': 'dim.Products', 'bronze_table': 'bronze_dim_products', 'record_count': 0, 'status': 'failed', 'error': "'Connection' object has no attribute 'commit'", 'extraction_time': '2025-09-20T18:58:59.792058'}, {'source_table': 'dim.Regions', 'bronze_table': 'bronze_dim_regions', 'record_count': 0, 'status': 'failed', 'error': "'Connection' object has no attribute 'commit'", 'extraction_time': '2025-09-20T18:58:54.674774'}, {'source_table': 'fact.Budget', 'bronze_table': 'bronze_fact_budget', 'record_count': 0, 'status': 'failed', 'error': "'Connection' object has no attribute 'commit'", 'extraction_time': '2025-09-20T18:58:56.391886'}, {'source_table': 'fact.Forecast', 'bronze_table': 'bronze_fact_forecast', 'record_count': 0, 'status': 'failed', 'error': "'Connection' object has no attribute 'commit'", 'extraction_time': '2025-09-20T18:58:55.696433'}, {'source_table': 'fact.Invoices', 'bronze_table': 'bronze_fact_invoices', 'record_count': 0, 'status': 'failed', 'error': "'Connection' object has no attribute 'commit'", 'extraction_time': '2025-09-20T18:58:56.111085'}, {'source_table': 'fact.Orders', 'bronze_table': 'bronze_fact_orders', 'record_count': 0, 'status': 'failed', 'error': "'Connection' object has no attribute 'commit'", 'extraction_time': '2025-09-20T18:58:56.108373'}]}
[2025-09-20T18:59:12.534+0000] {taskinstance.py:341} INFO - ::group::Post task execution logs
[2025-09-20T18:59:12.534+0000] {taskinstance.py:353} INFO - Marking task as SUCCESS. dag_id=bronze_full_load_spaceparts_optimized, task_id=create_execution_summary, run_id=scheduled__2024-01-01T00:00:00+00:00, execution_date=20240101T000000, start_date=20250920T185911, end_date=20250920T185912
[2025-09-20T18:59:12.564+0000] {local_task_job_runner.py:266} INFO - Task exited with return code 0
[2025-09-20T18:59:12.812+0000] {taskinstance.py:3901} INFO - 0 downstream tasks scheduled from follow-on schedule check
[2025-09-20T18:59:12.817+0000] {local_task_job_runner.py:245} INFO - ::endgroup::
