[2025-09-20T19:46:07.310+0000] {manager.py:483} INFO - Processing files using up to 2 processes at a time 
[2025-09-20T19:46:07.310+0000] {manager.py:484} INFO - Process each file at most once every 30 seconds
[2025-09-20T19:46:07.311+0000] {manager.py:485} INFO - Checking for new files in /opt/airflow/dags every 300 seconds
[2025-09-20T19:46:07.311+0000] {manager.py:821} INFO - Searching for files in /opt/airflow/dags
[2025-09-20T19:46:07.312+0000] {manager.py:824} INFO - There are 1 files in /opt/airflow/dags
[2025-09-20T19:46:07.382+0000] {manager.py:997} INFO - 
================================================================================
DAG File Processing Stats

File Path                                           PID  Runtime      # DAGs    # Errors  Last Runtime    Last Run      Last # of DB Queries
------------------------------------------------  -----  ---------  --------  ----------  --------------  ----------  ----------------------
/opt/airflow/dags/spaceparts_etl_orchestrator.py     70  0.02s             0           0                                                   0
================================================================================
[2025-09-20T19:46:41.082+0000] {manager.py:997} INFO - 
================================================================================
DAG File Processing Stats

File Path                                         PID    Runtime      # DAGs    # Errors  Last Runtime    Last Run               Last # of DB Queries
------------------------------------------------  -----  ---------  --------  ----------  --------------  -------------------  ----------------------
/opt/airflow/dags/spaceparts_etl_orchestrator.py                           1           0  0.45s           2025-09-20T19:46:27                      28
================================================================================
[2025-09-20T19:47:14.831+0000] {manager.py:997} INFO - 
================================================================================
DAG File Processing Stats

File Path                                         PID    Runtime      # DAGs    # Errors  Last Runtime    Last Run               Last # of DB Queries
------------------------------------------------  -----  ---------  --------  ----------  --------------  -------------------  ----------------------
/opt/airflow/dags/spaceparts_etl_orchestrator.py                           1           0  0.35s           2025-09-20T19:46:58                      12
================================================================================
[2025-09-20T19:47:48.964+0000] {manager.py:997} INFO - 
================================================================================
DAG File Processing Stats

File Path                                         PID    Runtime      # DAGs    # Errors  Last Runtime    Last Run               Last # of DB Queries
------------------------------------------------  -----  ---------  --------  ----------  --------------  -------------------  ----------------------
/opt/airflow/dags/spaceparts_etl_orchestrator.py                           1           0  0.74s           2025-09-20T19:47:29                      12
================================================================================
[2025-09-20T19:48:22.761+0000] {manager.py:997} INFO - 
================================================================================
DAG File Processing Stats

File Path                                         PID    Runtime      # DAGs    # Errors  Last Runtime    Last Run               Last # of DB Queries
------------------------------------------------  -----  ---------  --------  ----------  --------------  -------------------  ----------------------
/opt/airflow/dags/spaceparts_etl_orchestrator.py                           0           0  0.06s           2025-09-20T19:47:56                       3
================================================================================
[2025-09-20T19:48:56.614+0000] {manager.py:997} INFO - 
================================================================================
DAG File Processing Stats

File Path                                         PID    Runtime      # DAGs    # Errors  Last Runtime    Last Run               Last # of DB Queries
------------------------------------------------  -----  ---------  --------  ----------  --------------  -------------------  ----------------------
/opt/airflow/dags/spaceparts_etl_orchestrator.py                           0           0  0.06s           2025-09-20T19:48:26                       3
================================================================================
[2025-09-20T19:49:26.816+0000] {manager.py:997} INFO - 
================================================================================
DAG File Processing Stats

File Path                                         PID    Runtime      # DAGs    # Errors  Last Runtime    Last Run               Last # of DB Queries
------------------------------------------------  -----  ---------  --------  ----------  --------------  -------------------  ----------------------
/opt/airflow/dags/spaceparts_etl_orchestrator.py                           0           0  0.04s           2025-09-20T19:48:57                       3
================================================================================
[2025-09-20T19:50:00.637+0000] {manager.py:997} INFO - 
================================================================================
DAG File Processing Stats

File Path                                         PID    Runtime      # DAGs    # Errors  Last Runtime    Last Run               Last # of DB Queries
------------------------------------------------  -----  ---------  --------  ----------  --------------  -------------------  ----------------------
/opt/airflow/dags/spaceparts_etl_orchestrator.py                           0           0  0.05s           2025-09-20T19:49:58                       3
================================================================================
[2025-09-20T19:50:34.370+0000] {manager.py:997} INFO - 
================================================================================
DAG File Processing Stats

File Path                                         PID    Runtime      # DAGs    # Errors  Last Runtime    Last Run               Last # of DB Queries
------------------------------------------------  -----  ---------  --------  ----------  --------------  -------------------  ----------------------
/opt/airflow/dags/spaceparts_etl_orchestrator.py                           0           0  0.03s           2025-09-20T19:50:29                       3
================================================================================
[2025-09-20T19:51:08.178+0000] {manager.py:821} INFO - Searching for files in /opt/airflow/dags
[2025-09-20T19:51:08.180+0000] {manager.py:824} INFO - There are 0 files in /opt/airflow/dags
[2025-09-20T19:54:56.921+0000] {manager.py:465} INFO - Exiting gracefully upon receiving signal 15
[2025-09-20T19:55:47.650+0000] {manager.py:483} INFO - Processing files using up to 2 processes at a time 
[2025-09-20T19:55:47.652+0000] {manager.py:484} INFO - Process each file at most once every 30 seconds
[2025-09-20T19:55:47.652+0000] {manager.py:485} INFO - Checking for new files in /opt/airflow/dags every 300 seconds
[2025-09-20T19:55:47.652+0000] {manager.py:821} INFO - Searching for files in /opt/airflow/dags
[2025-09-20T19:55:47.655+0000] {manager.py:824} INFO - There are 1 files in /opt/airflow/dags
[2025-09-20T19:55:47.732+0000] {manager.py:997} INFO - 
================================================================================
DAG File Processing Stats

File Path                                           PID  Runtime      # DAGs    # Errors  Last Runtime    Last Run      Last # of DB Queries
------------------------------------------------  -----  ---------  --------  ----------  --------------  ----------  ----------------------
/opt/airflow/dags/spaceparts_etl_orchestrator.py     63  0.02s             0           0                                                   0
================================================================================
[2025-09-20T19:56:21.513+0000] {manager.py:997} INFO - 
================================================================================
DAG File Processing Stats

File Path                                         PID    Runtime      # DAGs    # Errors  Last Runtime    Last Run               Last # of DB Queries
------------------------------------------------  -----  ---------  --------  ----------  --------------  -------------------  ----------------------
/opt/airflow/dags/spaceparts_etl_orchestrator.py                           0           1  0.03s           2025-09-20T19:56:18                       5
================================================================================
[2025-09-20T19:56:55.284+0000] {manager.py:997} INFO - 
================================================================================
DAG File Processing Stats

File Path                                         PID    Runtime      # DAGs    # Errors  Last Runtime    Last Run               Last # of DB Queries
------------------------------------------------  -----  ---------  --------  ----------  --------------  -------------------  ----------------------
/opt/airflow/dags/spaceparts_etl_orchestrator.py                           0           1  0.05s           2025-09-20T19:56:49                       5
================================================================================
[2025-09-20T19:57:29.118+0000] {manager.py:997} INFO - 
================================================================================
DAG File Processing Stats

File Path                                         PID    Runtime      # DAGs    # Errors  Last Runtime    Last Run               Last # of DB Queries
------------------------------------------------  -----  ---------  --------  ----------  --------------  -------------------  ----------------------
/opt/airflow/dags/spaceparts_etl_orchestrator.py                           0           1  0.05s           2025-09-20T19:57:20                       5
================================================================================
[2025-09-20T19:57:59.256+0000] {manager.py:465} INFO - Exiting gracefully upon receiving signal 15
[2025-09-20T19:58:52.417+0000] {manager.py:483} INFO - Processing files using up to 2 processes at a time 
[2025-09-20T19:58:52.419+0000] {manager.py:484} INFO - Process each file at most once every 30 seconds
[2025-09-20T19:58:52.419+0000] {manager.py:485} INFO - Checking for new files in /opt/airflow/dags every 300 seconds
[2025-09-20T19:58:52.419+0000] {manager.py:821} INFO - Searching for files in /opt/airflow/dags
[2025-09-20T19:58:52.421+0000] {manager.py:824} INFO - There are 1 files in /opt/airflow/dags
[2025-09-20T19:58:52.508+0000] {manager.py:997} INFO - 
================================================================================
DAG File Processing Stats

File Path                                           PID  Runtime      # DAGs    # Errors  Last Runtime    Last Run      Last # of DB Queries
------------------------------------------------  -----  ---------  --------  ----------  --------------  ----------  ----------------------
/opt/airflow/dags/spaceparts_etl_orchestrator.py     63  0.02s             0           0                                                   0
================================================================================
[2025-09-20T19:59:26.238+0000] {manager.py:997} INFO - 
================================================================================
DAG File Processing Stats

File Path                                         PID    Runtime      # DAGs    # Errors  Last Runtime    Last Run               Last # of DB Queries
------------------------------------------------  -----  ---------  --------  ----------  --------------  -------------------  ----------------------
/opt/airflow/dags/spaceparts_etl_orchestrator.py                           0           1  0.03s           2025-09-20T19:59:23                       5
================================================================================
[2025-09-20T20:00:00.067+0000] {manager.py:997} INFO - 
================================================================================
DAG File Processing Stats

File Path                                         PID    Runtime      # DAGs    # Errors  Last Runtime    Last Run               Last # of DB Queries
------------------------------------------------  -----  ---------  --------  ----------  --------------  -------------------  ----------------------
/opt/airflow/dags/spaceparts_etl_orchestrator.py                           0           1  0.07s           2025-09-20T19:59:54                       5
================================================================================
[2025-09-20T20:00:33.727+0000] {manager.py:997} INFO - 
================================================================================
DAG File Processing Stats

File Path                                         PID    Runtime      # DAGs    # Errors  Last Runtime    Last Run               Last # of DB Queries
------------------------------------------------  -----  ---------  --------  ----------  --------------  -------------------  ----------------------
/opt/airflow/dags/spaceparts_etl_orchestrator.py                           0           1  0.08s           2025-09-20T20:00:23                      20
================================================================================
[2025-09-20T20:01:07.525+0000] {manager.py:997} INFO - 
================================================================================
DAG File Processing Stats

File Path                                         PID    Runtime      # DAGs    # Errors  Last Runtime    Last Run               Last # of DB Queries
------------------------------------------------  -----  ---------  --------  ----------  --------------  -------------------  ----------------------
/opt/airflow/dags/spaceparts_etl_orchestrator.py                           0           1  0.08s           2025-09-20T20:00:54                       5
================================================================================
[2025-09-20T20:01:41.347+0000] {manager.py:997} INFO - 
================================================================================
DAG File Processing Stats

File Path                                         PID    Runtime      # DAGs    # Errors  Last Runtime    Last Run               Last # of DB Queries
------------------------------------------------  -----  ---------  --------  ----------  --------------  -------------------  ----------------------
/opt/airflow/dags/spaceparts_etl_orchestrator.py                           0           1  0.06s           2025-09-20T20:01:24                       5
================================================================================
[2025-09-20T20:02:15.126+0000] {manager.py:997} INFO - 
================================================================================
DAG File Processing Stats

File Path                                         PID    Runtime      # DAGs    # Errors  Last Runtime    Last Run               Last # of DB Queries
------------------------------------------------  -----  ---------  --------  ----------  --------------  -------------------  ----------------------
/opt/airflow/dags/spaceparts_etl_orchestrator.py                           0           1  0.30s           2025-09-20T20:02:11                       5
================================================================================
[2025-09-20T20:02:16.809+0000] {manager.py:465} INFO - Exiting gracefully upon receiving signal 15
[2025-09-20T20:03:06.419+0000] {manager.py:483} INFO - Processing files using up to 2 processes at a time 
[2025-09-20T20:03:06.421+0000] {manager.py:484} INFO - Process each file at most once every 30 seconds
[2025-09-20T20:03:06.421+0000] {manager.py:485} INFO - Checking for new files in /opt/airflow/dags every 300 seconds
[2025-09-20T20:03:06.421+0000] {manager.py:821} INFO - Searching for files in /opt/airflow/dags
[2025-09-20T20:03:06.423+0000] {manager.py:824} INFO - There are 1 files in /opt/airflow/dags
[2025-09-20T20:03:06.495+0000] {manager.py:997} INFO - 
================================================================================
DAG File Processing Stats

File Path                                           PID  Runtime      # DAGs    # Errors  Last Runtime    Last Run      Last # of DB Queries
------------------------------------------------  -----  ---------  --------  ----------  --------------  ----------  ----------------------
/opt/airflow/dags/spaceparts_etl_orchestrator.py     64  0.01s             0           0                                                   0
================================================================================
[2025-09-20T20:03:40.215+0000] {manager.py:997} INFO - 
================================================================================
DAG File Processing Stats

File Path                                         PID    Runtime      # DAGs    # Errors  Last Runtime    Last Run               Last # of DB Queries
------------------------------------------------  -----  ---------  --------  ----------  --------------  -------------------  ----------------------
/opt/airflow/dags/spaceparts_etl_orchestrator.py                           0           1  0.40s           2025-09-20T20:03:38                       5
================================================================================
[2025-09-20T20:04:14.292+0000] {manager.py:997} INFO - 
================================================================================
DAG File Processing Stats

File Path                                         PID    Runtime      # DAGs    # Errors  Last Runtime    Last Run               Last # of DB Queries
------------------------------------------------  -----  ---------  --------  ----------  --------------  -------------------  ----------------------
/opt/airflow/dags/spaceparts_etl_orchestrator.py                           0           1  0.38s           2025-09-20T20:04:09                       5
================================================================================
[2025-09-20T20:04:48.154+0000] {manager.py:997} INFO - 
================================================================================
DAG File Processing Stats

File Path                                         PID    Runtime      # DAGs    # Errors  Last Runtime    Last Run               Last # of DB Queries
------------------------------------------------  -----  ---------  --------  ----------  --------------  -------------------  ----------------------
/opt/airflow/dags/spaceparts_etl_orchestrator.py                           0           1  0.33s           2025-09-20T20:04:40                       5
================================================================================
[2025-09-20T20:05:22.087+0000] {manager.py:997} INFO - 
================================================================================
DAG File Processing Stats

File Path                                         PID    Runtime      # DAGs    # Errors  Last Runtime    Last Run               Last # of DB Queries
------------------------------------------------  -----  ---------  --------  ----------  --------------  -------------------  ----------------------
/opt/airflow/dags/spaceparts_etl_orchestrator.py                           1           0  0.49s           2025-09-20T20:05:16                      11
================================================================================
[2025-09-20T20:05:55.739+0000] {manager.py:997} INFO - 
================================================================================
DAG File Processing Stats

File Path                                         PID    Runtime      # DAGs    # Errors  Last Runtime    Last Run               Last # of DB Queries
------------------------------------------------  -----  ---------  --------  ----------  --------------  -------------------  ----------------------
/opt/airflow/dags/spaceparts_etl_orchestrator.py                           1           0  0.34s           2025-09-20T20:05:46                      12
================================================================================
[2025-09-20T20:06:29.564+0000] {manager.py:997} INFO - 
================================================================================
DAG File Processing Stats

File Path                                         PID    Runtime      # DAGs    # Errors  Last Runtime    Last Run               Last # of DB Queries
------------------------------------------------  -----  ---------  --------  ----------  --------------  -------------------  ----------------------
/opt/airflow/dags/spaceparts_etl_orchestrator.py                           1           0  0.50s           2025-09-20T20:06:17                      12
================================================================================
[2025-09-20T20:07:03.396+0000] {manager.py:997} INFO - 
================================================================================
DAG File Processing Stats

File Path                                         PID    Runtime      # DAGs    # Errors  Last Runtime    Last Run               Last # of DB Queries
------------------------------------------------  -----  ---------  --------  ----------  --------------  -------------------  ----------------------
/opt/airflow/dags/spaceparts_etl_orchestrator.py                           1           0  0.39s           2025-09-20T20:06:51                      12
================================================================================
[2025-09-20T20:07:37.450+0000] {manager.py:997} INFO - 
================================================================================
DAG File Processing Stats

File Path                                         PID    Runtime      # DAGs    # Errors  Last Runtime    Last Run               Last # of DB Queries
------------------------------------------------  -----  ---------  --------  ----------  --------------  -------------------  ----------------------
/opt/airflow/dags/spaceparts_etl_orchestrator.py                           1           0  0.48s           2025-09-20T20:07:22                      12
================================================================================
[2025-09-20T20:08:06.488+0000] {manager.py:821} INFO - Searching for files in /opt/airflow/dags
[2025-09-20T20:08:06.489+0000] {manager.py:824} INFO - There are 1 files in /opt/airflow/dags
[2025-09-20T20:08:11.188+0000] {manager.py:997} INFO - 
================================================================================
DAG File Processing Stats

File Path                                         PID    Runtime      # DAGs    # Errors  Last Runtime    Last Run               Last # of DB Queries
------------------------------------------------  -----  ---------  --------  ----------  --------------  -------------------  ----------------------
/opt/airflow/dags/spaceparts_etl_orchestrator.py                           1           0  0.32s           2025-09-20T20:07:52                      12
================================================================================
[2025-09-20T20:08:45.296+0000] {manager.py:997} INFO - 
================================================================================
DAG File Processing Stats

File Path                                         PID    Runtime      # DAGs    # Errors  Last Runtime    Last Run               Last # of DB Queries
------------------------------------------------  -----  ---------  --------  ----------  --------------  -------------------  ----------------------
/opt/airflow/dags/spaceparts_etl_orchestrator.py                           1           0  0.37s           2025-09-20T20:08:23                      12
================================================================================
[2025-09-20T20:09:19.023+0000] {manager.py:997} INFO - 
================================================================================
DAG File Processing Stats

File Path                                         PID    Runtime      # DAGs    # Errors  Last Runtime    Last Run               Last # of DB Queries
------------------------------------------------  -----  ---------  --------  ----------  --------------  -------------------  ----------------------
/opt/airflow/dags/spaceparts_etl_orchestrator.py                           1           0  0.43s           2025-09-20T20:08:54                      12
================================================================================
[2025-09-20T20:09:53.236+0000] {manager.py:997} INFO - 
================================================================================
DAG File Processing Stats

File Path                                         PID    Runtime      # DAGs    # Errors  Last Runtime    Last Run               Last # of DB Queries
------------------------------------------------  -----  ---------  --------  ----------  --------------  -------------------  ----------------------
/opt/airflow/dags/spaceparts_etl_orchestrator.py                           1           0  0.66s           2025-09-20T20:09:25                      12
================================================================================
[2025-09-20T20:10:27.234+0000] {manager.py:997} INFO - 
================================================================================
DAG File Processing Stats

File Path                                           PID  Runtime      # DAGs    # Errors  Last Runtime    Last Run               Last # of DB Queries
------------------------------------------------  -----  ---------  --------  ----------  --------------  -------------------  ----------------------
/opt/airflow/dags/spaceparts_etl_orchestrator.py    180  0.00s             1           0  0.39s           2025-09-20T20:09:56                      12
================================================================================
[2025-09-20T20:10:57.518+0000] {manager.py:997} INFO - 
================================================================================
DAG File Processing Stats

File Path                                         PID    Runtime      # DAGs    # Errors  Last Runtime    Last Run               Last # of DB Queries
------------------------------------------------  -----  ---------  --------  ----------  --------------  -------------------  ----------------------
/opt/airflow/dags/spaceparts_etl_orchestrator.py                           1           0  0.44s           2025-09-20T20:10:27                      12
================================================================================
[2025-09-20T20:11:31.578+0000] {manager.py:997} INFO - 
================================================================================
DAG File Processing Stats

File Path                                         PID    Runtime      # DAGs    # Errors  Last Runtime    Last Run               Last # of DB Queries
------------------------------------------------  -----  ---------  --------  ----------  --------------  -------------------  ----------------------
/opt/airflow/dags/spaceparts_etl_orchestrator.py                           1           0  0.52s           2025-09-20T20:11:29                      12
================================================================================
[2025-09-20T20:12:05.315+0000] {manager.py:997} INFO - 
================================================================================
DAG File Processing Stats

File Path                                         PID    Runtime      # DAGs    # Errors  Last Runtime    Last Run               Last # of DB Queries
------------------------------------------------  -----  ---------  --------  ----------  --------------  -------------------  ----------------------
/opt/airflow/dags/spaceparts_etl_orchestrator.py                           1           0  0.37s           2025-09-20T20:11:59                      12
================================================================================
[2025-09-20T20:12:39.044+0000] {manager.py:997} INFO - 
================================================================================
DAG File Processing Stats

File Path                                         PID    Runtime      # DAGs    # Errors  Last Runtime    Last Run               Last # of DB Queries
------------------------------------------------  -----  ---------  --------  ----------  --------------  -------------------  ----------------------
/opt/airflow/dags/spaceparts_etl_orchestrator.py                           1           0  0.36s           2025-09-20T20:12:30                      12
================================================================================
[2025-09-20T20:13:07.141+0000] {manager.py:821} INFO - Searching for files in /opt/airflow/dags
[2025-09-20T20:13:07.142+0000] {manager.py:824} INFO - There are 1 files in /opt/airflow/dags
[2025-09-20T20:13:13.181+0000] {manager.py:997} INFO - 
================================================================================
DAG File Processing Stats

File Path                                         PID    Runtime      # DAGs    # Errors  Last Runtime    Last Run               Last # of DB Queries
------------------------------------------------  -----  ---------  --------  ----------  --------------  -------------------  ----------------------
/opt/airflow/dags/spaceparts_etl_orchestrator.py                           1           0  0.63s           2025-09-20T20:13:01                      12
================================================================================
[2025-09-20T20:13:47.200+0000] {manager.py:997} INFO - 
================================================================================
DAG File Processing Stats

File Path                                         PID    Runtime      # DAGs    # Errors  Last Runtime    Last Run               Last # of DB Queries
------------------------------------------------  -----  ---------  --------  ----------  --------------  -------------------  ----------------------
/opt/airflow/dags/spaceparts_etl_orchestrator.py                           1           0  0.70s           2025-09-20T20:13:32                      12
================================================================================
[2025-09-20T20:14:21.421+0000] {manager.py:997} INFO - 
================================================================================
DAG File Processing Stats

File Path                                         PID    Runtime      # DAGs    # Errors  Last Runtime    Last Run               Last # of DB Queries
------------------------------------------------  -----  ---------  --------  ----------  --------------  -------------------  ----------------------
/opt/airflow/dags/spaceparts_etl_orchestrator.py                           1           0  0.66s           2025-09-20T20:14:03                      12
================================================================================
[2025-09-20T20:14:55.406+0000] {manager.py:997} INFO - 
================================================================================
DAG File Processing Stats

File Path                                         PID    Runtime      # DAGs    # Errors  Last Runtime    Last Run               Last # of DB Queries
------------------------------------------------  -----  ---------  --------  ----------  --------------  -------------------  ----------------------
/opt/airflow/dags/spaceparts_etl_orchestrator.py                           1           0  0.48s           2025-09-20T20:14:37                      12
================================================================================
[2025-09-20T20:15:29.101+0000] {manager.py:997} INFO - 
================================================================================
DAG File Processing Stats

File Path                                         PID    Runtime      # DAGs    # Errors  Last Runtime    Last Run               Last # of DB Queries
------------------------------------------------  -----  ---------  --------  ----------  --------------  -------------------  ----------------------
/opt/airflow/dags/spaceparts_etl_orchestrator.py                           1           0  0.66s           2025-09-20T20:15:08                      12
================================================================================
[2025-09-20T20:16:02.705+0000] {manager.py:997} INFO - 
================================================================================
DAG File Processing Stats

File Path                                         PID    Runtime      # DAGs    # Errors  Last Runtime    Last Run               Last # of DB Queries
------------------------------------------------  -----  ---------  --------  ----------  --------------  -------------------  ----------------------
/opt/airflow/dags/spaceparts_etl_orchestrator.py                           1           0  0.51s           2025-09-20T20:15:39                      12
================================================================================
[2025-09-20T20:16:36.471+0000] {manager.py:997} INFO - 
================================================================================
DAG File Processing Stats

File Path                                         PID    Runtime      # DAGs    # Errors  Last Runtime    Last Run               Last # of DB Queries
------------------------------------------------  -----  ---------  --------  ----------  --------------  -------------------  ----------------------
/opt/airflow/dags/spaceparts_etl_orchestrator.py                           1           0  0.63s           2025-09-20T20:16:09                      12
================================================================================
[2025-09-20T20:17:10.312+0000] {manager.py:997} INFO - 
================================================================================
DAG File Processing Stats

File Path                                         PID    Runtime      # DAGs    # Errors  Last Runtime    Last Run               Last # of DB Queries
------------------------------------------------  -----  ---------  --------  ----------  --------------  -------------------  ----------------------
/opt/airflow/dags/spaceparts_etl_orchestrator.py                           1           0  0.49s           2025-09-20T20:16:40                      12
================================================================================
[2025-09-20T20:17:44.057+0000] {manager.py:997} INFO - 
================================================================================
DAG File Processing Stats

File Path                                         PID    Runtime      # DAGs    # Errors  Last Runtime    Last Run               Last # of DB Queries
------------------------------------------------  -----  ---------  --------  ----------  --------------  -------------------  ----------------------
/opt/airflow/dags/spaceparts_etl_orchestrator.py                           1           0  0.60s           2025-09-20T20:17:43                      12
================================================================================
[2025-09-20T20:18:07.159+0000] {manager.py:821} INFO - Searching for files in /opt/airflow/dags
[2025-09-20T20:18:07.162+0000] {manager.py:824} INFO - There are 1 files in /opt/airflow/dags
[2025-09-20T20:18:18.257+0000] {manager.py:997} INFO - 
================================================================================
DAG File Processing Stats

File Path                                         PID    Runtime      # DAGs    # Errors  Last Runtime    Last Run               Last # of DB Queries
------------------------------------------------  -----  ---------  --------  ----------  --------------  -------------------  ----------------------
/opt/airflow/dags/spaceparts_etl_orchestrator.py                           1           0  0.38s           2025-09-20T20:18:13                      12
================================================================================
[2025-09-20T20:18:52.013+0000] {manager.py:997} INFO - 
================================================================================
DAG File Processing Stats

File Path                                         PID    Runtime      # DAGs    # Errors  Last Runtime    Last Run               Last # of DB Queries
------------------------------------------------  -----  ---------  --------  ----------  --------------  -------------------  ----------------------
/opt/airflow/dags/spaceparts_etl_orchestrator.py                           1           0  4.34s           2025-09-20T20:18:48                      12
================================================================================
[2025-09-20T20:19:25.944+0000] {manager.py:997} INFO - 
================================================================================
DAG File Processing Stats

File Path                                         PID    Runtime      # DAGs    # Errors  Last Runtime    Last Run               Last # of DB Queries
------------------------------------------------  -----  ---------  --------  ----------  --------------  -------------------  ----------------------
/opt/airflow/dags/spaceparts_etl_orchestrator.py                           1           0  0.52s           2025-09-20T20:19:18                      12
================================================================================
[2025-09-20T20:20:00.111+0000] {manager.py:997} INFO - 
================================================================================
DAG File Processing Stats

File Path                                         PID    Runtime      # DAGs    # Errors  Last Runtime    Last Run               Last # of DB Queries
------------------------------------------------  -----  ---------  --------  ----------  --------------  -------------------  ----------------------
/opt/airflow/dags/spaceparts_etl_orchestrator.py                           1           0  0.46s           2025-09-20T20:19:49                      12
================================================================================
[2025-09-20T20:20:30.407+0000] {manager.py:997} INFO - 
================================================================================
DAG File Processing Stats

File Path                                         PID    Runtime      # DAGs    # Errors  Last Runtime    Last Run               Last # of DB Queries
------------------------------------------------  -----  ---------  --------  ----------  --------------  -------------------  ----------------------
/opt/airflow/dags/spaceparts_etl_orchestrator.py                           1           0  0.60s           2025-09-20T20:20:20                      12
================================================================================
[2025-09-20T20:21:04.728+0000] {manager.py:997} INFO - 
================================================================================
DAG File Processing Stats

File Path                                         PID    Runtime      # DAGs    # Errors  Last Runtime    Last Run               Last # of DB Queries
------------------------------------------------  -----  ---------  --------  ----------  --------------  -------------------  ----------------------
/opt/airflow/dags/spaceparts_etl_orchestrator.py                           1           0  0.75s           2025-09-20T20:20:51                      12
================================================================================
[2025-09-20T20:21:38.395+0000] {manager.py:997} INFO - 
================================================================================
DAG File Processing Stats

File Path                                         PID    Runtime      # DAGs    # Errors  Last Runtime    Last Run               Last # of DB Queries
------------------------------------------------  -----  ---------  --------  ----------  --------------  -------------------  ----------------------
/opt/airflow/dags/spaceparts_etl_orchestrator.py                           1           0  0.82s           2025-09-20T20:21:23                      12
================================================================================
[2025-09-20T20:22:12.882+0000] {manager.py:997} INFO - 
================================================================================
DAG File Processing Stats

File Path                                         PID    Runtime      # DAGs    # Errors  Last Runtime    Last Run               Last # of DB Queries
------------------------------------------------  -----  ---------  --------  ----------  --------------  -------------------  ----------------------
/opt/airflow/dags/spaceparts_etl_orchestrator.py                           1           0  1.12s           2025-09-20T20:21:54                      12
================================================================================
[2025-09-20T20:22:46.758+0000] {manager.py:997} INFO - 
================================================================================
DAG File Processing Stats

File Path                                         PID    Runtime      # DAGs    # Errors  Last Runtime    Last Run               Last # of DB Queries
------------------------------------------------  -----  ---------  --------  ----------  --------------  -------------------  ----------------------
/opt/airflow/dags/spaceparts_etl_orchestrator.py                           1           0  0.61s           2025-09-20T20:22:26                      12
================================================================================
[2025-09-20T20:23:07.470+0000] {manager.py:821} INFO - Searching for files in /opt/airflow/dags
[2025-09-20T20:23:07.474+0000] {manager.py:824} INFO - There are 1 files in /opt/airflow/dags
[2025-09-20T20:23:20.592+0000] {manager.py:997} INFO - 
================================================================================
DAG File Processing Stats

File Path                                         PID    Runtime      # DAGs    # Errors  Last Runtime    Last Run               Last # of DB Queries
------------------------------------------------  -----  ---------  --------  ----------  --------------  -------------------  ----------------------
/opt/airflow/dags/spaceparts_etl_orchestrator.py                           1           0  0.66s           2025-09-20T20:22:59                      12
================================================================================
[2025-09-20T20:23:54.464+0000] {manager.py:997} INFO - 
================================================================================
DAG File Processing Stats

File Path                                         PID    Runtime      # DAGs    # Errors  Last Runtime    Last Run               Last # of DB Queries
------------------------------------------------  -----  ---------  --------  ----------  --------------  -------------------  ----------------------
/opt/airflow/dags/spaceparts_etl_orchestrator.py                           1           0  0.80s           2025-09-20T20:23:30                      12
================================================================================
[2025-09-20T20:24:28.343+0000] {manager.py:997} INFO - 
================================================================================
DAG File Processing Stats

File Path                                         PID    Runtime      # DAGs    # Errors  Last Runtime    Last Run               Last # of DB Queries
------------------------------------------------  -----  ---------  --------  ----------  --------------  -------------------  ----------------------
/opt/airflow/dags/spaceparts_etl_orchestrator.py                           1           0  1.02s           2025-09-20T20:24:01                      12
================================================================================
[2025-09-20T20:25:02.311+0000] {manager.py:997} INFO - 
================================================================================
DAG File Processing Stats

File Path                                         PID    Runtime      # DAGs    # Errors  Last Runtime    Last Run               Last # of DB Queries
------------------------------------------------  -----  ---------  --------  ----------  --------------  -------------------  ----------------------
/opt/airflow/dags/spaceparts_etl_orchestrator.py                           1           0  0.68s           2025-09-20T20:24:33                      12
================================================================================
[2025-09-20T20:25:36.202+0000] {manager.py:997} INFO - 
================================================================================
DAG File Processing Stats

File Path                                         PID    Runtime      # DAGs    # Errors  Last Runtime    Last Run               Last # of DB Queries
------------------------------------------------  -----  ---------  --------  ----------  --------------  -------------------  ----------------------
/opt/airflow/dags/spaceparts_etl_orchestrator.py                           1           0  0.53s           2025-09-20T20:25:35                      12
================================================================================
[2025-09-20T20:26:09.972+0000] {manager.py:997} INFO - 
================================================================================
DAG File Processing Stats

File Path                                         PID    Runtime      # DAGs    # Errors  Last Runtime    Last Run               Last # of DB Queries
------------------------------------------------  -----  ---------  --------  ----------  --------------  -------------------  ----------------------
/opt/airflow/dags/spaceparts_etl_orchestrator.py                           1           0  0.77s           2025-09-20T20:26:06                      12
================================================================================
[2025-09-20T20:26:44.023+0000] {manager.py:997} INFO - 
================================================================================
DAG File Processing Stats

File Path                                         PID    Runtime      # DAGs    # Errors  Last Runtime    Last Run               Last # of DB Queries
------------------------------------------------  -----  ---------  --------  ----------  --------------  -------------------  ----------------------
/opt/airflow/dags/spaceparts_etl_orchestrator.py                           1           0  0.51s           2025-09-20T20:26:37                      12
================================================================================
[2025-09-20T20:27:18.010+0000] {manager.py:997} INFO - 
================================================================================
DAG File Processing Stats

File Path                                         PID    Runtime      # DAGs    # Errors  Last Runtime    Last Run               Last # of DB Queries
------------------------------------------------  -----  ---------  --------  ----------  --------------  -------------------  ----------------------
/opt/airflow/dags/spaceparts_etl_orchestrator.py                           1           0  0.52s           2025-09-20T20:27:10                      12
================================================================================
[2025-09-20T20:27:52.132+0000] {manager.py:997} INFO - 
================================================================================
DAG File Processing Stats

File Path                                         PID    Runtime      # DAGs    # Errors  Last Runtime    Last Run               Last # of DB Queries
------------------------------------------------  -----  ---------  --------  ----------  --------------  -------------------  ----------------------
/opt/airflow/dags/spaceparts_etl_orchestrator.py                           1           0  0.44s           2025-09-20T20:27:40                      12
================================================================================
[2025-09-20T20:28:07.656+0000] {manager.py:821} INFO - Searching for files in /opt/airflow/dags
[2025-09-20T20:28:07.659+0000] {manager.py:824} INFO - There are 1 files in /opt/airflow/dags
[2025-09-20T20:28:26.343+0000] {manager.py:997} INFO - 
================================================================================
DAG File Processing Stats

File Path                                         PID    Runtime      # DAGs    # Errors  Last Runtime    Last Run               Last # of DB Queries
------------------------------------------------  -----  ---------  --------  ----------  --------------  -------------------  ----------------------
/opt/airflow/dags/spaceparts_etl_orchestrator.py                           1           0  0.48s           2025-09-20T20:28:11                      12
================================================================================
[2025-09-20T20:29:00.111+0000] {manager.py:997} INFO - 
================================================================================
DAG File Processing Stats

File Path                                         PID    Runtime      # DAGs    # Errors  Last Runtime    Last Run               Last # of DB Queries
------------------------------------------------  -----  ---------  --------  ----------  --------------  -------------------  ----------------------
/opt/airflow/dags/spaceparts_etl_orchestrator.py                           1           0  0.79s           2025-09-20T20:28:43                      12
================================================================================
[2025-09-20T20:29:33.895+0000] {manager.py:997} INFO - 
================================================================================
DAG File Processing Stats

File Path                                         PID    Runtime      # DAGs    # Errors  Last Runtime    Last Run               Last # of DB Queries
------------------------------------------------  -----  ---------  --------  ----------  --------------  -------------------  ----------------------
/opt/airflow/dags/spaceparts_etl_orchestrator.py                           1           0  0.38s           2025-09-20T20:29:14                      12
================================================================================
[2025-09-20T20:30:04.112+0000] {manager.py:997} INFO - 
================================================================================
DAG File Processing Stats

File Path                                         PID    Runtime      # DAGs    # Errors  Last Runtime    Last Run               Last # of DB Queries
------------------------------------------------  -----  ---------  --------  ----------  --------------  -------------------  ----------------------
/opt/airflow/dags/spaceparts_etl_orchestrator.py                           1           0  1.07s           2025-09-20T20:29:46                      12
================================================================================
[2025-09-20T20:30:37.908+0000] {manager.py:997} INFO - 
================================================================================
DAG File Processing Stats

File Path                                         PID    Runtime      # DAGs    # Errors  Last Runtime    Last Run               Last # of DB Queries
------------------------------------------------  -----  ---------  --------  ----------  --------------  -------------------  ----------------------
/opt/airflow/dags/spaceparts_etl_orchestrator.py                           1           0  0.58s           2025-09-20T20:30:17                      12
================================================================================
[2025-09-20T20:31:11.667+0000] {manager.py:997} INFO - 
================================================================================
DAG File Processing Stats

File Path                                         PID    Runtime      # DAGs    # Errors  Last Runtime    Last Run               Last # of DB Queries
------------------------------------------------  -----  ---------  --------  ----------  --------------  -------------------  ----------------------
/opt/airflow/dags/spaceparts_etl_orchestrator.py                           1           0  0.38s           2025-09-20T20:30:47                      12
================================================================================
[2025-09-20T20:31:45.778+0000] {manager.py:997} INFO - 
================================================================================
DAG File Processing Stats

File Path                                         PID    Runtime      # DAGs    # Errors  Last Runtime    Last Run               Last # of DB Queries
------------------------------------------------  -----  ---------  --------  ----------  --------------  -------------------  ----------------------
/opt/airflow/dags/spaceparts_etl_orchestrator.py                           1           0  0.45s           2025-09-20T20:31:21                      12
================================================================================
[2025-09-20T20:32:19.440+0000] {manager.py:997} INFO - 
================================================================================
DAG File Processing Stats

File Path                                         PID    Runtime      # DAGs    # Errors  Last Runtime    Last Run               Last # of DB Queries
------------------------------------------------  -----  ---------  --------  ----------  --------------  -------------------  ----------------------
/opt/airflow/dags/spaceparts_etl_orchestrator.py                           1           0  0.49s           2025-09-20T20:31:51                      12
================================================================================
