[2025-09-20T18:15:55.255+0000] {local_task_job_runner.py:123} INFO - ::group::Pre task execution logs
[2025-09-20T18:15:55.366+0000] {taskinstance.py:2614} INFO - Dependencies all met for dep_context=non-requeueable deps ti=<TaskInstance: bronze_full_load_spaceparts.extract_load_fact_Orders scheduled__2024-01-01T00:00:00+00:00 [queued]>
[2025-09-20T18:15:55.373+0000] {taskinstance.py:2614} INFO - Dependencies all met for dep_context=requeueable deps ti=<TaskInstance: bronze_full_load_spaceparts.extract_load_fact_Orders scheduled__2024-01-01T00:00:00+00:00 [queued]>
[2025-09-20T18:15:55.373+0000] {taskinstance.py:2867} INFO - Starting attempt 2 of 3
[2025-09-20T18:15:55.380+0000] {taskinstance.py:2890} INFO - Executing <Task(PythonOperator): extract_load_fact_Orders> on 2024-01-01 00:00:00+00:00
[2025-09-20T18:15:55.383+0000] {standard_task_runner.py:72} INFO - Started process 122 to run task
[2025-09-20T18:15:55.386+0000] {standard_task_runner.py:104} INFO - Running: ['***', 'tasks', 'run', 'bronze_full_load_spaceparts', 'extract_load_fact_Orders', 'scheduled__2024-01-01T00:00:00+00:00', '--job-id', '87', '--raw', '--subdir', 'DAGS_FOLDER/01_Bronce.py', '--cfg-path', '/tmp/tmptjg8n94h']
[2025-09-20T18:15:55.388+0000] {standard_task_runner.py:105} INFO - Job 87: Subtask extract_load_fact_Orders
[2025-09-20T18:15:55.428+0000] {task_command.py:467} INFO - Running <TaskInstance: bronze_full_load_spaceparts.extract_load_fact_Orders scheduled__2024-01-01T00:00:00+00:00 [running]> on host 93ad4bfc4402
[2025-09-20T18:15:55.532+0000] {taskinstance.py:3134} INFO - Exporting env vars: AIRFLOW_CTX_DAG_OWNER='data-team' AIRFLOW_CTX_DAG_ID='bronze_full_load_spaceparts' AIRFLOW_CTX_TASK_ID='extract_load_fact_Orders' AIRFLOW_CTX_EXECUTION_DATE='2024-01-01T00:00:00+00:00' AIRFLOW_CTX_TRY_NUMBER='2' AIRFLOW_CTX_DAG_RUN_ID='scheduled__2024-01-01T00:00:00+00:00'
[2025-09-20T18:15:55.533+0000] {taskinstance.py:732} INFO - ::endgroup::
[2025-09-20T18:15:55.554+0000] {01_Bronce.py:272} INFO - Starting extraction for table: fact.Orders
[2025-09-20T18:15:58.775+0000] {01_Bronce.py:284} INFO - Table fact.Orders has 16,910,069 rows
[2025-09-20T18:15:58.775+0000] {01_Bronce.py:298} INFO - Extracting data from fact.Orders
[2025-09-20T18:41:29.549+0000] {local_task_job_runner.py:123} INFO - ::group::Pre task execution logs
[2025-09-20T18:41:29.579+0000] {taskinstance.py:2614} INFO - Dependencies all met for dep_context=non-requeueable deps ti=<TaskInstance: bronze_full_load_spaceparts.extract_load_fact_Orders scheduled__2024-01-01T00:00:00+00:00 [queued]>
[2025-09-20T18:41:29.590+0000] {taskinstance.py:2614} INFO - Dependencies all met for dep_context=requeueable deps ti=<TaskInstance: bronze_full_load_spaceparts.extract_load_fact_Orders scheduled__2024-01-01T00:00:00+00:00 [queued]>
[2025-09-20T18:41:29.590+0000] {taskinstance.py:2867} INFO - Starting attempt 2 of 3
[2025-09-20T18:41:29.602+0000] {taskinstance.py:2890} INFO - Executing <Task(PythonOperator): extract_load_fact_Orders> on 2024-01-01 00:00:00+00:00
[2025-09-20T18:41:29.605+0000] {standard_task_runner.py:72} INFO - Started process 325 to run task
[2025-09-20T18:41:29.608+0000] {standard_task_runner.py:104} INFO - Running: ['***', 'tasks', 'run', 'bronze_full_load_spaceparts', 'extract_load_fact_Orders', 'scheduled__2024-01-01T00:00:00+00:00', '--job-id', '122', '--raw', '--subdir', 'DAGS_FOLDER/01_Bronce.py', '--cfg-path', '/tmp/tmpvz75p_vt']
[2025-09-20T18:41:29.613+0000] {standard_task_runner.py:105} INFO - Job 122: Subtask extract_load_fact_Orders
[2025-09-20T18:41:30.196+0000] {task_command.py:467} INFO - Running <TaskInstance: bronze_full_load_spaceparts.extract_load_fact_Orders scheduled__2024-01-01T00:00:00+00:00 [running]> on host 4c4d6e18e259
[2025-09-20T18:41:30.239+0000] {taskinstance.py:3134} INFO - Exporting env vars: AIRFLOW_CTX_DAG_OWNER='data-team' AIRFLOW_CTX_DAG_ID='bronze_full_load_spaceparts' AIRFLOW_CTX_TASK_ID='extract_load_fact_Orders' AIRFLOW_CTX_EXECUTION_DATE='2024-01-01T00:00:00+00:00' AIRFLOW_CTX_TRY_NUMBER='2' AIRFLOW_CTX_DAG_RUN_ID='scheduled__2024-01-01T00:00:00+00:00'
[2025-09-20T18:41:30.240+0000] {taskinstance.py:732} INFO - ::endgroup::
[2025-09-20T18:41:30.251+0000] {01_Bronce.py:279} INFO - Starting extraction for table: fact.Orders
[2025-09-20T18:41:33.764+0000] {01_Bronce.py:291} INFO - Table fact.Orders has 16,910,069 rows
[2025-09-20T18:41:33.765+0000] {01_Bronce.py:305} INFO - Extracting data from fact.Orders
