[2025-09-20T19:47:09.182+0000] {local_task_job_runner.py:123} INFO - ::group::Pre task execution logs
[2025-09-20T19:47:09.204+0000] {taskinstance.py:2614} INFO - Dependencies all met for dep_context=non-requeueable deps ti=<TaskInstance: bronze_full_load_spaceparts_optimized.extract_load_dim_Exchange_Rate scheduled__2024-01-01T00:00:00+00:00 [queued]>
[2025-09-20T19:47:09.218+0000] {taskinstance.py:2614} INFO - Dependencies all met for dep_context=requeueable deps ti=<TaskInstance: bronze_full_load_spaceparts_optimized.extract_load_dim_Exchange_Rate scheduled__2024-01-01T00:00:00+00:00 [queued]>
[2025-09-20T19:47:09.218+0000] {taskinstance.py:2867} INFO - Starting attempt 1 of 3
[2025-09-20T19:47:09.237+0000] {taskinstance.py:2890} INFO - Executing <Task(PythonOperator): extract_load_dim_Exchange_Rate> on 2024-01-01 00:00:00+00:00
[2025-09-20T19:47:09.243+0000] {standard_task_runner.py:72} INFO - Started process 134 to run task
[2025-09-20T19:47:09.250+0000] {standard_task_runner.py:104} INFO - Running: ['***', 'tasks', 'run', 'bronze_full_load_spaceparts_optimized', 'extract_load_dim_Exchange_Rate', 'scheduled__2024-01-01T00:00:00+00:00', '--job-id', '212', '--raw', '--subdir', 'DAGS_FOLDER/spaceparts_etl_orchestrator.py', '--cfg-path', '/tmp/tmp5xpojb9l']
[2025-09-20T19:47:09.256+0000] {standard_task_runner.py:105} INFO - Job 212: Subtask extract_load_dim_Exchange_Rate
[2025-09-20T19:47:09.626+0000] {task_command.py:467} INFO - Running <TaskInstance: bronze_full_load_spaceparts_optimized.extract_load_dim_Exchange_Rate scheduled__2024-01-01T00:00:00+00:00 [running]> on host fd99d81282fc
[2025-09-20T19:47:09.709+0000] {taskinstance.py:3134} INFO - Exporting env vars: AIRFLOW_CTX_DAG_OWNER='data-team' AIRFLOW_CTX_DAG_ID='bronze_full_load_spaceparts_optimized' AIRFLOW_CTX_TASK_ID='extract_load_dim_Exchange_Rate' AIRFLOW_CTX_EXECUTION_DATE='2024-01-01T00:00:00+00:00' AIRFLOW_CTX_TRY_NUMBER='1' AIRFLOW_CTX_DAG_RUN_ID='scheduled__2024-01-01T00:00:00+00:00'
[2025-09-20T19:47:09.711+0000] {taskinstance.py:732} INFO - ::endgroup::
[2025-09-20T19:47:09.723+0000] {spaceparts_etl_orchestrator.py:357} INFO - Starting optimized extraction for table: dim.Exchange-Rate
[2025-09-20T19:47:12.894+0000] {spaceparts_etl_orchestrator.py:368} INFO - Table dim.Exchange-Rate has 57,900 rows
[2025-09-20T19:47:12.894+0000] {spaceparts_etl_orchestrator.py:389} INFO - Using chunk size: 50,000 for 57,900 rows
[2025-09-20T19:47:12.895+0000] {spaceparts_etl_orchestrator.py:393} INFO - Starting streaming extraction and load for dim.Exchange-Rate
[2025-09-20T19:47:17.545+0000] {spaceparts_etl_orchestrator.py:223} INFO - Processing chunk 1 with 50000 rows
[2025-09-20T19:47:17.686+0000] {spaceparts_etl_orchestrator.py:275} INFO - Table bronze_dim_exchange_rate created successfully
[2025-09-20T19:47:31.779+0000] {spaceparts_etl_orchestrator.py:324} INFO - Loaded chunk: 50,000 rows. Total: 50,000
[2025-09-20T19:47:32.073+0000] {spaceparts_etl_orchestrator.py:223} INFO - Processing chunk 2 with 7900 rows
[2025-09-20T19:47:33.933+0000] {spaceparts_etl_orchestrator.py:324} INFO - Loaded chunk: 7,900 rows. Total: 57,900
[2025-09-20T19:47:34.299+0000] {spaceparts_etl_orchestrator.py:330} INFO - Completed loading 57,900 total rows to bronze_dim_exchange_rate
[2025-09-20T19:47:34.300+0000] {spaceparts_etl_orchestrator.py:406} INFO - Successfully loaded 57,900 records to bronze_dim_exchange_rate
[2025-09-20T19:47:34.322+0000] {python.py:240} INFO - Done. Returned value was: {'source_table': 'dim.Exchange-Rate', 'bronze_table': 'bronze_dim_exchange_rate', 'record_count': 57900, 'status': 'success', 'extraction_time': '2025-09-20T19:47:34.300375', 'chunk_size_used': 50000}
[2025-09-20T19:47:34.349+0000] {taskinstance.py:341} INFO - ::group::Post task execution logs
[2025-09-20T19:47:34.350+0000] {taskinstance.py:353} INFO - Marking task as SUCCESS. dag_id=bronze_full_load_spaceparts_optimized, task_id=extract_load_dim_Exchange_Rate, run_id=scheduled__2024-01-01T00:00:00+00:00, execution_date=20240101T000000, start_date=20250920T194709, end_date=20250920T194734
[2025-09-20T19:47:34.438+0000] {local_task_job_runner.py:266} INFO - Task exited with return code 0
[2025-09-20T19:47:34.488+0000] {taskinstance.py:3901} INFO - 0 downstream tasks scheduled from follow-on schedule check
[2025-09-20T19:47:34.491+0000] {local_task_job_runner.py:245} INFO - ::endgroup::
