[2025-09-20T18:53:40.227+0000] {local_task_job_runner.py:123} INFO - ::group::Pre task execution logs
[2025-09-20T18:53:40.238+0000] {taskinstance.py:2614} INFO - Dependencies all met for dep_context=non-requeueable deps ti=<TaskInstance: bronze_full_load_spaceparts_optimized.extract_load_dim_Exchange_Rate scheduled__2024-01-01T00:00:00+00:00 [queued]>
[2025-09-20T18:53:40.243+0000] {taskinstance.py:2614} INFO - Dependencies all met for dep_context=requeueable deps ti=<TaskInstance: bronze_full_load_spaceparts_optimized.extract_load_dim_Exchange_Rate scheduled__2024-01-01T00:00:00+00:00 [queued]>
[2025-09-20T18:53:40.243+0000] {taskinstance.py:2867} INFO - Starting attempt 2 of 3
[2025-09-20T18:53:40.251+0000] {taskinstance.py:2890} INFO - Executing <Task(PythonOperator): extract_load_dim_Exchange_Rate> on 2024-01-01 00:00:00+00:00
[2025-09-20T18:53:40.253+0000] {standard_task_runner.py:72} INFO - Started process 292 to run task
[2025-09-20T18:53:40.255+0000] {standard_task_runner.py:104} INFO - Running: ['***', 'tasks', 'run', 'bronze_full_load_spaceparts_optimized', 'extract_load_dim_Exchange_Rate', 'scheduled__2024-01-01T00:00:00+00:00', '--job-id', '153', '--raw', '--subdir', 'DAGS_FOLDER/01_Bronce.py', '--cfg-path', '/tmp/tmp_3mm08mw']
[2025-09-20T18:53:40.257+0000] {standard_task_runner.py:105} INFO - Job 153: Subtask extract_load_dim_Exchange_Rate
[2025-09-20T18:53:40.396+0000] {task_command.py:467} INFO - Running <TaskInstance: bronze_full_load_spaceparts_optimized.extract_load_dim_Exchange_Rate scheduled__2024-01-01T00:00:00+00:00 [running]> on host 6c581f43b95a
[2025-09-20T18:53:40.452+0000] {taskinstance.py:3134} INFO - Exporting env vars: AIRFLOW_CTX_DAG_OWNER='data-team' AIRFLOW_CTX_DAG_ID='bronze_full_load_spaceparts_optimized' AIRFLOW_CTX_TASK_ID='extract_load_dim_Exchange_Rate' AIRFLOW_CTX_EXECUTION_DATE='2024-01-01T00:00:00+00:00' AIRFLOW_CTX_TRY_NUMBER='2' AIRFLOW_CTX_DAG_RUN_ID='scheduled__2024-01-01T00:00:00+00:00'
[2025-09-20T18:53:40.453+0000] {taskinstance.py:732} INFO - ::endgroup::
[2025-09-20T18:53:40.462+0000] {01_Bronce.py:381} INFO - Starting optimized extraction for table: dim.Exchange-Rate
[2025-09-20T18:53:43.461+0000] {01_Bronce.py:394} INFO - Table dim.Exchange-Rate has 57,900 rows
[2025-09-20T18:53:43.462+0000] {01_Bronce.py:416} INFO - Using chunk size: 50,000 for 57,900 rows
[2025-09-20T18:53:43.463+0000] {01_Bronce.py:421} INFO - Starting streaming extraction and load for dim.Exchange-Rate
[2025-09-20T18:54:02.038+0000] {01_Bronce.py:231} INFO - Processing chunk 1 with 50000 rows
[2025-09-20T18:54:02.092+0000] {01_Bronce.py:294} ERROR - Error creating table bronze_dim_exchange_rate: 'Connection' object has no attribute 'commit'
[2025-09-20T18:54:02.092+0000] {01_Bronce.py:356} ERROR - Error in streaming load to bronze_dim_exchange_rate: 'Connection' object has no attribute 'commit'
[2025-09-20T18:54:02.092+0000] {01_Bronce.py:441} ERROR - Error processing table dim.Exchange-Rate: 'Connection' object has no attribute 'commit'
[2025-09-20T18:54:02.100+0000] {taskinstance.py:3313} ERROR - Task failed with exception
Traceback (most recent call last):
  File "/home/airflow/.local/lib/python3.8/site-packages/airflow/models/taskinstance.py", line 768, in _execute_task
    result = _execute_callable(context=context, **execute_callable_kwargs)
  File "/home/airflow/.local/lib/python3.8/site-packages/airflow/models/taskinstance.py", line 734, in _execute_callable
    return ExecutionCallableRunner(
  File "/home/airflow/.local/lib/python3.8/site-packages/airflow/utils/operator_helpers.py", line 252, in run
    return self.func(*args, **kwargs)
  File "/home/airflow/.local/lib/python3.8/site-packages/airflow/models/baseoperator.py", line 424, in wrapper
    return func(self, *args, **kwargs)
  File "/home/airflow/.local/lib/python3.8/site-packages/airflow/operators/python.py", line 238, in execute
    return_value = self.execute_callable()
  File "/home/airflow/.local/lib/python3.8/site-packages/airflow/operators/python.py", line 256, in execute_callable
    return runner.run(*self.op_args, **self.op_kwargs)
  File "/home/airflow/.local/lib/python3.8/site-packages/airflow/utils/operator_helpers.py", line 252, in run
    return self.func(*args, **kwargs)
  File "/opt/airflow/dags/01_Bronce.py", line 423, in extract_and_load_table_optimized
    records_loaded = loader.load_data_streaming(data_iterator, bronze_table_name)
  File "/opt/airflow/dags/01_Bronce.py", line 339, in load_data_streaming
    column_mapping = self.create_table_if_not_exists(chunk, table_name)
  File "/opt/airflow/dags/01_Bronce.py", line 288, in create_table_if_not_exists
    conn.commit()
AttributeError: 'Connection' object has no attribute 'commit'
[2025-09-20T18:54:02.107+0000] {taskinstance.py:1226} INFO - Marking task as UP_FOR_RETRY. dag_id=bronze_full_load_spaceparts_optimized, task_id=extract_load_dim_Exchange_Rate, run_id=scheduled__2024-01-01T00:00:00+00:00, execution_date=20240101T000000, start_date=20250920T185340, end_date=20250920T185402
[2025-09-20T18:54:02.126+0000] {taskinstance.py:341} INFO - ::group::Post task execution logs
[2025-09-20T18:54:02.126+0000] {standard_task_runner.py:124} ERROR - Failed to execute job 153 for task extract_load_dim_Exchange_Rate ('Connection' object has no attribute 'commit'; 292)
Traceback (most recent call last):
  File "/home/airflow/.local/lib/python3.8/site-packages/airflow/task/task_runner/standard_task_runner.py", line 117, in _start_by_fork
    ret = args.func(args, dag=self.dag)
  File "/home/airflow/.local/lib/python3.8/site-packages/airflow/cli/cli_config.py", line 49, in command
    return func(*args, **kwargs)
  File "/home/airflow/.local/lib/python3.8/site-packages/airflow/utils/cli.py", line 116, in wrapper
    return f(*args, **kwargs)
  File "/home/airflow/.local/lib/python3.8/site-packages/airflow/cli/commands/task_command.py", line 483, in task_run
    task_return_code = _run_task_by_selected_method(args, _dag, ti)
  File "/home/airflow/.local/lib/python3.8/site-packages/airflow/cli/commands/task_command.py", line 256, in _run_task_by_selected_method
    return _run_raw_task(args, ti)
  File "/home/airflow/.local/lib/python3.8/site-packages/airflow/cli/commands/task_command.py", line 341, in _run_raw_task
    return ti._run_raw_task(
  File "/home/airflow/.local/lib/python3.8/site-packages/airflow/utils/session.py", line 97, in wrapper
    return func(*args, session=session, **kwargs)
  File "/home/airflow/.local/lib/python3.8/site-packages/airflow/models/taskinstance.py", line 3006, in _run_raw_task
    return _run_raw_task(
  File "/home/airflow/.local/lib/python3.8/site-packages/airflow/models/taskinstance.py", line 274, in _run_raw_task
    TaskInstance._execute_task_with_callbacks(
  File "/home/airflow/.local/lib/python3.8/site-packages/airflow/models/taskinstance.py", line 3161, in _execute_task_with_callbacks
    result = self._execute_task(context, task_orig)
  File "/home/airflow/.local/lib/python3.8/site-packages/airflow/models/taskinstance.py", line 3185, in _execute_task
    return _execute_task(self, context, task_orig)
  File "/home/airflow/.local/lib/python3.8/site-packages/airflow/models/taskinstance.py", line 768, in _execute_task
    result = _execute_callable(context=context, **execute_callable_kwargs)
  File "/home/airflow/.local/lib/python3.8/site-packages/airflow/models/taskinstance.py", line 734, in _execute_callable
    return ExecutionCallableRunner(
  File "/home/airflow/.local/lib/python3.8/site-packages/airflow/utils/operator_helpers.py", line 252, in run
    return self.func(*args, **kwargs)
  File "/home/airflow/.local/lib/python3.8/site-packages/airflow/models/baseoperator.py", line 424, in wrapper
    return func(self, *args, **kwargs)
  File "/home/airflow/.local/lib/python3.8/site-packages/airflow/operators/python.py", line 238, in execute
    return_value = self.execute_callable()
  File "/home/airflow/.local/lib/python3.8/site-packages/airflow/operators/python.py", line 256, in execute_callable
    return runner.run(*self.op_args, **self.op_kwargs)
  File "/home/airflow/.local/lib/python3.8/site-packages/airflow/utils/operator_helpers.py", line 252, in run
    return self.func(*args, **kwargs)
  File "/opt/airflow/dags/01_Bronce.py", line 423, in extract_and_load_table_optimized
    records_loaded = loader.load_data_streaming(data_iterator, bronze_table_name)
  File "/opt/airflow/dags/01_Bronce.py", line 339, in load_data_streaming
    column_mapping = self.create_table_if_not_exists(chunk, table_name)
  File "/opt/airflow/dags/01_Bronce.py", line 288, in create_table_if_not_exists
    conn.commit()
AttributeError: 'Connection' object has no attribute 'commit'
[2025-09-20T18:54:02.170+0000] {local_task_job_runner.py:266} INFO - Task exited with return code 1
[2025-09-20T18:54:02.195+0000] {taskinstance.py:3901} INFO - 0 downstream tasks scheduled from follow-on schedule check
[2025-09-20T18:54:02.197+0000] {local_task_job_runner.py:245} INFO - ::endgroup::
