[2025-09-20T19:47:09.180+0000] {local_task_job_runner.py:123} INFO - ::group::Pre task execution logs
[2025-09-20T19:47:09.211+0000] {taskinstance.py:2614} INFO - Dependencies all met for dep_context=non-requeueable deps ti=<TaskInstance: bronze_full_load_spaceparts_optimized.extract_load_fact_Budget scheduled__2024-01-01T00:00:00+00:00 [queued]>
[2025-09-20T19:47:09.225+0000] {taskinstance.py:2614} INFO - Dependencies all met for dep_context=requeueable deps ti=<TaskInstance: bronze_full_load_spaceparts_optimized.extract_load_fact_Budget scheduled__2024-01-01T00:00:00+00:00 [queued]>
[2025-09-20T19:47:09.226+0000] {taskinstance.py:2867} INFO - Starting attempt 1 of 3
[2025-09-20T19:47:09.242+0000] {taskinstance.py:2890} INFO - Executing <Task(PythonOperator): extract_load_fact_Budget> on 2024-01-01 00:00:00+00:00
[2025-09-20T19:47:09.248+0000] {standard_task_runner.py:72} INFO - Started process 139 to run task
[2025-09-20T19:47:09.254+0000] {standard_task_runner.py:104} INFO - Running: ['***', 'tasks', 'run', 'bronze_full_load_spaceparts_optimized', 'extract_load_fact_Budget', 'scheduled__2024-01-01T00:00:00+00:00', '--job-id', '210', '--raw', '--subdir', 'DAGS_FOLDER/spaceparts_etl_orchestrator.py', '--cfg-path', '/tmp/tmpdxkmgpfl']
[2025-09-20T19:47:09.257+0000] {standard_task_runner.py:105} INFO - Job 210: Subtask extract_load_fact_Budget
[2025-09-20T19:47:09.632+0000] {task_command.py:467} INFO - Running <TaskInstance: bronze_full_load_spaceparts_optimized.extract_load_fact_Budget scheduled__2024-01-01T00:00:00+00:00 [running]> on host fd99d81282fc
[2025-09-20T19:47:09.708+0000] {taskinstance.py:3134} INFO - Exporting env vars: AIRFLOW_CTX_DAG_OWNER='data-team' AIRFLOW_CTX_DAG_ID='bronze_full_load_spaceparts_optimized' AIRFLOW_CTX_TASK_ID='extract_load_fact_Budget' AIRFLOW_CTX_EXECUTION_DATE='2024-01-01T00:00:00+00:00' AIRFLOW_CTX_TRY_NUMBER='1' AIRFLOW_CTX_DAG_RUN_ID='scheduled__2024-01-01T00:00:00+00:00'
[2025-09-20T19:47:09.710+0000] {taskinstance.py:732} INFO - ::endgroup::
[2025-09-20T19:47:09.723+0000] {spaceparts_etl_orchestrator.py:357} INFO - Starting optimized extraction for table: fact.Budget
[2025-09-20T19:47:12.856+0000] {spaceparts_etl_orchestrator.py:368} INFO - Table fact.Budget has 2,947,811 rows
[2025-09-20T19:47:12.857+0000] {spaceparts_etl_orchestrator.py:389} INFO - Using chunk size: 25,000 for 2,947,811 rows
[2025-09-20T19:47:12.857+0000] {spaceparts_etl_orchestrator.py:393} INFO - Starting streaming extraction and load for fact.Budget
[2025-09-20T19:47:16.509+0000] {spaceparts_etl_orchestrator.py:223} INFO - Processing chunk 1 with 25000 rows
[2025-09-20T19:47:16.576+0000] {spaceparts_etl_orchestrator.py:275} INFO - Table bronze_fact_budget created successfully
[2025-09-20T19:47:21.300+0000] {spaceparts_etl_orchestrator.py:324} INFO - Loaded chunk: 25,000 rows. Total: 25,000
[2025-09-20T19:47:21.688+0000] {spaceparts_etl_orchestrator.py:223} INFO - Processing chunk 2 with 25000 rows
[2025-09-20T19:47:26.002+0000] {spaceparts_etl_orchestrator.py:324} INFO - Loaded chunk: 25,000 rows. Total: 50,000
[2025-09-20T19:47:26.305+0000] {spaceparts_etl_orchestrator.py:223} INFO - Processing chunk 3 with 25000 rows
[2025-09-20T19:47:30.779+0000] {spaceparts_etl_orchestrator.py:324} INFO - Loaded chunk: 25,000 rows. Total: 75,000
[2025-09-20T19:47:31.091+0000] {spaceparts_etl_orchestrator.py:223} INFO - Processing chunk 4 with 25000 rows
[2025-09-20T19:47:35.081+0000] {spaceparts_etl_orchestrator.py:324} INFO - Loaded chunk: 25,000 rows. Total: 100,000
[2025-09-20T19:47:35.420+0000] {spaceparts_etl_orchestrator.py:223} INFO - Processing chunk 5 with 25000 rows
[2025-09-20T19:47:39.206+0000] {spaceparts_etl_orchestrator.py:324} INFO - Loaded chunk: 25,000 rows. Total: 125,000
[2025-09-20T19:47:39.489+0000] {spaceparts_etl_orchestrator.py:223} INFO - Processing chunk 6 with 25000 rows
[2025-09-20T19:47:47.226+0000] {spaceparts_etl_orchestrator.py:324} INFO - Loaded chunk: 25,000 rows. Total: 150,000
[2025-09-20T19:47:47.567+0000] {spaceparts_etl_orchestrator.py:223} INFO - Processing chunk 7 with 25000 rows
[2025-09-20T19:47:51.190+0000] {spaceparts_etl_orchestrator.py:324} INFO - Loaded chunk: 25,000 rows. Total: 175,000
[2025-09-20T19:47:51.479+0000] {spaceparts_etl_orchestrator.py:223} INFO - Processing chunk 8 with 25000 rows
[2025-09-20T19:47:55.876+0000] {spaceparts_etl_orchestrator.py:324} INFO - Loaded chunk: 25,000 rows. Total: 200,000
[2025-09-20T19:47:56.193+0000] {spaceparts_etl_orchestrator.py:223} INFO - Processing chunk 9 with 25000 rows
[2025-09-20T19:48:00.304+0000] {spaceparts_etl_orchestrator.py:324} INFO - Loaded chunk: 25,000 rows. Total: 225,000
[2025-09-20T19:48:00.618+0000] {spaceparts_etl_orchestrator.py:223} INFO - Processing chunk 10 with 25000 rows
[2025-09-20T19:48:04.322+0000] {spaceparts_etl_orchestrator.py:324} INFO - Loaded chunk: 25,000 rows. Total: 250,000
[2025-09-20T19:48:04.640+0000] {spaceparts_etl_orchestrator.py:223} INFO - Processing chunk 11 with 25000 rows
[2025-09-20T19:48:08.341+0000] {spaceparts_etl_orchestrator.py:324} INFO - Loaded chunk: 25,000 rows. Total: 275,000
[2025-09-20T19:48:08.661+0000] {spaceparts_etl_orchestrator.py:223} INFO - Processing chunk 12 with 25000 rows
[2025-09-20T19:48:13.495+0000] {spaceparts_etl_orchestrator.py:324} INFO - Loaded chunk: 25,000 rows. Total: 300,000
[2025-09-20T19:48:13.836+0000] {spaceparts_etl_orchestrator.py:223} INFO - Processing chunk 13 with 25000 rows
[2025-09-20T19:48:20.963+0000] {spaceparts_etl_orchestrator.py:324} INFO - Loaded chunk: 25,000 rows. Total: 325,000
[2025-09-20T19:48:21.285+0000] {spaceparts_etl_orchestrator.py:223} INFO - Processing chunk 14 with 25000 rows
[2025-09-20T19:48:25.164+0000] {spaceparts_etl_orchestrator.py:324} INFO - Loaded chunk: 25,000 rows. Total: 350,000
[2025-09-20T19:48:25.417+0000] {spaceparts_etl_orchestrator.py:223} INFO - Processing chunk 15 with 25000 rows
[2025-09-20T19:48:29.247+0000] {spaceparts_etl_orchestrator.py:324} INFO - Loaded chunk: 25,000 rows. Total: 375,000
[2025-09-20T19:48:29.542+0000] {spaceparts_etl_orchestrator.py:223} INFO - Processing chunk 16 with 25000 rows
[2025-09-20T19:48:33.941+0000] {spaceparts_etl_orchestrator.py:324} INFO - Loaded chunk: 25,000 rows. Total: 400,000
[2025-09-20T19:48:34.289+0000] {spaceparts_etl_orchestrator.py:223} INFO - Processing chunk 17 with 25000 rows
[2025-09-20T19:48:38.340+0000] {spaceparts_etl_orchestrator.py:324} INFO - Loaded chunk: 25,000 rows. Total: 425,000
[2025-09-20T19:48:38.668+0000] {spaceparts_etl_orchestrator.py:223} INFO - Processing chunk 18 with 25000 rows
[2025-09-20T19:48:42.344+0000] {spaceparts_etl_orchestrator.py:324} INFO - Loaded chunk: 25,000 rows. Total: 450,000
[2025-09-20T19:48:42.629+0000] {spaceparts_etl_orchestrator.py:223} INFO - Processing chunk 19 with 25000 rows
[2025-09-20T19:48:46.938+0000] {spaceparts_etl_orchestrator.py:324} INFO - Loaded chunk: 25,000 rows. Total: 475,000
[2025-09-20T19:48:47.248+0000] {spaceparts_etl_orchestrator.py:223} INFO - Processing chunk 20 with 25000 rows
[2025-09-20T19:48:50.413+0000] {spaceparts_etl_orchestrator.py:324} INFO - Loaded chunk: 25,000 rows. Total: 500,000
[2025-09-20T19:48:50.644+0000] {spaceparts_etl_orchestrator.py:223} INFO - Processing chunk 21 with 25000 rows
[2025-09-20T19:48:57.249+0000] {spaceparts_etl_orchestrator.py:324} INFO - Loaded chunk: 25,000 rows. Total: 525,000
[2025-09-20T19:48:57.520+0000] {spaceparts_etl_orchestrator.py:223} INFO - Processing chunk 22 with 25000 rows
[2025-09-20T19:49:00.386+0000] {spaceparts_etl_orchestrator.py:324} INFO - Loaded chunk: 25,000 rows. Total: 550,000
[2025-09-20T19:49:00.706+0000] {spaceparts_etl_orchestrator.py:223} INFO - Processing chunk 23 with 25000 rows
[2025-09-20T19:49:03.595+0000] {spaceparts_etl_orchestrator.py:324} INFO - Loaded chunk: 25,000 rows. Total: 575,000
[2025-09-20T19:49:03.866+0000] {spaceparts_etl_orchestrator.py:223} INFO - Processing chunk 24 with 25000 rows
[2025-09-20T19:49:07.158+0000] {spaceparts_etl_orchestrator.py:324} INFO - Loaded chunk: 25,000 rows. Total: 600,000
[2025-09-20T19:49:07.498+0000] {spaceparts_etl_orchestrator.py:223} INFO - Processing chunk 25 with 25000 rows
[2025-09-20T19:49:11.164+0000] {spaceparts_etl_orchestrator.py:324} INFO - Loaded chunk: 25,000 rows. Total: 625,000
[2025-09-20T19:49:11.419+0000] {spaceparts_etl_orchestrator.py:223} INFO - Processing chunk 26 with 25000 rows
[2025-09-20T19:49:14.396+0000] {spaceparts_etl_orchestrator.py:324} INFO - Loaded chunk: 25,000 rows. Total: 650,000
[2025-09-20T19:49:14.656+0000] {spaceparts_etl_orchestrator.py:223} INFO - Processing chunk 27 with 25000 rows
[2025-09-20T19:49:17.854+0000] {spaceparts_etl_orchestrator.py:324} INFO - Loaded chunk: 25,000 rows. Total: 675,000
[2025-09-20T19:49:18.099+0000] {spaceparts_etl_orchestrator.py:223} INFO - Processing chunk 28 with 25000 rows
[2025-09-20T19:49:21.041+0000] {spaceparts_etl_orchestrator.py:324} INFO - Loaded chunk: 25,000 rows. Total: 700,000
[2025-09-20T19:49:21.301+0000] {spaceparts_etl_orchestrator.py:223} INFO - Processing chunk 29 with 25000 rows
[2025-09-20T19:49:24.151+0000] {spaceparts_etl_orchestrator.py:324} INFO - Loaded chunk: 25,000 rows. Total: 725,000
[2025-09-20T19:49:24.381+0000] {spaceparts_etl_orchestrator.py:223} INFO - Processing chunk 30 with 25000 rows
[2025-09-20T19:49:26.902+0000] {spaceparts_etl_orchestrator.py:324} INFO - Loaded chunk: 25,000 rows. Total: 750,000
[2025-09-20T19:49:27.124+0000] {spaceparts_etl_orchestrator.py:223} INFO - Processing chunk 31 with 25000 rows
[2025-09-20T19:49:32.972+0000] {spaceparts_etl_orchestrator.py:324} INFO - Loaded chunk: 25,000 rows. Total: 775,000
[2025-09-20T19:49:33.236+0000] {spaceparts_etl_orchestrator.py:223} INFO - Processing chunk 32 with 25000 rows
[2025-09-20T19:49:35.815+0000] {spaceparts_etl_orchestrator.py:324} INFO - Loaded chunk: 25,000 rows. Total: 800,000
[2025-09-20T19:49:36.117+0000] {spaceparts_etl_orchestrator.py:223} INFO - Processing chunk 33 with 25000 rows
[2025-09-20T19:49:38.876+0000] {spaceparts_etl_orchestrator.py:324} INFO - Loaded chunk: 25,000 rows. Total: 825,000
[2025-09-20T19:49:39.175+0000] {spaceparts_etl_orchestrator.py:223} INFO - Processing chunk 34 with 25000 rows
[2025-09-20T19:49:42.162+0000] {spaceparts_etl_orchestrator.py:324} INFO - Loaded chunk: 25,000 rows. Total: 850,000
[2025-09-20T19:49:42.538+0000] {spaceparts_etl_orchestrator.py:223} INFO - Processing chunk 35 with 25000 rows
[2025-09-20T19:49:45.443+0000] {spaceparts_etl_orchestrator.py:324} INFO - Loaded chunk: 25,000 rows. Total: 875,000
[2025-09-20T19:49:45.672+0000] {spaceparts_etl_orchestrator.py:223} INFO - Processing chunk 36 with 25000 rows
[2025-09-20T19:49:48.468+0000] {spaceparts_etl_orchestrator.py:324} INFO - Loaded chunk: 25,000 rows. Total: 900,000
[2025-09-20T19:49:48.666+0000] {spaceparts_etl_orchestrator.py:223} INFO - Processing chunk 37 with 25000 rows
[2025-09-20T19:49:51.840+0000] {spaceparts_etl_orchestrator.py:324} INFO - Loaded chunk: 25,000 rows. Total: 925,000
[2025-09-20T19:49:52.146+0000] {spaceparts_etl_orchestrator.py:223} INFO - Processing chunk 38 with 25000 rows
[2025-09-20T19:49:55.713+0000] {spaceparts_etl_orchestrator.py:324} INFO - Loaded chunk: 25,000 rows. Total: 950,000
[2025-09-20T19:49:55.994+0000] {spaceparts_etl_orchestrator.py:223} INFO - Processing chunk 39 with 25000 rows
[2025-09-20T19:49:59.501+0000] {spaceparts_etl_orchestrator.py:324} INFO - Loaded chunk: 25,000 rows. Total: 975,000
[2025-09-20T19:49:59.752+0000] {spaceparts_etl_orchestrator.py:223} INFO - Processing chunk 40 with 25000 rows
[2025-09-20T19:50:02.630+0000] {spaceparts_etl_orchestrator.py:324} INFO - Loaded chunk: 25,000 rows. Total: 1,000,000
[2025-09-20T19:50:02.894+0000] {spaceparts_etl_orchestrator.py:223} INFO - Processing chunk 41 with 25000 rows
[2025-09-20T19:50:09.320+0000] {spaceparts_etl_orchestrator.py:324} INFO - Loaded chunk: 25,000 rows. Total: 1,025,000
[2025-09-20T19:50:09.569+0000] {spaceparts_etl_orchestrator.py:223} INFO - Processing chunk 42 with 25000 rows
[2025-09-20T19:50:12.228+0000] {spaceparts_etl_orchestrator.py:324} INFO - Loaded chunk: 25,000 rows. Total: 1,050,000
[2025-09-20T19:50:12.466+0000] {spaceparts_etl_orchestrator.py:223} INFO - Processing chunk 43 with 25000 rows
[2025-09-20T19:50:14.720+0000] {spaceparts_etl_orchestrator.py:324} INFO - Loaded chunk: 25,000 rows. Total: 1,075,000
[2025-09-20T19:50:14.921+0000] {spaceparts_etl_orchestrator.py:223} INFO - Processing chunk 44 with 25000 rows
[2025-09-20T19:50:17.244+0000] {spaceparts_etl_orchestrator.py:324} INFO - Loaded chunk: 25,000 rows. Total: 1,100,000
[2025-09-20T19:50:17.458+0000] {spaceparts_etl_orchestrator.py:223} INFO - Processing chunk 45 with 25000 rows
[2025-09-20T19:50:19.793+0000] {spaceparts_etl_orchestrator.py:324} INFO - Loaded chunk: 25,000 rows. Total: 1,125,000
[2025-09-20T19:50:20.052+0000] {spaceparts_etl_orchestrator.py:223} INFO - Processing chunk 46 with 25000 rows
[2025-09-20T19:50:22.785+0000] {spaceparts_etl_orchestrator.py:324} INFO - Loaded chunk: 25,000 rows. Total: 1,150,000
[2025-09-20T19:50:23.053+0000] {spaceparts_etl_orchestrator.py:223} INFO - Processing chunk 47 with 25000 rows
[2025-09-20T19:50:25.903+0000] {spaceparts_etl_orchestrator.py:324} INFO - Loaded chunk: 25,000 rows. Total: 1,175,000
[2025-09-20T19:50:26.113+0000] {spaceparts_etl_orchestrator.py:223} INFO - Processing chunk 48 with 25000 rows
[2025-09-20T19:50:28.648+0000] {spaceparts_etl_orchestrator.py:324} INFO - Loaded chunk: 25,000 rows. Total: 1,200,000
[2025-09-20T19:50:28.872+0000] {spaceparts_etl_orchestrator.py:223} INFO - Processing chunk 49 with 25000 rows
[2025-09-20T19:50:31.732+0000] {spaceparts_etl_orchestrator.py:324} INFO - Loaded chunk: 25,000 rows. Total: 1,225,000
[2025-09-20T19:50:31.945+0000] {spaceparts_etl_orchestrator.py:223} INFO - Processing chunk 50 with 25000 rows
[2025-09-20T19:50:34.778+0000] {spaceparts_etl_orchestrator.py:324} INFO - Loaded chunk: 25,000 rows. Total: 1,250,000
[2025-09-20T19:50:35.026+0000] {spaceparts_etl_orchestrator.py:223} INFO - Processing chunk 51 with 25000 rows
[2025-09-20T19:50:37.835+0000] {spaceparts_etl_orchestrator.py:324} INFO - Loaded chunk: 25,000 rows. Total: 1,275,000
[2025-09-20T19:50:38.061+0000] {spaceparts_etl_orchestrator.py:223} INFO - Processing chunk 52 with 25000 rows
[2025-09-20T19:50:44.787+0000] {spaceparts_etl_orchestrator.py:324} INFO - Loaded chunk: 25,000 rows. Total: 1,300,000
[2025-09-20T19:50:45.030+0000] {spaceparts_etl_orchestrator.py:223} INFO - Processing chunk 53 with 25000 rows
[2025-09-20T19:50:48.175+0000] {spaceparts_etl_orchestrator.py:324} INFO - Loaded chunk: 25,000 rows. Total: 1,325,000
[2025-09-20T19:50:48.472+0000] {spaceparts_etl_orchestrator.py:223} INFO - Processing chunk 54 with 25000 rows
[2025-09-20T19:50:51.853+0000] {spaceparts_etl_orchestrator.py:324} INFO - Loaded chunk: 25,000 rows. Total: 1,350,000
[2025-09-20T19:50:52.151+0000] {spaceparts_etl_orchestrator.py:223} INFO - Processing chunk 55 with 25000 rows
[2025-09-20T19:50:56.099+0000] {spaceparts_etl_orchestrator.py:324} INFO - Loaded chunk: 25,000 rows. Total: 1,375,000
[2025-09-20T19:50:56.425+0000] {spaceparts_etl_orchestrator.py:223} INFO - Processing chunk 56 with 25000 rows
[2025-09-20T19:51:00.365+0000] {spaceparts_etl_orchestrator.py:324} INFO - Loaded chunk: 25,000 rows. Total: 1,400,000
[2025-09-20T19:51:00.597+0000] {spaceparts_etl_orchestrator.py:223} INFO - Processing chunk 57 with 25000 rows
[2025-09-20T19:51:03.113+0000] {spaceparts_etl_orchestrator.py:324} INFO - Loaded chunk: 25,000 rows. Total: 1,425,000
[2025-09-20T19:51:03.402+0000] {spaceparts_etl_orchestrator.py:223} INFO - Processing chunk 58 with 25000 rows
[2025-09-20T19:51:05.980+0000] {spaceparts_etl_orchestrator.py:324} INFO - Loaded chunk: 25,000 rows. Total: 1,450,000
[2025-09-20T19:51:06.246+0000] {spaceparts_etl_orchestrator.py:223} INFO - Processing chunk 59 with 25000 rows
[2025-09-20T19:51:08.702+0000] {spaceparts_etl_orchestrator.py:324} INFO - Loaded chunk: 25,000 rows. Total: 1,475,000
[2025-09-20T19:51:08.924+0000] {spaceparts_etl_orchestrator.py:223} INFO - Processing chunk 60 with 25000 rows
[2025-09-20T19:51:11.844+0000] {spaceparts_etl_orchestrator.py:324} INFO - Loaded chunk: 25,000 rows. Total: 1,500,000
[2025-09-20T19:51:12.147+0000] {spaceparts_etl_orchestrator.py:223} INFO - Processing chunk 61 with 25000 rows
[2025-09-20T19:51:14.561+0000] {spaceparts_etl_orchestrator.py:324} INFO - Loaded chunk: 25,000 rows. Total: 1,525,000
[2025-09-20T19:51:14.793+0000] {spaceparts_etl_orchestrator.py:223} INFO - Processing chunk 62 with 25000 rows
[2025-09-20T19:51:20.946+0000] {spaceparts_etl_orchestrator.py:324} INFO - Loaded chunk: 25,000 rows. Total: 1,550,000
[2025-09-20T19:51:21.217+0000] {spaceparts_etl_orchestrator.py:223} INFO - Processing chunk 63 with 25000 rows
[2025-09-20T19:51:23.895+0000] {spaceparts_etl_orchestrator.py:324} INFO - Loaded chunk: 25,000 rows. Total: 1,575,000
[2025-09-20T19:51:24.157+0000] {spaceparts_etl_orchestrator.py:223} INFO - Processing chunk 64 with 25000 rows
[2025-09-20T19:51:26.783+0000] {spaceparts_etl_orchestrator.py:324} INFO - Loaded chunk: 25,000 rows. Total: 1,600,000
[2025-09-20T19:51:27.003+0000] {spaceparts_etl_orchestrator.py:223} INFO - Processing chunk 65 with 25000 rows
[2025-09-20T19:51:29.525+0000] {spaceparts_etl_orchestrator.py:324} INFO - Loaded chunk: 25,000 rows. Total: 1,625,000
[2025-09-20T19:51:29.747+0000] {spaceparts_etl_orchestrator.py:223} INFO - Processing chunk 66 with 25000 rows
[2025-09-20T19:51:32.369+0000] {spaceparts_etl_orchestrator.py:324} INFO - Loaded chunk: 25,000 rows. Total: 1,650,000
[2025-09-20T19:51:32.650+0000] {spaceparts_etl_orchestrator.py:223} INFO - Processing chunk 67 with 25000 rows
[2025-09-20T19:51:35.689+0000] {spaceparts_etl_orchestrator.py:324} INFO - Loaded chunk: 25,000 rows. Total: 1,675,000
[2025-09-20T19:51:35.953+0000] {spaceparts_etl_orchestrator.py:223} INFO - Processing chunk 68 with 25000 rows
[2025-09-20T19:51:38.527+0000] {spaceparts_etl_orchestrator.py:324} INFO - Loaded chunk: 25,000 rows. Total: 1,700,000
[2025-09-20T19:51:38.735+0000] {spaceparts_etl_orchestrator.py:223} INFO - Processing chunk 69 with 25000 rows
[2025-09-20T19:51:41.360+0000] {spaceparts_etl_orchestrator.py:324} INFO - Loaded chunk: 25,000 rows. Total: 1,725,000
[2025-09-20T19:51:41.599+0000] {spaceparts_etl_orchestrator.py:223} INFO - Processing chunk 70 with 25000 rows
[2025-09-20T19:51:44.337+0000] {spaceparts_etl_orchestrator.py:324} INFO - Loaded chunk: 25,000 rows. Total: 1,750,000
[2025-09-20T19:51:44.552+0000] {spaceparts_etl_orchestrator.py:223} INFO - Processing chunk 71 with 25000 rows
[2025-09-20T19:51:47.255+0000] {spaceparts_etl_orchestrator.py:324} INFO - Loaded chunk: 25,000 rows. Total: 1,775,000
[2025-09-20T19:51:47.468+0000] {spaceparts_etl_orchestrator.py:223} INFO - Processing chunk 72 with 25000 rows
[2025-09-20T19:51:50.228+0000] {spaceparts_etl_orchestrator.py:324} INFO - Loaded chunk: 25,000 rows. Total: 1,800,000
[2025-09-20T19:51:50.489+0000] {spaceparts_etl_orchestrator.py:223} INFO - Processing chunk 73 with 25000 rows
[2025-09-20T19:51:57.235+0000] {spaceparts_etl_orchestrator.py:324} INFO - Loaded chunk: 25,000 rows. Total: 1,825,000
[2025-09-20T19:51:57.487+0000] {spaceparts_etl_orchestrator.py:223} INFO - Processing chunk 74 with 25000 rows
[2025-09-20T19:52:00.138+0000] {spaceparts_etl_orchestrator.py:324} INFO - Loaded chunk: 25,000 rows. Total: 1,850,000
[2025-09-20T19:52:00.443+0000] {spaceparts_etl_orchestrator.py:223} INFO - Processing chunk 75 with 25000 rows
[2025-09-20T19:52:03.268+0000] {spaceparts_etl_orchestrator.py:324} INFO - Loaded chunk: 25,000 rows. Total: 1,875,000
[2025-09-20T19:52:03.495+0000] {spaceparts_etl_orchestrator.py:223} INFO - Processing chunk 76 with 25000 rows
[2025-09-20T19:52:06.324+0000] {spaceparts_etl_orchestrator.py:324} INFO - Loaded chunk: 25,000 rows. Total: 1,900,000
[2025-09-20T19:52:06.596+0000] {spaceparts_etl_orchestrator.py:223} INFO - Processing chunk 77 with 25000 rows
[2025-09-20T19:52:09.643+0000] {spaceparts_etl_orchestrator.py:324} INFO - Loaded chunk: 25,000 rows. Total: 1,925,000
[2025-09-20T19:52:09.940+0000] {spaceparts_etl_orchestrator.py:223} INFO - Processing chunk 78 with 25000 rows
[2025-09-20T19:52:13.198+0000] {spaceparts_etl_orchestrator.py:324} INFO - Loaded chunk: 25,000 rows. Total: 1,950,000
[2025-09-20T19:52:13.419+0000] {spaceparts_etl_orchestrator.py:223} INFO - Processing chunk 79 with 25000 rows
[2025-09-20T19:52:16.647+0000] {spaceparts_etl_orchestrator.py:324} INFO - Loaded chunk: 25,000 rows. Total: 1,975,000
[2025-09-20T19:52:16.983+0000] {spaceparts_etl_orchestrator.py:223} INFO - Processing chunk 80 with 25000 rows
[2025-09-20T19:52:19.843+0000] {spaceparts_etl_orchestrator.py:324} INFO - Loaded chunk: 25,000 rows. Total: 2,000,000
[2025-09-20T19:52:20.090+0000] {spaceparts_etl_orchestrator.py:223} INFO - Processing chunk 81 with 25000 rows
[2025-09-20T19:52:22.952+0000] {spaceparts_etl_orchestrator.py:324} INFO - Loaded chunk: 25,000 rows. Total: 2,025,000
[2025-09-20T19:52:23.169+0000] {spaceparts_etl_orchestrator.py:223} INFO - Processing chunk 82 with 25000 rows
[2025-09-20T19:52:25.966+0000] {spaceparts_etl_orchestrator.py:324} INFO - Loaded chunk: 25,000 rows. Total: 2,050,000
[2025-09-20T19:52:26.219+0000] {spaceparts_etl_orchestrator.py:223} INFO - Processing chunk 83 with 25000 rows
[2025-09-20T19:52:32.448+0000] {spaceparts_etl_orchestrator.py:324} INFO - Loaded chunk: 25,000 rows. Total: 2,075,000
[2025-09-20T19:52:32.671+0000] {spaceparts_etl_orchestrator.py:223} INFO - Processing chunk 84 with 25000 rows
[2025-09-20T19:52:35.260+0000] {spaceparts_etl_orchestrator.py:324} INFO - Loaded chunk: 25,000 rows. Total: 2,100,000
[2025-09-20T19:52:35.484+0000] {spaceparts_etl_orchestrator.py:223} INFO - Processing chunk 85 with 25000 rows
[2025-09-20T19:52:38.230+0000] {spaceparts_etl_orchestrator.py:324} INFO - Loaded chunk: 25,000 rows. Total: 2,125,000
[2025-09-20T19:52:38.448+0000] {spaceparts_etl_orchestrator.py:223} INFO - Processing chunk 86 with 25000 rows
[2025-09-20T19:52:41.111+0000] {spaceparts_etl_orchestrator.py:324} INFO - Loaded chunk: 25,000 rows. Total: 2,150,000
[2025-09-20T19:52:41.376+0000] {spaceparts_etl_orchestrator.py:223} INFO - Processing chunk 87 with 25000 rows
[2025-09-20T19:52:44.187+0000] {spaceparts_etl_orchestrator.py:324} INFO - Loaded chunk: 25,000 rows. Total: 2,175,000
[2025-09-20T19:52:44.422+0000] {spaceparts_etl_orchestrator.py:223} INFO - Processing chunk 88 with 25000 rows
[2025-09-20T19:52:47.421+0000] {spaceparts_etl_orchestrator.py:324} INFO - Loaded chunk: 25,000 rows. Total: 2,200,000
[2025-09-20T19:52:47.718+0000] {spaceparts_etl_orchestrator.py:223} INFO - Processing chunk 89 with 25000 rows
[2025-09-20T19:52:50.617+0000] {spaceparts_etl_orchestrator.py:324} INFO - Loaded chunk: 25,000 rows. Total: 2,225,000
[2025-09-20T19:52:50.857+0000] {spaceparts_etl_orchestrator.py:223} INFO - Processing chunk 90 with 25000 rows
[2025-09-20T19:52:53.480+0000] {spaceparts_etl_orchestrator.py:324} INFO - Loaded chunk: 25,000 rows. Total: 2,250,000
[2025-09-20T19:52:53.704+0000] {spaceparts_etl_orchestrator.py:223} INFO - Processing chunk 91 with 25000 rows
[2025-09-20T19:52:56.624+0000] {spaceparts_etl_orchestrator.py:324} INFO - Loaded chunk: 25,000 rows. Total: 2,275,000
[2025-09-20T19:52:56.897+0000] {spaceparts_etl_orchestrator.py:223} INFO - Processing chunk 92 with 25000 rows
[2025-09-20T19:52:59.595+0000] {spaceparts_etl_orchestrator.py:324} INFO - Loaded chunk: 25,000 rows. Total: 2,300,000
[2025-09-20T19:52:59.828+0000] {spaceparts_etl_orchestrator.py:223} INFO - Processing chunk 93 with 25000 rows
[2025-09-20T19:53:02.353+0000] {spaceparts_etl_orchestrator.py:324} INFO - Loaded chunk: 25,000 rows. Total: 2,325,000
[2025-09-20T19:53:02.561+0000] {spaceparts_etl_orchestrator.py:223} INFO - Processing chunk 94 with 25000 rows
[2025-09-20T19:53:08.971+0000] {spaceparts_etl_orchestrator.py:324} INFO - Loaded chunk: 25,000 rows. Total: 2,350,000
[2025-09-20T19:53:09.224+0000] {spaceparts_etl_orchestrator.py:223} INFO - Processing chunk 95 with 25000 rows
[2025-09-20T19:53:11.976+0000] {spaceparts_etl_orchestrator.py:324} INFO - Loaded chunk: 25,000 rows. Total: 2,375,000
[2025-09-20T19:53:12.193+0000] {spaceparts_etl_orchestrator.py:223} INFO - Processing chunk 96 with 25000 rows
[2025-09-20T19:53:14.776+0000] {spaceparts_etl_orchestrator.py:324} INFO - Loaded chunk: 25,000 rows. Total: 2,400,000
[2025-09-20T19:53:15.072+0000] {spaceparts_etl_orchestrator.py:223} INFO - Processing chunk 97 with 25000 rows
[2025-09-20T19:53:17.551+0000] {spaceparts_etl_orchestrator.py:324} INFO - Loaded chunk: 25,000 rows. Total: 2,425,000
[2025-09-20T19:53:17.792+0000] {spaceparts_etl_orchestrator.py:223} INFO - Processing chunk 98 with 25000 rows
[2025-09-20T19:53:20.627+0000] {spaceparts_etl_orchestrator.py:324} INFO - Loaded chunk: 25,000 rows. Total: 2,450,000
[2025-09-20T19:53:20.905+0000] {spaceparts_etl_orchestrator.py:223} INFO - Processing chunk 99 with 25000 rows
[2025-09-20T19:53:24.164+0000] {spaceparts_etl_orchestrator.py:324} INFO - Loaded chunk: 25,000 rows. Total: 2,475,000
[2025-09-20T19:53:24.474+0000] {spaceparts_etl_orchestrator.py:223} INFO - Processing chunk 100 with 25000 rows
[2025-09-20T19:53:27.296+0000] {spaceparts_etl_orchestrator.py:324} INFO - Loaded chunk: 25,000 rows. Total: 2,500,000
[2025-09-20T19:53:27.555+0000] {spaceparts_etl_orchestrator.py:223} INFO - Processing chunk 101 with 25000 rows
[2025-09-20T19:53:30.230+0000] {spaceparts_etl_orchestrator.py:324} INFO - Loaded chunk: 25,000 rows. Total: 2,525,000
[2025-09-20T19:53:30.534+0000] {spaceparts_etl_orchestrator.py:223} INFO - Processing chunk 102 with 25000 rows
[2025-09-20T19:53:33.440+0000] {spaceparts_etl_orchestrator.py:324} INFO - Loaded chunk: 25,000 rows. Total: 2,550,000
[2025-09-20T19:53:33.712+0000] {spaceparts_etl_orchestrator.py:223} INFO - Processing chunk 103 with 25000 rows
[2025-09-20T19:53:36.689+0000] {spaceparts_etl_orchestrator.py:324} INFO - Loaded chunk: 25,000 rows. Total: 2,575,000
[2025-09-20T19:53:36.956+0000] {spaceparts_etl_orchestrator.py:223} INFO - Processing chunk 104 with 25000 rows
[2025-09-20T19:53:43.175+0000] {spaceparts_etl_orchestrator.py:324} INFO - Loaded chunk: 25,000 rows. Total: 2,600,000
[2025-09-20T19:53:43.425+0000] {spaceparts_etl_orchestrator.py:223} INFO - Processing chunk 105 with 25000 rows
[2025-09-20T19:53:46.283+0000] {spaceparts_etl_orchestrator.py:324} INFO - Loaded chunk: 25,000 rows. Total: 2,625,000
[2025-09-20T19:53:46.579+0000] {spaceparts_etl_orchestrator.py:223} INFO - Processing chunk 106 with 25000 rows
[2025-09-20T19:53:49.528+0000] {spaceparts_etl_orchestrator.py:324} INFO - Loaded chunk: 25,000 rows. Total: 2,650,000
[2025-09-20T19:53:49.780+0000] {spaceparts_etl_orchestrator.py:223} INFO - Processing chunk 107 with 25000 rows
[2025-09-20T19:53:52.671+0000] {spaceparts_etl_orchestrator.py:324} INFO - Loaded chunk: 25,000 rows. Total: 2,675,000
[2025-09-20T19:53:52.911+0000] {spaceparts_etl_orchestrator.py:223} INFO - Processing chunk 108 with 25000 rows
[2025-09-20T19:53:56.055+0000] {spaceparts_etl_orchestrator.py:324} INFO - Loaded chunk: 25,000 rows. Total: 2,700,000
[2025-09-20T19:53:56.343+0000] {spaceparts_etl_orchestrator.py:223} INFO - Processing chunk 109 with 25000 rows
[2025-09-20T19:53:59.891+0000] {spaceparts_etl_orchestrator.py:324} INFO - Loaded chunk: 25,000 rows. Total: 2,725,000
[2025-09-20T19:54:00.171+0000] {spaceparts_etl_orchestrator.py:223} INFO - Processing chunk 110 with 25000 rows
[2025-09-20T19:54:03.451+0000] {spaceparts_etl_orchestrator.py:324} INFO - Loaded chunk: 25,000 rows. Total: 2,750,000
[2025-09-20T19:54:03.688+0000] {spaceparts_etl_orchestrator.py:223} INFO - Processing chunk 111 with 25000 rows
[2025-09-20T19:54:07.271+0000] {spaceparts_etl_orchestrator.py:324} INFO - Loaded chunk: 25,000 rows. Total: 2,775,000
[2025-09-20T19:54:07.586+0000] {spaceparts_etl_orchestrator.py:223} INFO - Processing chunk 112 with 25000 rows
[2025-09-20T19:54:11.917+0000] {spaceparts_etl_orchestrator.py:324} INFO - Loaded chunk: 25,000 rows. Total: 2,800,000
[2025-09-20T19:54:12.309+0000] {spaceparts_etl_orchestrator.py:223} INFO - Processing chunk 113 with 25000 rows
[2025-09-20T19:54:20.074+0000] {spaceparts_etl_orchestrator.py:324} INFO - Loaded chunk: 25,000 rows. Total: 2,825,000
[2025-09-20T19:54:20.465+0000] {spaceparts_etl_orchestrator.py:223} INFO - Processing chunk 114 with 25000 rows
[2025-09-20T19:54:26.067+0000] {spaceparts_etl_orchestrator.py:324} INFO - Loaded chunk: 25,000 rows. Total: 2,850,000
[2025-09-20T19:54:26.349+0000] {spaceparts_etl_orchestrator.py:223} INFO - Processing chunk 115 with 25000 rows
[2025-09-20T19:54:32.192+0000] {spaceparts_etl_orchestrator.py:324} INFO - Loaded chunk: 25,000 rows. Total: 2,875,000
[2025-09-20T19:54:32.596+0000] {spaceparts_etl_orchestrator.py:223} INFO - Processing chunk 116 with 25000 rows
[2025-09-20T19:54:39.324+0000] {spaceparts_etl_orchestrator.py:324} INFO - Loaded chunk: 25,000 rows. Total: 2,900,000
[2025-09-20T19:54:39.934+0000] {spaceparts_etl_orchestrator.py:223} INFO - Processing chunk 117 with 25000 rows
[2025-09-20T19:54:44.499+0000] {spaceparts_etl_orchestrator.py:324} INFO - Loaded chunk: 25,000 rows. Total: 2,925,000
[2025-09-20T19:54:44.729+0000] {spaceparts_etl_orchestrator.py:223} INFO - Processing chunk 118 with 22811 rows
[2025-09-20T19:54:47.093+0000] {spaceparts_etl_orchestrator.py:324} INFO - Loaded chunk: 22,811 rows. Total: 2,947,811
[2025-09-20T19:54:47.420+0000] {spaceparts_etl_orchestrator.py:330} INFO - Completed loading 2,947,811 total rows to bronze_fact_budget
[2025-09-20T19:54:47.421+0000] {spaceparts_etl_orchestrator.py:406} INFO - Successfully loaded 2,947,811 records to bronze_fact_budget
[2025-09-20T19:54:47.431+0000] {python.py:240} INFO - Done. Returned value was: {'source_table': 'fact.Budget', 'bronze_table': 'bronze_fact_budget', 'record_count': 2947811, 'status': 'success', 'extraction_time': '2025-09-20T19:54:47.421090', 'chunk_size_used': 25000}
[2025-09-20T19:54:47.445+0000] {taskinstance.py:341} INFO - ::group::Post task execution logs
[2025-09-20T19:54:47.445+0000] {taskinstance.py:353} INFO - Marking task as SUCCESS. dag_id=bronze_full_load_spaceparts_optimized, task_id=extract_load_fact_Budget, run_id=scheduled__2024-01-01T00:00:00+00:00, execution_date=20240101T000000, start_date=20250920T194709, end_date=20250920T195447
[2025-09-20T19:54:47.495+0000] {local_task_job_runner.py:266} INFO - Task exited with return code 0
[2025-09-20T19:54:47.529+0000] {taskinstance.py:3901} INFO - 0 downstream tasks scheduled from follow-on schedule check
[2025-09-20T19:54:47.533+0000] {local_task_job_runner.py:245} INFO - ::endgroup::
