[2025-09-20T19:47:09.170+0000] {local_task_job_runner.py:123} INFO - ::group::Pre task execution logs
[2025-09-20T19:47:09.195+0000] {taskinstance.py:2614} INFO - Dependencies all met for dep_context=non-requeueable deps ti=<TaskInstance: bronze_full_load_spaceparts_optimized.extract_load_dim_Employees scheduled__2024-01-01T00:00:00+00:00 [queued]>
[2025-09-20T19:47:09.208+0000] {taskinstance.py:2614} INFO - Dependencies all met for dep_context=requeueable deps ti=<TaskInstance: bronze_full_load_spaceparts_optimized.extract_load_dim_Employees scheduled__2024-01-01T00:00:00+00:00 [queued]>
[2025-09-20T19:47:09.209+0000] {taskinstance.py:2867} INFO - Starting attempt 1 of 3
[2025-09-20T19:47:09.225+0000] {taskinstance.py:2890} INFO - Executing <Task(PythonOperator): extract_load_dim_Employees> on 2024-01-01 00:00:00+00:00
[2025-09-20T19:47:09.229+0000] {standard_task_runner.py:72} INFO - Started process 128 to run task
[2025-09-20T19:47:09.238+0000] {standard_task_runner.py:104} INFO - Running: ['***', 'tasks', 'run', 'bronze_full_load_spaceparts_optimized', 'extract_load_dim_Employees', 'scheduled__2024-01-01T00:00:00+00:00', '--job-id', '207', '--raw', '--subdir', 'DAGS_FOLDER/spaceparts_etl_orchestrator.py', '--cfg-path', '/tmp/tmpbwjypnwj']
[2025-09-20T19:47:09.243+0000] {standard_task_runner.py:105} INFO - Job 207: Subtask extract_load_dim_Employees
[2025-09-20T19:47:09.615+0000] {task_command.py:467} INFO - Running <TaskInstance: bronze_full_load_spaceparts_optimized.extract_load_dim_Employees scheduled__2024-01-01T00:00:00+00:00 [running]> on host fd99d81282fc
[2025-09-20T19:47:09.694+0000] {taskinstance.py:3134} INFO - Exporting env vars: AIRFLOW_CTX_DAG_OWNER='data-team' AIRFLOW_CTX_DAG_ID='bronze_full_load_spaceparts_optimized' AIRFLOW_CTX_TASK_ID='extract_load_dim_Employees' AIRFLOW_CTX_EXECUTION_DATE='2024-01-01T00:00:00+00:00' AIRFLOW_CTX_TRY_NUMBER='1' AIRFLOW_CTX_DAG_RUN_ID='scheduled__2024-01-01T00:00:00+00:00'
[2025-09-20T19:47:09.695+0000] {taskinstance.py:732} INFO - ::endgroup::
[2025-09-20T19:47:09.706+0000] {spaceparts_etl_orchestrator.py:357} INFO - Starting optimized extraction for table: dim.Employees
[2025-09-20T19:47:12.884+0000] {spaceparts_etl_orchestrator.py:368} INFO - Table dim.Employees has 893 rows
[2025-09-20T19:47:12.886+0000] {spaceparts_etl_orchestrator.py:389} INFO - Using chunk size: 50,000 for 893 rows
[2025-09-20T19:47:12.886+0000] {spaceparts_etl_orchestrator.py:393} INFO - Starting streaming extraction and load for dim.Employees
[2025-09-20T19:47:15.707+0000] {spaceparts_etl_orchestrator.py:223} INFO - Processing chunk 1 with 893 rows
[2025-09-20T19:47:15.770+0000] {spaceparts_etl_orchestrator.py:275} INFO - Table bronze_dim_employees created successfully
[2025-09-20T19:47:15.871+0000] {spaceparts_etl_orchestrator.py:324} INFO - Loaded chunk: 893 rows. Total: 893
[2025-09-20T19:47:16.200+0000] {spaceparts_etl_orchestrator.py:330} INFO - Completed loading 893 total rows to bronze_dim_employees
[2025-09-20T19:47:16.201+0000] {spaceparts_etl_orchestrator.py:406} INFO - Successfully loaded 893 records to bronze_dim_employees
[2025-09-20T19:47:16.213+0000] {python.py:240} INFO - Done. Returned value was: {'source_table': 'dim.Employees', 'bronze_table': 'bronze_dim_employees', 'record_count': 893, 'status': 'success', 'extraction_time': '2025-09-20T19:47:16.201211', 'chunk_size_used': 50000}
[2025-09-20T19:47:16.229+0000] {taskinstance.py:341} INFO - ::group::Post task execution logs
[2025-09-20T19:47:16.230+0000] {taskinstance.py:353} INFO - Marking task as SUCCESS. dag_id=bronze_full_load_spaceparts_optimized, task_id=extract_load_dim_Employees, run_id=scheduled__2024-01-01T00:00:00+00:00, execution_date=20240101T000000, start_date=20250920T194709, end_date=20250920T194716
[2025-09-20T19:47:16.293+0000] {local_task_job_runner.py:266} INFO - Task exited with return code 0
[2025-09-20T19:47:16.317+0000] {taskinstance.py:3901} INFO - 0 downstream tasks scheduled from follow-on schedule check
[2025-09-20T19:47:16.318+0000] {local_task_job_runner.py:245} INFO - ::endgroup::
