[2025-09-20T19:04:36.579+0000] {local_task_job_runner.py:123} INFO - ::group::Pre task execution logs
[2025-09-20T19:04:36.610+0000] {taskinstance.py:2614} INFO - Dependencies all met for dep_context=non-requeueable deps ti=<TaskInstance: bronze_full_load_spaceparts_optimized.extract_load_fact_Orders scheduled__2024-01-02T00:00:00+00:00 [queued]>
[2025-09-20T19:04:36.630+0000] {taskinstance.py:2614} INFO - Dependencies all met for dep_context=requeueable deps ti=<TaskInstance: bronze_full_load_spaceparts_optimized.extract_load_fact_Orders scheduled__2024-01-02T00:00:00+00:00 [queued]>
[2025-09-20T19:04:36.632+0000] {taskinstance.py:2867} INFO - Starting attempt 2 of 3
[2025-09-20T19:04:36.665+0000] {taskinstance.py:2890} INFO - Executing <Task(PythonOperator): extract_load_fact_Orders> on 2024-01-02 00:00:00+00:00
[2025-09-20T19:04:36.675+0000] {standard_task_runner.py:72} INFO - Started process 145 to run task
[2025-09-20T19:04:36.684+0000] {standard_task_runner.py:104} INFO - Running: ['***', 'tasks', 'run', 'bronze_full_load_spaceparts_optimized', 'extract_load_fact_Orders', 'scheduled__2024-01-02T00:00:00+00:00', '--job-id', '200', '--raw', '--subdir', 'DAGS_FOLDER/01_Bronce.py', '--cfg-path', '/tmp/tmpa9vm3ozf']
[2025-09-20T19:04:37.057+0000] {standard_task_runner.py:105} INFO - Job 200: Subtask extract_load_fact_Orders
[2025-09-20T19:04:37.154+0000] {task_command.py:467} INFO - Running <TaskInstance: bronze_full_load_spaceparts_optimized.extract_load_fact_Orders scheduled__2024-01-02T00:00:00+00:00 [running]> on host 7abc58c5db43
[2025-09-20T19:04:37.283+0000] {taskinstance.py:3134} INFO - Exporting env vars: AIRFLOW_CTX_DAG_OWNER='data-team' AIRFLOW_CTX_DAG_ID='bronze_full_load_spaceparts_optimized' AIRFLOW_CTX_TASK_ID='extract_load_fact_Orders' AIRFLOW_CTX_EXECUTION_DATE='2024-01-02T00:00:00+00:00' AIRFLOW_CTX_TRY_NUMBER='2' AIRFLOW_CTX_DAG_RUN_ID='scheduled__2024-01-02T00:00:00+00:00'
[2025-09-20T19:04:37.284+0000] {taskinstance.py:732} INFO - ::endgroup::
[2025-09-20T19:04:37.312+0000] {01_Bronce.py:357} INFO - Starting optimized extraction for table: fact.Orders
[2025-09-20T19:04:40.307+0000] {01_Bronce.py:368} INFO - Table fact.Orders has 16,910,069 rows
[2025-09-20T19:04:40.307+0000] {01_Bronce.py:389} INFO - Using chunk size: 15,000 for 16,910,069 rows
[2025-09-20T19:04:40.308+0000] {01_Bronce.py:393} INFO - Starting streaming extraction and load for fact.Orders
[2025-09-20T19:04:47.778+0000] {01_Bronce.py:223} INFO - Processing chunk 1 with 15000 rows
[2025-09-20T19:04:47.939+0000] {01_Bronce.py:275} INFO - Table bronze_fact_orders created successfully
[2025-09-20T19:05:00.219+0000] {01_Bronce.py:324} INFO - Loaded chunk: 15,000 rows. Total: 15,000
[2025-09-20T19:05:00.872+0000] {01_Bronce.py:223} INFO - Processing chunk 2 with 15000 rows
[2025-09-20T19:05:09.181+0000] {01_Bronce.py:324} INFO - Loaded chunk: 15,000 rows. Total: 30,000
[2025-09-20T19:05:09.647+0000] {01_Bronce.py:223} INFO - Processing chunk 3 with 15000 rows
[2025-09-20T19:05:15.950+0000] {01_Bronce.py:324} INFO - Loaded chunk: 15,000 rows. Total: 45,000
[2025-09-20T19:05:16.294+0000] {01_Bronce.py:223} INFO - Processing chunk 4 with 15000 rows
[2025-09-20T19:05:26.537+0000] {01_Bronce.py:324} INFO - Loaded chunk: 15,000 rows. Total: 60,000
[2025-09-20T19:05:27.006+0000] {01_Bronce.py:223} INFO - Processing chunk 5 with 15000 rows
[2025-09-20T19:05:32.887+0000] {01_Bronce.py:324} INFO - Loaded chunk: 15,000 rows. Total: 75,000
[2025-09-20T19:05:33.340+0000] {01_Bronce.py:223} INFO - Processing chunk 6 with 15000 rows
[2025-09-20T19:05:40.181+0000] {01_Bronce.py:324} INFO - Loaded chunk: 15,000 rows. Total: 90,000
[2025-09-20T19:05:40.719+0000] {01_Bronce.py:223} INFO - Processing chunk 7 with 15000 rows
[2025-09-20T19:05:47.787+0000] {01_Bronce.py:324} INFO - Loaded chunk: 15,000 rows. Total: 105,000
[2025-09-20T19:05:48.184+0000] {01_Bronce.py:223} INFO - Processing chunk 8 with 15000 rows
[2025-09-20T19:05:57.700+0000] {01_Bronce.py:324} INFO - Loaded chunk: 15,000 rows. Total: 120,000
[2025-09-20T19:05:58.134+0000] {01_Bronce.py:223} INFO - Processing chunk 9 with 15000 rows
[2025-09-20T19:06:04.842+0000] {01_Bronce.py:324} INFO - Loaded chunk: 15,000 rows. Total: 135,000
[2025-09-20T19:06:05.384+0000] {01_Bronce.py:223} INFO - Processing chunk 10 with 15000 rows
[2025-09-20T19:06:10.868+0000] {01_Bronce.py:324} INFO - Loaded chunk: 15,000 rows. Total: 150,000
[2025-09-20T19:06:11.277+0000] {01_Bronce.py:223} INFO - Processing chunk 11 with 15000 rows
[2025-09-20T19:06:18.364+0000] {01_Bronce.py:324} INFO - Loaded chunk: 15,000 rows. Total: 165,000
[2025-09-20T19:06:18.806+0000] {01_Bronce.py:223} INFO - Processing chunk 12 with 15000 rows
[2025-09-20T19:06:25.291+0000] {01_Bronce.py:324} INFO - Loaded chunk: 15,000 rows. Total: 180,000
[2025-09-20T19:06:25.896+0000] {01_Bronce.py:223} INFO - Processing chunk 13 with 15000 rows
[2025-09-20T19:06:36.372+0000] {01_Bronce.py:324} INFO - Loaded chunk: 15,000 rows. Total: 195,000
[2025-09-20T19:06:36.977+0000] {01_Bronce.py:223} INFO - Processing chunk 14 with 15000 rows
[2025-09-20T19:06:43.592+0000] {01_Bronce.py:324} INFO - Loaded chunk: 15,000 rows. Total: 210,000
[2025-09-20T19:06:44.023+0000] {01_Bronce.py:223} INFO - Processing chunk 15 with 15000 rows
[2025-09-20T19:06:51.355+0000] {01_Bronce.py:324} INFO - Loaded chunk: 15,000 rows. Total: 225,000
[2025-09-20T19:06:51.821+0000] {01_Bronce.py:223} INFO - Processing chunk 16 with 15000 rows
[2025-09-20T19:06:58.850+0000] {01_Bronce.py:324} INFO - Loaded chunk: 15,000 rows. Total: 240,000
[2025-09-20T19:06:59.430+0000] {01_Bronce.py:223} INFO - Processing chunk 17 with 15000 rows
[2025-09-20T19:07:09.586+0000] {01_Bronce.py:324} INFO - Loaded chunk: 15,000 rows. Total: 255,000
[2025-09-20T19:07:09.985+0000] {01_Bronce.py:223} INFO - Processing chunk 18 with 15000 rows
[2025-09-20T19:07:16.095+0000] {01_Bronce.py:324} INFO - Loaded chunk: 15,000 rows. Total: 270,000
[2025-09-20T19:07:16.509+0000] {01_Bronce.py:223} INFO - Processing chunk 19 with 15000 rows
[2025-09-20T19:07:22.762+0000] {01_Bronce.py:324} INFO - Loaded chunk: 15,000 rows. Total: 285,000
[2025-09-20T19:07:23.206+0000] {01_Bronce.py:223} INFO - Processing chunk 20 with 15000 rows
[2025-09-20T19:07:30.348+0000] {01_Bronce.py:324} INFO - Loaded chunk: 15,000 rows. Total: 300,000
[2025-09-20T19:07:30.805+0000] {01_Bronce.py:223} INFO - Processing chunk 21 with 15000 rows
[2025-09-20T19:07:37.013+0000] {01_Bronce.py:324} INFO - Loaded chunk: 15,000 rows. Total: 315,000
[2025-09-20T19:07:37.497+0000] {01_Bronce.py:223} INFO - Processing chunk 22 with 15000 rows
[2025-09-20T19:07:48.481+0000] {01_Bronce.py:324} INFO - Loaded chunk: 15,000 rows. Total: 330,000
[2025-09-20T19:07:48.894+0000] {01_Bronce.py:223} INFO - Processing chunk 23 with 15000 rows
[2025-09-20T19:07:54.350+0000] {01_Bronce.py:324} INFO - Loaded chunk: 15,000 rows. Total: 345,000
[2025-09-20T19:07:54.796+0000] {01_Bronce.py:223} INFO - Processing chunk 24 with 15000 rows
[2025-09-20T19:08:00.485+0000] {01_Bronce.py:324} INFO - Loaded chunk: 15,000 rows. Total: 360,000
[2025-09-20T19:08:00.962+0000] {01_Bronce.py:223} INFO - Processing chunk 25 with 15000 rows
[2025-09-20T19:08:06.260+0000] {01_Bronce.py:324} INFO - Loaded chunk: 15,000 rows. Total: 375,000
[2025-09-20T19:08:06.669+0000] {01_Bronce.py:223} INFO - Processing chunk 26 with 15000 rows
[2025-09-20T19:08:12.673+0000] {01_Bronce.py:324} INFO - Loaded chunk: 15,000 rows. Total: 390,000
[2025-09-20T19:08:13.065+0000] {01_Bronce.py:223} INFO - Processing chunk 27 with 15000 rows
[2025-09-20T19:08:19.830+0000] {01_Bronce.py:324} INFO - Loaded chunk: 15,000 rows. Total: 405,000
[2025-09-20T19:08:20.069+0000] {01_Bronce.py:223} INFO - Processing chunk 28 with 15000 rows
[2025-09-20T19:08:22.995+0000] {01_Bronce.py:324} INFO - Loaded chunk: 15,000 rows. Total: 420,000
[2025-09-20T19:08:23.288+0000] {01_Bronce.py:223} INFO - Processing chunk 29 with 15000 rows
[2025-09-20T19:08:26.267+0000] {01_Bronce.py:324} INFO - Loaded chunk: 15,000 rows. Total: 435,000
[2025-09-20T19:08:26.547+0000] {01_Bronce.py:223} INFO - Processing chunk 30 with 15000 rows
[2025-09-20T19:08:29.742+0000] {01_Bronce.py:324} INFO - Loaded chunk: 15,000 rows. Total: 450,000
[2025-09-20T19:08:30.016+0000] {01_Bronce.py:223} INFO - Processing chunk 31 with 15000 rows
[2025-09-20T19:08:33.349+0000] {01_Bronce.py:324} INFO - Loaded chunk: 15,000 rows. Total: 465,000
[2025-09-20T19:08:33.584+0000] {01_Bronce.py:223} INFO - Processing chunk 32 with 15000 rows
[2025-09-20T19:08:36.581+0000] {01_Bronce.py:324} INFO - Loaded chunk: 15,000 rows. Total: 480,000
[2025-09-20T19:08:36.849+0000] {01_Bronce.py:223} INFO - Processing chunk 33 with 15000 rows
[2025-09-20T19:08:39.938+0000] {01_Bronce.py:324} INFO - Loaded chunk: 15,000 rows. Total: 495,000
[2025-09-20T19:08:40.156+0000] {01_Bronce.py:223} INFO - Processing chunk 34 with 15000 rows
[2025-09-20T19:08:43.193+0000] {01_Bronce.py:324} INFO - Loaded chunk: 15,000 rows. Total: 510,000
[2025-09-20T19:08:43.472+0000] {01_Bronce.py:223} INFO - Processing chunk 35 with 15000 rows
[2025-09-20T19:08:46.959+0000] {01_Bronce.py:324} INFO - Loaded chunk: 15,000 rows. Total: 525,000
[2025-09-20T19:08:47.217+0000] {01_Bronce.py:223} INFO - Processing chunk 36 with 15000 rows
[2025-09-20T19:08:50.597+0000] {01_Bronce.py:324} INFO - Loaded chunk: 15,000 rows. Total: 540,000
[2025-09-20T19:08:50.822+0000] {01_Bronce.py:223} INFO - Processing chunk 37 with 15000 rows
[2025-09-20T19:08:57.792+0000] {01_Bronce.py:324} INFO - Loaded chunk: 15,000 rows. Total: 555,000
[2025-09-20T19:08:58.097+0000] {01_Bronce.py:223} INFO - Processing chunk 38 with 15000 rows
[2025-09-20T19:09:01.652+0000] {01_Bronce.py:324} INFO - Loaded chunk: 15,000 rows. Total: 570,000
[2025-09-20T19:09:01.998+0000] {01_Bronce.py:223} INFO - Processing chunk 39 with 15000 rows
[2025-09-20T19:09:05.913+0000] {01_Bronce.py:324} INFO - Loaded chunk: 15,000 rows. Total: 585,000
[2025-09-20T19:09:06.215+0000] {01_Bronce.py:223} INFO - Processing chunk 40 with 15000 rows
[2025-09-20T19:09:09.811+0000] {01_Bronce.py:324} INFO - Loaded chunk: 15,000 rows. Total: 600,000
[2025-09-20T19:09:10.079+0000] {01_Bronce.py:223} INFO - Processing chunk 41 with 15000 rows
[2025-09-20T19:09:13.711+0000] {01_Bronce.py:324} INFO - Loaded chunk: 15,000 rows. Total: 615,000
[2025-09-20T19:09:13.998+0000] {01_Bronce.py:223} INFO - Processing chunk 42 with 15000 rows
[2025-09-20T19:09:17.582+0000] {01_Bronce.py:324} INFO - Loaded chunk: 15,000 rows. Total: 630,000
[2025-09-20T19:09:17.827+0000] {01_Bronce.py:223} INFO - Processing chunk 43 with 15000 rows
[2025-09-20T19:09:21.925+0000] {01_Bronce.py:324} INFO - Loaded chunk: 15,000 rows. Total: 645,000
[2025-09-20T19:09:22.260+0000] {01_Bronce.py:223} INFO - Processing chunk 44 with 15000 rows
[2025-09-20T19:09:26.387+0000] {01_Bronce.py:324} INFO - Loaded chunk: 15,000 rows. Total: 660,000
[2025-09-20T19:09:26.663+0000] {01_Bronce.py:223} INFO - Processing chunk 45 with 15000 rows
[2025-09-20T19:09:34.146+0000] {01_Bronce.py:324} INFO - Loaded chunk: 15,000 rows. Total: 675,000
[2025-09-20T19:09:34.417+0000] {01_Bronce.py:223} INFO - Processing chunk 46 with 15000 rows
[2025-09-20T19:09:38.023+0000] {01_Bronce.py:324} INFO - Loaded chunk: 15,000 rows. Total: 690,000
[2025-09-20T19:09:38.379+0000] {01_Bronce.py:223} INFO - Processing chunk 47 with 15000 rows
[2025-09-20T19:09:42.060+0000] {01_Bronce.py:324} INFO - Loaded chunk: 15,000 rows. Total: 705,000
[2025-09-20T19:09:42.430+0000] {01_Bronce.py:223} INFO - Processing chunk 48 with 15000 rows
[2025-09-20T19:09:46.225+0000] {01_Bronce.py:324} INFO - Loaded chunk: 15,000 rows. Total: 720,000
[2025-09-20T19:09:46.542+0000] {01_Bronce.py:223} INFO - Processing chunk 49 with 15000 rows
[2025-09-20T19:09:49.945+0000] {01_Bronce.py:324} INFO - Loaded chunk: 15,000 rows. Total: 735,000
[2025-09-20T19:09:50.173+0000] {01_Bronce.py:223} INFO - Processing chunk 50 with 15000 rows
[2025-09-20T19:09:53.572+0000] {01_Bronce.py:324} INFO - Loaded chunk: 15,000 rows. Total: 750,000
[2025-09-20T19:09:53.834+0000] {01_Bronce.py:223} INFO - Processing chunk 51 with 15000 rows
[2025-09-20T19:09:57.443+0000] {01_Bronce.py:324} INFO - Loaded chunk: 15,000 rows. Total: 765,000
[2025-09-20T19:09:57.720+0000] {01_Bronce.py:223} INFO - Processing chunk 52 with 15000 rows
[2025-09-20T19:10:01.425+0000] {01_Bronce.py:324} INFO - Loaded chunk: 15,000 rows. Total: 780,000
[2025-09-20T19:10:01.715+0000] {01_Bronce.py:223} INFO - Processing chunk 53 with 15000 rows
[2025-09-20T19:10:08.593+0000] {01_Bronce.py:324} INFO - Loaded chunk: 15,000 rows. Total: 795,000
[2025-09-20T19:10:08.933+0000] {01_Bronce.py:223} INFO - Processing chunk 54 with 15000 rows
[2025-09-20T19:10:12.087+0000] {01_Bronce.py:324} INFO - Loaded chunk: 15,000 rows. Total: 810,000
[2025-09-20T19:10:12.322+0000] {01_Bronce.py:223} INFO - Processing chunk 55 with 15000 rows
[2025-09-20T19:10:15.571+0000] {01_Bronce.py:324} INFO - Loaded chunk: 15,000 rows. Total: 825,000
[2025-09-20T19:10:15.868+0000] {01_Bronce.py:223} INFO - Processing chunk 56 with 15000 rows
[2025-09-20T19:10:19.283+0000] {01_Bronce.py:324} INFO - Loaded chunk: 15,000 rows. Total: 840,000
[2025-09-20T19:10:19.558+0000] {01_Bronce.py:223} INFO - Processing chunk 57 with 15000 rows
[2025-09-20T19:10:23.038+0000] {01_Bronce.py:324} INFO - Loaded chunk: 15,000 rows. Total: 855,000
[2025-09-20T19:10:23.378+0000] {01_Bronce.py:223} INFO - Processing chunk 58 with 15000 rows
[2025-09-20T19:10:26.645+0000] {01_Bronce.py:324} INFO - Loaded chunk: 15,000 rows. Total: 870,000
[2025-09-20T19:10:26.930+0000] {01_Bronce.py:223} INFO - Processing chunk 59 with 15000 rows
[2025-09-20T19:10:30.392+0000] {01_Bronce.py:324} INFO - Loaded chunk: 15,000 rows. Total: 885,000
[2025-09-20T19:10:30.687+0000] {01_Bronce.py:223} INFO - Processing chunk 60 with 15000 rows
[2025-09-20T19:10:34.136+0000] {01_Bronce.py:324} INFO - Loaded chunk: 15,000 rows. Total: 900,000
[2025-09-20T19:10:34.427+0000] {01_Bronce.py:223} INFO - Processing chunk 61 with 15000 rows
[2025-09-20T19:10:38.492+0000] {01_Bronce.py:324} INFO - Loaded chunk: 15,000 rows. Total: 915,000
[2025-09-20T19:10:38.790+0000] {01_Bronce.py:223} INFO - Processing chunk 62 with 15000 rows
[2025-09-20T19:10:45.712+0000] {01_Bronce.py:324} INFO - Loaded chunk: 15,000 rows. Total: 930,000
[2025-09-20T19:10:45.987+0000] {01_Bronce.py:223} INFO - Processing chunk 63 with 15000 rows
[2025-09-20T19:10:49.585+0000] {01_Bronce.py:324} INFO - Loaded chunk: 15,000 rows. Total: 945,000
[2025-09-20T19:10:49.854+0000] {01_Bronce.py:223} INFO - Processing chunk 64 with 15000 rows
[2025-09-20T19:10:53.433+0000] {01_Bronce.py:324} INFO - Loaded chunk: 15,000 rows. Total: 960,000
[2025-09-20T19:10:53.692+0000] {01_Bronce.py:223} INFO - Processing chunk 65 with 15000 rows
[2025-09-20T19:10:57.114+0000] {01_Bronce.py:324} INFO - Loaded chunk: 15,000 rows. Total: 975,000
[2025-09-20T19:10:57.360+0000] {01_Bronce.py:223} INFO - Processing chunk 66 with 15000 rows
[2025-09-20T19:11:00.830+0000] {01_Bronce.py:324} INFO - Loaded chunk: 15,000 rows. Total: 990,000
[2025-09-20T19:11:01.123+0000] {01_Bronce.py:223} INFO - Processing chunk 67 with 15000 rows
[2025-09-20T19:11:04.565+0000] {01_Bronce.py:324} INFO - Loaded chunk: 15,000 rows. Total: 1,005,000
[2025-09-20T19:11:04.897+0000] {01_Bronce.py:223} INFO - Processing chunk 68 with 15000 rows
[2025-09-20T19:11:08.626+0000] {01_Bronce.py:324} INFO - Loaded chunk: 15,000 rows. Total: 1,020,000
[2025-09-20T19:11:08.937+0000] {01_Bronce.py:223} INFO - Processing chunk 69 with 15000 rows
[2025-09-20T19:11:12.522+0000] {01_Bronce.py:324} INFO - Loaded chunk: 15,000 rows. Total: 1,035,000
[2025-09-20T19:11:12.810+0000] {01_Bronce.py:223} INFO - Processing chunk 70 with 15000 rows
[2025-09-20T19:11:19.730+0000] {01_Bronce.py:324} INFO - Loaded chunk: 15,000 rows. Total: 1,050,000
[2025-09-20T19:11:19.973+0000] {01_Bronce.py:223} INFO - Processing chunk 71 with 15000 rows
[2025-09-20T19:11:23.583+0000] {01_Bronce.py:324} INFO - Loaded chunk: 15,000 rows. Total: 1,065,000
[2025-09-20T19:11:23.846+0000] {01_Bronce.py:223} INFO - Processing chunk 72 with 15000 rows
[2025-09-20T19:11:27.069+0000] {01_Bronce.py:324} INFO - Loaded chunk: 15,000 rows. Total: 1,080,000
[2025-09-20T19:11:27.334+0000] {01_Bronce.py:223} INFO - Processing chunk 73 with 15000 rows
[2025-09-20T19:11:30.877+0000] {01_Bronce.py:324} INFO - Loaded chunk: 15,000 rows. Total: 1,095,000
[2025-09-20T19:11:31.138+0000] {01_Bronce.py:223} INFO - Processing chunk 74 with 15000 rows
[2025-09-20T19:11:34.645+0000] {01_Bronce.py:324} INFO - Loaded chunk: 15,000 rows. Total: 1,110,000
[2025-09-20T19:11:34.894+0000] {01_Bronce.py:223} INFO - Processing chunk 75 with 15000 rows
[2025-09-20T19:11:38.404+0000] {01_Bronce.py:324} INFO - Loaded chunk: 15,000 rows. Total: 1,125,000
[2025-09-20T19:11:38.681+0000] {01_Bronce.py:223} INFO - Processing chunk 76 with 15000 rows
[2025-09-20T19:11:42.039+0000] {01_Bronce.py:324} INFO - Loaded chunk: 15,000 rows. Total: 1,140,000
[2025-09-20T19:11:42.336+0000] {01_Bronce.py:223} INFO - Processing chunk 77 with 15000 rows
[2025-09-20T19:11:46.218+0000] {01_Bronce.py:324} INFO - Loaded chunk: 15,000 rows. Total: 1,155,000
[2025-09-20T19:11:46.552+0000] {01_Bronce.py:223} INFO - Processing chunk 78 with 15000 rows
[2025-09-20T19:11:50.742+0000] {01_Bronce.py:324} INFO - Loaded chunk: 15,000 rows. Total: 1,170,000
[2025-09-20T19:11:54.651+0000] {01_Bronce.py:223} INFO - Processing chunk 79 with 15000 rows
[2025-09-20T19:11:58.458+0000] {01_Bronce.py:324} INFO - Loaded chunk: 15,000 rows. Total: 1,185,000
[2025-09-20T19:11:58.701+0000] {01_Bronce.py:223} INFO - Processing chunk 80 with 15000 rows
[2025-09-20T19:12:02.592+0000] {01_Bronce.py:324} INFO - Loaded chunk: 15,000 rows. Total: 1,200,000
[2025-09-20T19:12:02.842+0000] {01_Bronce.py:223} INFO - Processing chunk 81 with 15000 rows
[2025-09-20T19:12:06.394+0000] {01_Bronce.py:324} INFO - Loaded chunk: 15,000 rows. Total: 1,215,000
[2025-09-20T19:12:06.699+0000] {01_Bronce.py:223} INFO - Processing chunk 82 with 15000 rows
[2025-09-20T19:12:10.206+0000] {01_Bronce.py:324} INFO - Loaded chunk: 15,000 rows. Total: 1,230,000
[2025-09-20T19:12:10.469+0000] {01_Bronce.py:223} INFO - Processing chunk 83 with 15000 rows
[2025-09-20T19:12:14.482+0000] {01_Bronce.py:324} INFO - Loaded chunk: 15,000 rows. Total: 1,245,000
[2025-09-20T19:12:14.762+0000] {01_Bronce.py:223} INFO - Processing chunk 84 with 15000 rows
[2025-09-20T19:12:18.650+0000] {01_Bronce.py:324} INFO - Loaded chunk: 15,000 rows. Total: 1,260,000
[2025-09-20T19:12:18.937+0000] {01_Bronce.py:223} INFO - Processing chunk 85 with 15000 rows
[2025-09-20T19:12:22.989+0000] {01_Bronce.py:324} INFO - Loaded chunk: 15,000 rows. Total: 1,275,000
[2025-09-20T19:12:23.320+0000] {01_Bronce.py:223} INFO - Processing chunk 86 with 15000 rows
[2025-09-20T19:12:31.173+0000] {01_Bronce.py:324} INFO - Loaded chunk: 15,000 rows. Total: 1,290,000
[2025-09-20T19:12:31.505+0000] {01_Bronce.py:223} INFO - Processing chunk 87 with 15000 rows
[2025-09-20T19:12:35.737+0000] {01_Bronce.py:324} INFO - Loaded chunk: 15,000 rows. Total: 1,305,000
[2025-09-20T19:12:36.014+0000] {01_Bronce.py:223} INFO - Processing chunk 88 with 15000 rows
[2025-09-20T19:12:39.907+0000] {01_Bronce.py:324} INFO - Loaded chunk: 15,000 rows. Total: 1,320,000
[2025-09-20T19:12:40.160+0000] {01_Bronce.py:223} INFO - Processing chunk 89 with 15000 rows
[2025-09-20T19:12:44.433+0000] {01_Bronce.py:324} INFO - Loaded chunk: 15,000 rows. Total: 1,335,000
[2025-09-20T19:12:44.707+0000] {01_Bronce.py:223} INFO - Processing chunk 90 with 15000 rows
[2025-09-20T19:12:48.287+0000] {01_Bronce.py:324} INFO - Loaded chunk: 15,000 rows. Total: 1,350,000
[2025-09-20T19:12:48.561+0000] {01_Bronce.py:223} INFO - Processing chunk 91 with 15000 rows
[2025-09-20T19:12:51.921+0000] {01_Bronce.py:324} INFO - Loaded chunk: 15,000 rows. Total: 1,365,000
[2025-09-20T19:12:52.249+0000] {01_Bronce.py:223} INFO - Processing chunk 92 with 15000 rows
[2025-09-20T19:12:55.977+0000] {01_Bronce.py:324} INFO - Loaded chunk: 15,000 rows. Total: 1,380,000
[2025-09-20T19:12:56.300+0000] {01_Bronce.py:223} INFO - Processing chunk 93 with 15000 rows
[2025-09-20T19:13:00.335+0000] {01_Bronce.py:324} INFO - Loaded chunk: 15,000 rows. Total: 1,395,000
[2025-09-20T19:13:00.628+0000] {01_Bronce.py:223} INFO - Processing chunk 94 with 15000 rows
[2025-09-20T19:13:07.813+0000] {01_Bronce.py:324} INFO - Loaded chunk: 15,000 rows. Total: 1,410,000
[2025-09-20T19:13:08.094+0000] {01_Bronce.py:223} INFO - Processing chunk 95 with 15000 rows
[2025-09-20T19:13:11.398+0000] {01_Bronce.py:324} INFO - Loaded chunk: 15,000 rows. Total: 1,425,000
[2025-09-20T19:13:11.656+0000] {01_Bronce.py:223} INFO - Processing chunk 96 with 15000 rows
[2025-09-20T19:13:15.573+0000] {01_Bronce.py:324} INFO - Loaded chunk: 15,000 rows. Total: 1,440,000
[2025-09-20T19:13:15.877+0000] {01_Bronce.py:223} INFO - Processing chunk 97 with 15000 rows
[2025-09-20T19:13:19.612+0000] {01_Bronce.py:324} INFO - Loaded chunk: 15,000 rows. Total: 1,455,000
[2025-09-20T19:13:19.901+0000] {01_Bronce.py:223} INFO - Processing chunk 98 with 15000 rows
[2025-09-20T19:13:23.442+0000] {01_Bronce.py:324} INFO - Loaded chunk: 15,000 rows. Total: 1,470,000
[2025-09-20T19:13:23.823+0000] {01_Bronce.py:223} INFO - Processing chunk 99 with 15000 rows
[2025-09-20T19:13:27.703+0000] {01_Bronce.py:324} INFO - Loaded chunk: 15,000 rows. Total: 1,485,000
[2025-09-20T19:13:28.028+0000] {01_Bronce.py:223} INFO - Processing chunk 100 with 15000 rows
[2025-09-20T19:13:32.028+0000] {01_Bronce.py:324} INFO - Loaded chunk: 15,000 rows. Total: 1,500,000
[2025-09-20T19:13:32.352+0000] {01_Bronce.py:223} INFO - Processing chunk 101 with 15000 rows
[2025-09-20T19:13:36.125+0000] {01_Bronce.py:324} INFO - Loaded chunk: 15,000 rows. Total: 1,515,000
[2025-09-20T19:13:36.464+0000] {01_Bronce.py:223} INFO - Processing chunk 102 with 15000 rows
[2025-09-20T19:13:43.750+0000] {01_Bronce.py:324} INFO - Loaded chunk: 15,000 rows. Total: 1,530,000
[2025-09-20T19:13:44.056+0000] {01_Bronce.py:223} INFO - Processing chunk 103 with 15000 rows
[2025-09-20T19:13:48.001+0000] {01_Bronce.py:324} INFO - Loaded chunk: 15,000 rows. Total: 1,545,000
[2025-09-20T19:13:48.418+0000] {01_Bronce.py:223} INFO - Processing chunk 104 with 15000 rows
[2025-09-20T19:13:53.035+0000] {01_Bronce.py:324} INFO - Loaded chunk: 15,000 rows. Total: 1,560,000
[2025-09-20T19:13:53.362+0000] {01_Bronce.py:223} INFO - Processing chunk 105 with 15000 rows
[2025-09-20T19:13:57.109+0000] {01_Bronce.py:324} INFO - Loaded chunk: 15,000 rows. Total: 1,575,000
[2025-09-20T19:13:57.484+0000] {01_Bronce.py:223} INFO - Processing chunk 106 with 15000 rows
[2025-09-20T19:14:02.720+0000] {01_Bronce.py:324} INFO - Loaded chunk: 15,000 rows. Total: 1,590,000
[2025-09-20T19:14:03.141+0000] {01_Bronce.py:223} INFO - Processing chunk 107 with 15000 rows
[2025-09-20T19:14:08.129+0000] {01_Bronce.py:324} INFO - Loaded chunk: 15,000 rows. Total: 1,605,000
[2025-09-20T19:14:08.511+0000] {01_Bronce.py:223} INFO - Processing chunk 108 with 15000 rows
[2025-09-20T19:14:12.876+0000] {01_Bronce.py:324} INFO - Loaded chunk: 15,000 rows. Total: 1,620,000
[2025-09-20T19:14:13.191+0000] {01_Bronce.py:223} INFO - Processing chunk 109 with 15000 rows
[2025-09-20T19:14:20.815+0000] {01_Bronce.py:324} INFO - Loaded chunk: 15,000 rows. Total: 1,635,000
[2025-09-20T19:14:21.081+0000] {01_Bronce.py:223} INFO - Processing chunk 110 with 15000 rows
[2025-09-20T19:14:25.054+0000] {01_Bronce.py:324} INFO - Loaded chunk: 15,000 rows. Total: 1,650,000
[2025-09-20T19:14:25.383+0000] {01_Bronce.py:223} INFO - Processing chunk 111 with 15000 rows
[2025-09-20T19:14:29.451+0000] {01_Bronce.py:324} INFO - Loaded chunk: 15,000 rows. Total: 1,665,000
[2025-09-20T19:14:29.782+0000] {01_Bronce.py:223} INFO - Processing chunk 112 with 15000 rows
[2025-09-20T19:14:34.059+0000] {01_Bronce.py:324} INFO - Loaded chunk: 15,000 rows. Total: 1,680,000
[2025-09-20T19:14:34.440+0000] {01_Bronce.py:223} INFO - Processing chunk 113 with 15000 rows
[2025-09-20T19:14:38.903+0000] {01_Bronce.py:324} INFO - Loaded chunk: 15,000 rows. Total: 1,695,000
[2025-09-20T19:14:39.242+0000] {01_Bronce.py:223} INFO - Processing chunk 114 with 15000 rows
[2025-09-20T19:14:43.516+0000] {01_Bronce.py:324} INFO - Loaded chunk: 15,000 rows. Total: 1,710,000
[2025-09-20T19:14:43.839+0000] {01_Bronce.py:223} INFO - Processing chunk 115 with 15000 rows
[2025-09-20T19:14:48.272+0000] {01_Bronce.py:324} INFO - Loaded chunk: 15,000 rows. Total: 1,725,000
[2025-09-20T19:14:48.757+0000] {01_Bronce.py:223} INFO - Processing chunk 116 with 15000 rows
[2025-09-20T19:14:57.903+0000] {01_Bronce.py:324} INFO - Loaded chunk: 15,000 rows. Total: 1,740,000
[2025-09-20T19:14:58.466+0000] {01_Bronce.py:223} INFO - Processing chunk 117 with 15000 rows
[2025-09-20T19:15:04.326+0000] {01_Bronce.py:324} INFO - Loaded chunk: 15,000 rows. Total: 1,755,000
[2025-09-20T19:15:04.706+0000] {01_Bronce.py:223} INFO - Processing chunk 118 with 15000 rows
[2025-09-20T19:15:10.240+0000] {01_Bronce.py:324} INFO - Loaded chunk: 15,000 rows. Total: 1,770,000
[2025-09-20T19:15:10.541+0000] {01_Bronce.py:223} INFO - Processing chunk 119 with 15000 rows
[2025-09-20T19:15:16.220+0000] {01_Bronce.py:324} INFO - Loaded chunk: 15,000 rows. Total: 1,785,000
[2025-09-20T19:15:16.562+0000] {01_Bronce.py:223} INFO - Processing chunk 120 with 15000 rows
[2025-09-20T19:15:23.829+0000] {01_Bronce.py:324} INFO - Loaded chunk: 15,000 rows. Total: 1,800,000
[2025-09-20T19:15:24.293+0000] {01_Bronce.py:223} INFO - Processing chunk 121 with 15000 rows
[2025-09-20T19:15:32.855+0000] {01_Bronce.py:324} INFO - Loaded chunk: 15,000 rows. Total: 1,815,000
[2025-09-20T19:15:33.211+0000] {01_Bronce.py:223} INFO - Processing chunk 122 with 15000 rows
[2025-09-20T19:15:38.141+0000] {01_Bronce.py:324} INFO - Loaded chunk: 15,000 rows. Total: 1,830,000
[2025-09-20T19:15:38.474+0000] {01_Bronce.py:223} INFO - Processing chunk 123 with 15000 rows
[2025-09-20T19:15:43.117+0000] {01_Bronce.py:324} INFO - Loaded chunk: 15,000 rows. Total: 1,845,000
[2025-09-20T19:15:43.422+0000] {01_Bronce.py:223} INFO - Processing chunk 124 with 15000 rows
[2025-09-20T19:15:48.631+0000] {01_Bronce.py:324} INFO - Loaded chunk: 15,000 rows. Total: 1,860,000
[2025-09-20T19:15:49.013+0000] {01_Bronce.py:223} INFO - Processing chunk 125 with 15000 rows
[2025-09-20T19:15:53.881+0000] {01_Bronce.py:324} INFO - Loaded chunk: 15,000 rows. Total: 1,875,000
[2025-09-20T19:15:54.270+0000] {01_Bronce.py:223} INFO - Processing chunk 126 with 15000 rows
[2025-09-20T19:15:58.437+0000] {01_Bronce.py:324} INFO - Loaded chunk: 15,000 rows. Total: 1,890,000
[2025-09-20T19:15:58.771+0000] {01_Bronce.py:223} INFO - Processing chunk 127 with 15000 rows
[2025-09-20T19:16:08.360+0000] {01_Bronce.py:324} INFO - Loaded chunk: 15,000 rows. Total: 1,905,000
[2025-09-20T19:16:08.790+0000] {01_Bronce.py:223} INFO - Processing chunk 128 with 15000 rows
[2025-09-20T19:16:13.733+0000] {01_Bronce.py:324} INFO - Loaded chunk: 15,000 rows. Total: 1,920,000
[2025-09-20T19:16:14.127+0000] {01_Bronce.py:223} INFO - Processing chunk 129 with 15000 rows
[2025-09-20T19:16:18.717+0000] {01_Bronce.py:324} INFO - Loaded chunk: 15,000 rows. Total: 1,935,000
[2025-09-20T19:16:19.100+0000] {01_Bronce.py:223} INFO - Processing chunk 130 with 15000 rows
[2025-09-20T19:16:24.071+0000] {01_Bronce.py:324} INFO - Loaded chunk: 15,000 rows. Total: 1,950,000
[2025-09-20T19:16:24.455+0000] {01_Bronce.py:223} INFO - Processing chunk 131 with 15000 rows
[2025-09-20T19:16:28.829+0000] {01_Bronce.py:324} INFO - Loaded chunk: 15,000 rows. Total: 1,965,000
[2025-09-20T19:16:29.200+0000] {01_Bronce.py:223} INFO - Processing chunk 132 with 15000 rows
[2025-09-20T19:16:33.446+0000] {01_Bronce.py:324} INFO - Loaded chunk: 15,000 rows. Total: 1,980,000
[2025-09-20T19:16:33.781+0000] {01_Bronce.py:223} INFO - Processing chunk 133 with 15000 rows
[2025-09-20T19:16:43.329+0000] {01_Bronce.py:324} INFO - Loaded chunk: 15,000 rows. Total: 1,995,000
[2025-09-20T19:16:43.772+0000] {01_Bronce.py:223} INFO - Processing chunk 134 with 15000 rows
[2025-09-20T19:16:48.555+0000] {01_Bronce.py:324} INFO - Loaded chunk: 15,000 rows. Total: 2,010,000
[2025-09-20T19:16:48.818+0000] {01_Bronce.py:223} INFO - Processing chunk 135 with 15000 rows
[2025-09-20T19:16:53.250+0000] {01_Bronce.py:324} INFO - Loaded chunk: 15,000 rows. Total: 2,025,000
[2025-09-20T19:16:53.659+0000] {01_Bronce.py:223} INFO - Processing chunk 136 with 15000 rows
[2025-09-20T19:16:58.220+0000] {01_Bronce.py:324} INFO - Loaded chunk: 15,000 rows. Total: 2,040,000
[2025-09-20T19:16:58.550+0000] {01_Bronce.py:223} INFO - Processing chunk 137 with 15000 rows
[2025-09-20T19:17:03.324+0000] {01_Bronce.py:324} INFO - Loaded chunk: 15,000 rows. Total: 2,055,000
[2025-09-20T19:17:03.623+0000] {01_Bronce.py:223} INFO - Processing chunk 138 with 15000 rows
[2025-09-20T19:17:08.210+0000] {01_Bronce.py:324} INFO - Loaded chunk: 15,000 rows. Total: 2,070,000
[2025-09-20T19:17:08.655+0000] {01_Bronce.py:223} INFO - Processing chunk 139 with 15000 rows
[2025-09-20T19:17:17.296+0000] {01_Bronce.py:324} INFO - Loaded chunk: 15,000 rows. Total: 2,085,000
[2025-09-20T19:17:17.682+0000] {01_Bronce.py:223} INFO - Processing chunk 140 with 15000 rows
[2025-09-20T19:17:22.931+0000] {01_Bronce.py:324} INFO - Loaded chunk: 15,000 rows. Total: 2,100,000
[2025-09-20T19:17:23.232+0000] {01_Bronce.py:223} INFO - Processing chunk 141 with 15000 rows
[2025-09-20T19:17:27.970+0000] {01_Bronce.py:324} INFO - Loaded chunk: 15,000 rows. Total: 2,115,000
[2025-09-20T19:17:28.301+0000] {01_Bronce.py:223} INFO - Processing chunk 142 with 15000 rows
[2025-09-20T19:17:32.982+0000] {01_Bronce.py:324} INFO - Loaded chunk: 15,000 rows. Total: 2,130,000
[2025-09-20T19:17:33.360+0000] {01_Bronce.py:223} INFO - Processing chunk 143 with 15000 rows
[2025-09-20T19:17:37.668+0000] {01_Bronce.py:324} INFO - Loaded chunk: 15,000 rows. Total: 2,145,000
[2025-09-20T19:17:37.990+0000] {01_Bronce.py:223} INFO - Processing chunk 144 with 15000 rows
[2025-09-20T19:17:42.688+0000] {01_Bronce.py:324} INFO - Loaded chunk: 15,000 rows. Total: 2,160,000
[2025-09-20T19:17:43.030+0000] {01_Bronce.py:223} INFO - Processing chunk 145 with 15000 rows
[2025-09-20T19:17:47.711+0000] {01_Bronce.py:324} INFO - Loaded chunk: 15,000 rows. Total: 2,175,000
[2025-09-20T19:17:48.018+0000] {01_Bronce.py:223} INFO - Processing chunk 146 with 15000 rows
[2025-09-20T19:17:56.293+0000] {01_Bronce.py:324} INFO - Loaded chunk: 15,000 rows. Total: 2,190,000
[2025-09-20T19:17:56.706+0000] {01_Bronce.py:223} INFO - Processing chunk 147 with 15000 rows
[2025-09-20T19:18:02.096+0000] {01_Bronce.py:324} INFO - Loaded chunk: 15,000 rows. Total: 2,205,000
[2025-09-20T19:18:02.417+0000] {01_Bronce.py:223} INFO - Processing chunk 148 with 15000 rows
[2025-09-20T19:18:08.615+0000] {01_Bronce.py:324} INFO - Loaded chunk: 15,000 rows. Total: 2,220,000
[2025-09-20T19:18:09.056+0000] {01_Bronce.py:223} INFO - Processing chunk 149 with 15000 rows
[2025-09-20T19:18:15.860+0000] {01_Bronce.py:324} INFO - Loaded chunk: 15,000 rows. Total: 2,235,000
[2025-09-20T19:18:16.323+0000] {01_Bronce.py:223} INFO - Processing chunk 150 with 15000 rows
[2025-09-20T19:18:22.953+0000] {01_Bronce.py:324} INFO - Loaded chunk: 15,000 rows. Total: 2,250,000
[2025-09-20T19:18:23.436+0000] {01_Bronce.py:223} INFO - Processing chunk 151 with 15000 rows
[2025-09-20T19:18:33.420+0000] {01_Bronce.py:324} INFO - Loaded chunk: 15,000 rows. Total: 2,265,000
[2025-09-20T19:18:33.997+0000] {01_Bronce.py:223} INFO - Processing chunk 152 with 15000 rows
[2025-09-20T19:18:42.179+0000] {01_Bronce.py:324} INFO - Loaded chunk: 15,000 rows. Total: 2,280,000
[2025-09-20T19:18:42.766+0000] {01_Bronce.py:223} INFO - Processing chunk 153 with 15000 rows
[2025-09-20T19:18:49.349+0000] {01_Bronce.py:324} INFO - Loaded chunk: 15,000 rows. Total: 2,295,000
[2025-09-20T19:18:49.676+0000] {01_Bronce.py:223} INFO - Processing chunk 154 with 15000 rows
[2025-09-20T19:18:55.563+0000] {01_Bronce.py:324} INFO - Loaded chunk: 15,000 rows. Total: 2,310,000
[2025-09-20T19:18:55.868+0000] {01_Bronce.py:223} INFO - Processing chunk 155 with 15000 rows
[2025-09-20T19:18:59.777+0000] {01_Bronce.py:324} INFO - Loaded chunk: 15,000 rows. Total: 2,325,000
[2025-09-20T19:19:00.025+0000] {01_Bronce.py:223} INFO - Processing chunk 156 with 15000 rows
[2025-09-20T19:19:06.902+0000] {01_Bronce.py:324} INFO - Loaded chunk: 15,000 rows. Total: 2,340,000
[2025-09-20T19:19:07.322+0000] {01_Bronce.py:223} INFO - Processing chunk 157 with 15000 rows
[2025-09-20T19:19:10.690+0000] {01_Bronce.py:324} INFO - Loaded chunk: 15,000 rows. Total: 2,355,000
[2025-09-20T19:19:11.146+0000] {01_Bronce.py:223} INFO - Processing chunk 158 with 15000 rows
[2025-09-20T19:19:16.028+0000] {01_Bronce.py:324} INFO - Loaded chunk: 15,000 rows. Total: 2,370,000
[2025-09-20T19:19:16.336+0000] {01_Bronce.py:223} INFO - Processing chunk 159 with 15000 rows
[2025-09-20T19:19:20.084+0000] {01_Bronce.py:324} INFO - Loaded chunk: 15,000 rows. Total: 2,385,000
[2025-09-20T19:19:20.378+0000] {01_Bronce.py:223} INFO - Processing chunk 160 with 15000 rows
[2025-09-20T19:19:23.349+0000] {01_Bronce.py:324} INFO - Loaded chunk: 15,000 rows. Total: 2,400,000
[2025-09-20T19:19:23.582+0000] {01_Bronce.py:223} INFO - Processing chunk 161 with 15000 rows
[2025-09-20T19:19:26.867+0000] {01_Bronce.py:324} INFO - Loaded chunk: 15,000 rows. Total: 2,415,000
[2025-09-20T19:19:27.169+0000] {01_Bronce.py:223} INFO - Processing chunk 162 with 15000 rows
[2025-09-20T19:19:31.140+0000] {01_Bronce.py:324} INFO - Loaded chunk: 15,000 rows. Total: 2,430,000
[2025-09-20T19:19:31.411+0000] {01_Bronce.py:223} INFO - Processing chunk 163 with 15000 rows
[2025-09-20T19:19:34.560+0000] {01_Bronce.py:324} INFO - Loaded chunk: 15,000 rows. Total: 2,445,000
[2025-09-20T19:19:34.925+0000] {01_Bronce.py:223} INFO - Processing chunk 164 with 15000 rows
[2025-09-20T19:19:41.573+0000] {01_Bronce.py:324} INFO - Loaded chunk: 15,000 rows. Total: 2,460,000
[2025-09-20T19:19:41.837+0000] {01_Bronce.py:223} INFO - Processing chunk 165 with 15000 rows
[2025-09-20T19:19:45.419+0000] {01_Bronce.py:324} INFO - Loaded chunk: 15,000 rows. Total: 2,475,000
[2025-09-20T19:19:45.711+0000] {01_Bronce.py:223} INFO - Processing chunk 166 with 15000 rows
[2025-09-20T19:19:49.895+0000] {01_Bronce.py:324} INFO - Loaded chunk: 15,000 rows. Total: 2,490,000
[2025-09-20T19:19:50.238+0000] {01_Bronce.py:223} INFO - Processing chunk 167 with 15000 rows
[2025-09-20T19:19:53.352+0000] {01_Bronce.py:324} INFO - Loaded chunk: 15,000 rows. Total: 2,505,000
[2025-09-20T19:19:53.626+0000] {01_Bronce.py:223} INFO - Processing chunk 168 with 15000 rows
[2025-09-20T19:19:56.561+0000] {01_Bronce.py:324} INFO - Loaded chunk: 15,000 rows. Total: 2,520,000
[2025-09-20T19:19:56.795+0000] {01_Bronce.py:223} INFO - Processing chunk 169 with 15000 rows
[2025-09-20T19:20:00.679+0000] {01_Bronce.py:324} INFO - Loaded chunk: 15,000 rows. Total: 2,535,000
[2025-09-20T19:20:00.970+0000] {01_Bronce.py:223} INFO - Processing chunk 170 with 15000 rows
[2025-09-20T19:20:05.346+0000] {01_Bronce.py:324} INFO - Loaded chunk: 15,000 rows. Total: 2,550,000
[2025-09-20T19:20:05.722+0000] {01_Bronce.py:223} INFO - Processing chunk 171 with 15000 rows
[2025-09-20T19:20:08.980+0000] {01_Bronce.py:324} INFO - Loaded chunk: 15,000 rows. Total: 2,565,000
[2025-09-20T19:20:09.237+0000] {01_Bronce.py:223} INFO - Processing chunk 172 with 15000 rows
[2025-09-20T19:20:12.426+0000] {01_Bronce.py:324} INFO - Loaded chunk: 15,000 rows. Total: 2,580,000
[2025-09-20T19:20:16.296+0000] {01_Bronce.py:223} INFO - Processing chunk 173 with 15000 rows
[2025-09-20T19:20:19.926+0000] {01_Bronce.py:324} INFO - Loaded chunk: 15,000 rows. Total: 2,595,000
[2025-09-20T19:20:20.208+0000] {01_Bronce.py:223} INFO - Processing chunk 174 with 15000 rows
[2025-09-20T19:20:23.787+0000] {01_Bronce.py:324} INFO - Loaded chunk: 15,000 rows. Total: 2,610,000
[2025-09-20T19:20:24.047+0000] {01_Bronce.py:223} INFO - Processing chunk 175 with 15000 rows
[2025-09-20T19:20:27.415+0000] {01_Bronce.py:324} INFO - Loaded chunk: 15,000 rows. Total: 2,625,000
[2025-09-20T19:20:27.793+0000] {01_Bronce.py:223} INFO - Processing chunk 176 with 15000 rows
[2025-09-20T19:20:31.289+0000] {01_Bronce.py:324} INFO - Loaded chunk: 15,000 rows. Total: 2,640,000
[2025-09-20T19:20:31.634+0000] {01_Bronce.py:223} INFO - Processing chunk 177 with 15000 rows
[2025-09-20T19:20:35.193+0000] {01_Bronce.py:324} INFO - Loaded chunk: 15,000 rows. Total: 2,655,000
[2025-09-20T19:20:35.521+0000] {01_Bronce.py:223} INFO - Processing chunk 178 with 15000 rows
[2025-09-20T19:20:38.865+0000] {01_Bronce.py:324} INFO - Loaded chunk: 15,000 rows. Total: 2,670,000
[2025-09-20T19:20:39.148+0000] {01_Bronce.py:223} INFO - Processing chunk 179 with 15000 rows
[2025-09-20T19:20:42.874+0000] {01_Bronce.py:324} INFO - Loaded chunk: 15,000 rows. Total: 2,685,000
[2025-09-20T19:20:43.212+0000] {01_Bronce.py:223} INFO - Processing chunk 180 with 15000 rows
[2025-09-20T19:20:46.504+0000] {01_Bronce.py:324} INFO - Loaded chunk: 15,000 rows. Total: 2,700,000
[2025-09-20T19:20:47.054+0000] {01_Bronce.py:223} INFO - Processing chunk 181 with 15000 rows
[2025-09-20T19:20:54.028+0000] {01_Bronce.py:324} INFO - Loaded chunk: 15,000 rows. Total: 2,715,000
[2025-09-20T19:20:54.290+0000] {01_Bronce.py:223} INFO - Processing chunk 182 with 15000 rows
[2025-09-20T19:20:57.339+0000] {01_Bronce.py:324} INFO - Loaded chunk: 15,000 rows. Total: 2,730,000
[2025-09-20T19:20:57.602+0000] {01_Bronce.py:223} INFO - Processing chunk 183 with 15000 rows
[2025-09-20T19:21:01.154+0000] {01_Bronce.py:324} INFO - Loaded chunk: 15,000 rows. Total: 2,745,000
[2025-09-20T19:21:01.474+0000] {01_Bronce.py:223} INFO - Processing chunk 184 with 15000 rows
[2025-09-20T19:21:05.196+0000] {01_Bronce.py:324} INFO - Loaded chunk: 15,000 rows. Total: 2,760,000
[2025-09-20T19:21:05.441+0000] {01_Bronce.py:223} INFO - Processing chunk 185 with 15000 rows
[2025-09-20T19:21:09.031+0000] {01_Bronce.py:324} INFO - Loaded chunk: 15,000 rows. Total: 2,775,000
[2025-09-20T19:21:09.287+0000] {01_Bronce.py:223} INFO - Processing chunk 186 with 15000 rows
[2025-09-20T19:21:12.802+0000] {01_Bronce.py:324} INFO - Loaded chunk: 15,000 rows. Total: 2,790,000
[2025-09-20T19:21:13.044+0000] {01_Bronce.py:223} INFO - Processing chunk 187 with 15000 rows
[2025-09-20T19:21:16.359+0000] {01_Bronce.py:324} INFO - Loaded chunk: 15,000 rows. Total: 2,805,000
[2025-09-20T19:21:16.627+0000] {01_Bronce.py:223} INFO - Processing chunk 188 with 15000 rows
[2025-09-20T19:21:20.198+0000] {01_Bronce.py:324} INFO - Loaded chunk: 15,000 rows. Total: 2,820,000
[2025-09-20T19:21:20.448+0000] {01_Bronce.py:223} INFO - Processing chunk 189 with 15000 rows
[2025-09-20T19:21:23.984+0000] {01_Bronce.py:324} INFO - Loaded chunk: 15,000 rows. Total: 2,835,000
[2025-09-20T19:21:27.850+0000] {01_Bronce.py:223} INFO - Processing chunk 190 with 15000 rows
[2025-09-20T19:21:31.239+0000] {01_Bronce.py:324} INFO - Loaded chunk: 15,000 rows. Total: 2,850,000
[2025-09-20T19:21:31.527+0000] {01_Bronce.py:223} INFO - Processing chunk 191 with 15000 rows
[2025-09-20T19:21:35.717+0000] {01_Bronce.py:324} INFO - Loaded chunk: 15,000 rows. Total: 2,865,000
[2025-09-20T19:21:36.027+0000] {01_Bronce.py:223} INFO - Processing chunk 192 with 15000 rows
[2025-09-20T19:21:39.917+0000] {01_Bronce.py:324} INFO - Loaded chunk: 15,000 rows. Total: 2,880,000
[2025-09-20T19:21:40.236+0000] {01_Bronce.py:223} INFO - Processing chunk 193 with 15000 rows
[2025-09-20T19:21:43.655+0000] {01_Bronce.py:324} INFO - Loaded chunk: 15,000 rows. Total: 2,895,000
[2025-09-20T19:21:44.015+0000] {01_Bronce.py:223} INFO - Processing chunk 194 with 15000 rows
[2025-09-20T19:21:47.705+0000] {01_Bronce.py:324} INFO - Loaded chunk: 15,000 rows. Total: 2,910,000
[2025-09-20T19:21:48.024+0000] {01_Bronce.py:223} INFO - Processing chunk 195 with 15000 rows
[2025-09-20T19:21:51.507+0000] {01_Bronce.py:324} INFO - Loaded chunk: 15,000 rows. Total: 2,925,000
[2025-09-20T19:21:51.785+0000] {01_Bronce.py:223} INFO - Processing chunk 196 with 15000 rows
[2025-09-20T19:21:55.187+0000] {01_Bronce.py:324} INFO - Loaded chunk: 15,000 rows. Total: 2,940,000
[2025-09-20T19:21:55.428+0000] {01_Bronce.py:223} INFO - Processing chunk 197 with 15000 rows
[2025-09-20T19:21:58.812+0000] {01_Bronce.py:324} INFO - Loaded chunk: 15,000 rows. Total: 2,955,000
[2025-09-20T19:21:59.091+0000] {01_Bronce.py:223} INFO - Processing chunk 198 with 15000 rows
[2025-09-20T19:22:05.816+0000] {01_Bronce.py:324} INFO - Loaded chunk: 15,000 rows. Total: 2,970,000
[2025-09-20T19:22:06.047+0000] {01_Bronce.py:223} INFO - Processing chunk 199 with 15000 rows
[2025-09-20T19:22:09.263+0000] {01_Bronce.py:324} INFO - Loaded chunk: 15,000 rows. Total: 2,985,000
[2025-09-20T19:22:09.481+0000] {01_Bronce.py:223} INFO - Processing chunk 200 with 15000 rows
[2025-09-20T19:22:12.650+0000] {01_Bronce.py:324} INFO - Loaded chunk: 15,000 rows. Total: 3,000,000
[2025-09-20T19:22:12.918+0000] {01_Bronce.py:223} INFO - Processing chunk 201 with 15000 rows
[2025-09-20T19:22:16.647+0000] {01_Bronce.py:324} INFO - Loaded chunk: 15,000 rows. Total: 3,015,000
[2025-09-20T19:22:16.956+0000] {01_Bronce.py:223} INFO - Processing chunk 202 with 15000 rows
[2025-09-20T19:22:20.330+0000] {01_Bronce.py:324} INFO - Loaded chunk: 15,000 rows. Total: 3,030,000
[2025-09-20T19:22:20.586+0000] {01_Bronce.py:223} INFO - Processing chunk 203 with 15000 rows
[2025-09-20T19:22:23.980+0000] {01_Bronce.py:324} INFO - Loaded chunk: 15,000 rows. Total: 3,045,000
[2025-09-20T19:22:24.344+0000] {01_Bronce.py:223} INFO - Processing chunk 204 with 15000 rows
[2025-09-20T19:22:27.832+0000] {01_Bronce.py:324} INFO - Loaded chunk: 15,000 rows. Total: 3,060,000
[2025-09-20T19:22:28.214+0000] {01_Bronce.py:223} INFO - Processing chunk 205 with 15000 rows
[2025-09-20T19:22:31.814+0000] {01_Bronce.py:324} INFO - Loaded chunk: 15,000 rows. Total: 3,075,000
[2025-09-20T19:22:32.137+0000] {01_Bronce.py:223} INFO - Processing chunk 206 with 15000 rows
[2025-09-20T19:22:39.724+0000] {01_Bronce.py:324} INFO - Loaded chunk: 15,000 rows. Total: 3,090,000
[2025-09-20T19:22:40.057+0000] {01_Bronce.py:223} INFO - Processing chunk 207 with 15000 rows
[2025-09-20T19:22:44.411+0000] {01_Bronce.py:324} INFO - Loaded chunk: 15,000 rows. Total: 3,105,000
[2025-09-20T19:22:44.798+0000] {01_Bronce.py:223} INFO - Processing chunk 208 with 15000 rows
[2025-09-20T19:22:51.243+0000] {01_Bronce.py:324} INFO - Loaded chunk: 15,000 rows. Total: 3,120,000
[2025-09-20T19:22:51.894+0000] {01_Bronce.py:223} INFO - Processing chunk 209 with 15000 rows
[2025-09-20T19:22:58.347+0000] {01_Bronce.py:324} INFO - Loaded chunk: 15,000 rows. Total: 3,135,000
[2025-09-20T19:22:58.828+0000] {01_Bronce.py:223} INFO - Processing chunk 210 with 15000 rows
[2025-09-20T19:23:06.281+0000] {01_Bronce.py:324} INFO - Loaded chunk: 15,000 rows. Total: 3,150,000
[2025-09-20T19:23:06.844+0000] {01_Bronce.py:223} INFO - Processing chunk 211 with 15000 rows
[2025-09-20T19:23:10.683+0000] {01_Bronce.py:324} INFO - Loaded chunk: 15,000 rows. Total: 3,165,000
[2025-09-20T19:23:10.945+0000] {01_Bronce.py:223} INFO - Processing chunk 212 with 15000 rows
[2025-09-20T19:23:18.087+0000] {01_Bronce.py:324} INFO - Loaded chunk: 15,000 rows. Total: 3,180,000
[2025-09-20T19:23:18.377+0000] {01_Bronce.py:223} INFO - Processing chunk 213 with 15000 rows
[2025-09-20T19:23:21.962+0000] {01_Bronce.py:324} INFO - Loaded chunk: 15,000 rows. Total: 3,195,000
[2025-09-20T19:23:22.292+0000] {01_Bronce.py:223} INFO - Processing chunk 214 with 15000 rows
[2025-09-20T19:23:25.894+0000] {01_Bronce.py:324} INFO - Loaded chunk: 15,000 rows. Total: 3,210,000
[2025-09-20T19:23:26.293+0000] {01_Bronce.py:223} INFO - Processing chunk 215 with 15000 rows
[2025-09-20T19:23:29.993+0000] {01_Bronce.py:324} INFO - Loaded chunk: 15,000 rows. Total: 3,225,000
[2025-09-20T19:23:30.252+0000] {01_Bronce.py:223} INFO - Processing chunk 216 with 15000 rows
[2025-09-20T19:23:33.736+0000] {01_Bronce.py:324} INFO - Loaded chunk: 15,000 rows. Total: 3,240,000
[2025-09-20T19:23:34.085+0000] {01_Bronce.py:223} INFO - Processing chunk 217 with 15000 rows
[2025-09-20T19:23:37.770+0000] {01_Bronce.py:324} INFO - Loaded chunk: 15,000 rows. Total: 3,255,000
[2025-09-20T19:23:38.138+0000] {01_Bronce.py:223} INFO - Processing chunk 218 with 15000 rows
[2025-09-20T19:23:41.879+0000] {01_Bronce.py:324} INFO - Loaded chunk: 15,000 rows. Total: 3,270,000
[2025-09-20T19:23:42.278+0000] {01_Bronce.py:223} INFO - Processing chunk 219 with 15000 rows
[2025-09-20T19:23:46.031+0000] {01_Bronce.py:324} INFO - Loaded chunk: 15,000 rows. Total: 3,285,000
[2025-09-20T19:23:46.331+0000] {01_Bronce.py:223} INFO - Processing chunk 220 with 15000 rows
[2025-09-20T19:23:53.644+0000] {01_Bronce.py:324} INFO - Loaded chunk: 15,000 rows. Total: 3,300,000
[2025-09-20T19:23:54.001+0000] {01_Bronce.py:223} INFO - Processing chunk 221 with 15000 rows
[2025-09-20T19:23:57.883+0000] {01_Bronce.py:324} INFO - Loaded chunk: 15,000 rows. Total: 3,315,000
[2025-09-20T19:23:58.147+0000] {01_Bronce.py:223} INFO - Processing chunk 222 with 15000 rows
[2025-09-20T19:24:02.221+0000] {01_Bronce.py:324} INFO - Loaded chunk: 15,000 rows. Total: 3,330,000
[2025-09-20T19:24:02.569+0000] {01_Bronce.py:223} INFO - Processing chunk 223 with 15000 rows
[2025-09-20T19:24:06.479+0000] {01_Bronce.py:324} INFO - Loaded chunk: 15,000 rows. Total: 3,345,000
[2025-09-20T19:24:06.813+0000] {01_Bronce.py:223} INFO - Processing chunk 224 with 15000 rows
[2025-09-20T19:24:10.646+0000] {01_Bronce.py:324} INFO - Loaded chunk: 15,000 rows. Total: 3,360,000
[2025-09-20T19:24:11.009+0000] {01_Bronce.py:223} INFO - Processing chunk 225 with 15000 rows
[2025-09-20T19:24:14.680+0000] {01_Bronce.py:324} INFO - Loaded chunk: 15,000 rows. Total: 3,375,000
[2025-09-20T19:24:15.012+0000] {01_Bronce.py:223} INFO - Processing chunk 226 with 15000 rows
[2025-09-20T19:24:18.872+0000] {01_Bronce.py:324} INFO - Loaded chunk: 15,000 rows. Total: 3,390,000
[2025-09-20T19:24:19.153+0000] {01_Bronce.py:223} INFO - Processing chunk 227 with 15000 rows
[2025-09-20T19:24:22.845+0000] {01_Bronce.py:324} INFO - Loaded chunk: 15,000 rows. Total: 3,405,000
[2025-09-20T19:24:23.142+0000] {01_Bronce.py:223} INFO - Processing chunk 228 with 15000 rows
[2025-09-20T19:24:30.366+0000] {01_Bronce.py:324} INFO - Loaded chunk: 15,000 rows. Total: 3,420,000
[2025-09-20T19:24:30.714+0000] {01_Bronce.py:223} INFO - Processing chunk 229 with 15000 rows
[2025-09-20T19:24:34.868+0000] {01_Bronce.py:324} INFO - Loaded chunk: 15,000 rows. Total: 3,435,000
[2025-09-20T19:24:35.137+0000] {01_Bronce.py:223} INFO - Processing chunk 230 with 15000 rows
[2025-09-20T19:24:38.395+0000] {01_Bronce.py:324} INFO - Loaded chunk: 15,000 rows. Total: 3,450,000
[2025-09-20T19:24:38.653+0000] {01_Bronce.py:223} INFO - Processing chunk 231 with 15000 rows
[2025-09-20T19:24:42.228+0000] {01_Bronce.py:324} INFO - Loaded chunk: 15,000 rows. Total: 3,465,000
[2025-09-20T19:24:42.804+0000] {01_Bronce.py:223} INFO - Processing chunk 232 with 15000 rows
[2025-09-20T19:24:45.791+0000] {01_Bronce.py:324} INFO - Loaded chunk: 15,000 rows. Total: 3,480,000
[2025-09-20T19:24:46.098+0000] {01_Bronce.py:223} INFO - Processing chunk 233 with 15000 rows
[2025-09-20T19:24:49.598+0000] {01_Bronce.py:324} INFO - Loaded chunk: 15,000 rows. Total: 3,495,000
[2025-09-20T19:24:49.886+0000] {01_Bronce.py:223} INFO - Processing chunk 234 with 15000 rows
[2025-09-20T19:24:53.064+0000] {01_Bronce.py:324} INFO - Loaded chunk: 15,000 rows. Total: 3,510,000
[2025-09-20T19:24:53.334+0000] {01_Bronce.py:223} INFO - Processing chunk 235 with 15000 rows
[2025-09-20T19:24:56.478+0000] {01_Bronce.py:324} INFO - Loaded chunk: 15,000 rows. Total: 3,525,000
[2025-09-20T19:24:56.757+0000] {01_Bronce.py:223} INFO - Processing chunk 236 with 15000 rows
[2025-09-20T19:25:04.053+0000] {01_Bronce.py:324} INFO - Loaded chunk: 15,000 rows. Total: 3,540,000
[2025-09-20T19:25:04.371+0000] {01_Bronce.py:223} INFO - Processing chunk 237 with 15000 rows
[2025-09-20T19:25:08.026+0000] {01_Bronce.py:324} INFO - Loaded chunk: 15,000 rows. Total: 3,555,000
[2025-09-20T19:25:08.614+0000] {01_Bronce.py:223} INFO - Processing chunk 238 with 15000 rows
[2025-09-20T19:25:12.173+0000] {01_Bronce.py:324} INFO - Loaded chunk: 15,000 rows. Total: 3,570,000
[2025-09-20T19:25:12.525+0000] {01_Bronce.py:223} INFO - Processing chunk 239 with 15000 rows
[2025-09-20T19:25:15.593+0000] {01_Bronce.py:324} INFO - Loaded chunk: 15,000 rows. Total: 3,585,000
[2025-09-20T19:25:15.919+0000] {01_Bronce.py:223} INFO - Processing chunk 240 with 15000 rows
[2025-09-20T19:25:19.359+0000] {01_Bronce.py:324} INFO - Loaded chunk: 15,000 rows. Total: 3,600,000
[2025-09-20T19:25:19.594+0000] {01_Bronce.py:223} INFO - Processing chunk 241 with 15000 rows
[2025-09-20T19:25:23.454+0000] {01_Bronce.py:324} INFO - Loaded chunk: 15,000 rows. Total: 3,615,000
[2025-09-20T19:25:23.842+0000] {01_Bronce.py:223} INFO - Processing chunk 242 with 15000 rows
[2025-09-20T19:25:27.553+0000] {01_Bronce.py:324} INFO - Loaded chunk: 15,000 rows. Total: 3,630,000
[2025-09-20T19:25:27.812+0000] {01_Bronce.py:223} INFO - Processing chunk 243 with 15000 rows
[2025-09-20T19:25:31.568+0000] {01_Bronce.py:324} INFO - Loaded chunk: 15,000 rows. Total: 3,645,000
[2025-09-20T19:25:31.890+0000] {01_Bronce.py:223} INFO - Processing chunk 244 with 15000 rows
[2025-09-20T19:25:38.995+0000] {01_Bronce.py:324} INFO - Loaded chunk: 15,000 rows. Total: 3,660,000
[2025-09-20T19:25:39.263+0000] {01_Bronce.py:223} INFO - Processing chunk 245 with 15000 rows
[2025-09-20T19:25:43.411+0000] {01_Bronce.py:324} INFO - Loaded chunk: 15,000 rows. Total: 3,675,000
[2025-09-20T19:25:43.745+0000] {01_Bronce.py:223} INFO - Processing chunk 246 with 15000 rows
[2025-09-20T19:25:47.395+0000] {01_Bronce.py:324} INFO - Loaded chunk: 15,000 rows. Total: 3,690,000
[2025-09-20T19:25:47.673+0000] {01_Bronce.py:223} INFO - Processing chunk 247 with 15000 rows
[2025-09-20T19:25:51.381+0000] {01_Bronce.py:324} INFO - Loaded chunk: 15,000 rows. Total: 3,705,000
[2025-09-20T19:25:51.716+0000] {01_Bronce.py:223} INFO - Processing chunk 248 with 15000 rows
[2025-09-20T19:25:55.418+0000] {01_Bronce.py:324} INFO - Loaded chunk: 15,000 rows. Total: 3,720,000
[2025-09-20T19:25:55.755+0000] {01_Bronce.py:223} INFO - Processing chunk 249 with 15000 rows
[2025-09-20T19:25:59.275+0000] {01_Bronce.py:324} INFO - Loaded chunk: 15,000 rows. Total: 3,735,000
[2025-09-20T19:25:59.611+0000] {01_Bronce.py:223} INFO - Processing chunk 250 with 15000 rows
[2025-09-20T19:26:03.176+0000] {01_Bronce.py:324} INFO - Loaded chunk: 15,000 rows. Total: 3,750,000
[2025-09-20T19:26:03.466+0000] {01_Bronce.py:223} INFO - Processing chunk 251 with 15000 rows
[2025-09-20T19:26:06.974+0000] {01_Bronce.py:324} INFO - Loaded chunk: 15,000 rows. Total: 3,765,000
[2025-09-20T19:26:07.363+0000] {01_Bronce.py:223} INFO - Processing chunk 252 with 15000 rows
[2025-09-20T19:26:14.944+0000] {01_Bronce.py:324} INFO - Loaded chunk: 15,000 rows. Total: 3,780,000
[2025-09-20T19:26:15.293+0000] {01_Bronce.py:223} INFO - Processing chunk 253 with 15000 rows
[2025-09-20T19:26:18.972+0000] {01_Bronce.py:324} INFO - Loaded chunk: 15,000 rows. Total: 3,795,000
[2025-09-20T19:26:19.254+0000] {01_Bronce.py:223} INFO - Processing chunk 254 with 15000 rows
[2025-09-20T19:26:23.364+0000] {01_Bronce.py:324} INFO - Loaded chunk: 15,000 rows. Total: 3,810,000
[2025-09-20T19:26:23.654+0000] {01_Bronce.py:223} INFO - Processing chunk 255 with 15000 rows
[2025-09-20T19:26:27.930+0000] {01_Bronce.py:324} INFO - Loaded chunk: 15,000 rows. Total: 3,825,000
[2025-09-20T19:26:28.263+0000] {01_Bronce.py:223} INFO - Processing chunk 256 with 15000 rows
[2025-09-20T19:26:32.274+0000] {01_Bronce.py:324} INFO - Loaded chunk: 15,000 rows. Total: 3,840,000
[2025-09-20T19:26:32.568+0000] {01_Bronce.py:223} INFO - Processing chunk 257 with 15000 rows
[2025-09-20T19:26:36.366+0000] {01_Bronce.py:324} INFO - Loaded chunk: 15,000 rows. Total: 3,855,000
[2025-09-20T19:26:36.655+0000] {01_Bronce.py:223} INFO - Processing chunk 258 with 15000 rows
[2025-09-20T19:26:41.171+0000] {01_Bronce.py:324} INFO - Loaded chunk: 15,000 rows. Total: 3,870,000
[2025-09-20T19:26:41.480+0000] {01_Bronce.py:223} INFO - Processing chunk 259 with 15000 rows
[2025-09-20T19:26:45.329+0000] {01_Bronce.py:324} INFO - Loaded chunk: 15,000 rows. Total: 3,885,000
[2025-09-20T19:26:45.621+0000] {01_Bronce.py:223} INFO - Processing chunk 260 with 15000 rows
[2025-09-20T19:26:52.926+0000] {01_Bronce.py:324} INFO - Loaded chunk: 15,000 rows. Total: 3,900,000
[2025-09-20T19:26:53.274+0000] {01_Bronce.py:223} INFO - Processing chunk 261 with 15000 rows
[2025-09-20T19:26:56.618+0000] {01_Bronce.py:324} INFO - Loaded chunk: 15,000 rows. Total: 3,915,000
[2025-09-20T19:26:56.926+0000] {01_Bronce.py:223} INFO - Processing chunk 262 with 15000 rows
[2025-09-20T19:27:00.354+0000] {01_Bronce.py:324} INFO - Loaded chunk: 15,000 rows. Total: 3,930,000
[2025-09-20T19:27:00.652+0000] {01_Bronce.py:223} INFO - Processing chunk 263 with 15000 rows
[2025-09-20T19:27:03.959+0000] {01_Bronce.py:324} INFO - Loaded chunk: 15,000 rows. Total: 3,945,000
[2025-09-20T19:27:04.235+0000] {01_Bronce.py:223} INFO - Processing chunk 264 with 15000 rows
[2025-09-20T19:27:07.718+0000] {01_Bronce.py:324} INFO - Loaded chunk: 15,000 rows. Total: 3,960,000
[2025-09-20T19:27:08.036+0000] {01_Bronce.py:223} INFO - Processing chunk 265 with 15000 rows
[2025-09-20T19:27:11.766+0000] {01_Bronce.py:324} INFO - Loaded chunk: 15,000 rows. Total: 3,975,000
[2025-09-20T19:27:12.081+0000] {01_Bronce.py:223} INFO - Processing chunk 266 with 15000 rows
[2025-09-20T19:27:15.678+0000] {01_Bronce.py:324} INFO - Loaded chunk: 15,000 rows. Total: 3,990,000
[2025-09-20T19:27:15.922+0000] {01_Bronce.py:223} INFO - Processing chunk 267 with 15000 rows
[2025-09-20T19:27:19.517+0000] {01_Bronce.py:324} INFO - Loaded chunk: 15,000 rows. Total: 4,005,000
[2025-09-20T19:27:19.836+0000] {01_Bronce.py:223} INFO - Processing chunk 268 with 15000 rows
[2025-09-20T19:27:27.019+0000] {01_Bronce.py:324} INFO - Loaded chunk: 15,000 rows. Total: 4,020,000
[2025-09-20T19:27:27.326+0000] {01_Bronce.py:223} INFO - Processing chunk 269 with 15000 rows
[2025-09-20T19:27:31.132+0000] {01_Bronce.py:324} INFO - Loaded chunk: 15,000 rows. Total: 4,035,000
[2025-09-20T19:27:31.456+0000] {01_Bronce.py:223} INFO - Processing chunk 270 with 15000 rows
[2025-09-20T19:27:34.851+0000] {01_Bronce.py:324} INFO - Loaded chunk: 15,000 rows. Total: 4,050,000
[2025-09-20T19:27:35.179+0000] {01_Bronce.py:223} INFO - Processing chunk 271 with 15000 rows
[2025-09-20T19:27:38.868+0000] {01_Bronce.py:324} INFO - Loaded chunk: 15,000 rows. Total: 4,065,000
[2025-09-20T19:27:39.118+0000] {01_Bronce.py:223} INFO - Processing chunk 272 with 15000 rows
[2025-09-20T19:27:42.836+0000] {01_Bronce.py:324} INFO - Loaded chunk: 15,000 rows. Total: 4,080,000
[2025-09-20T19:27:43.150+0000] {01_Bronce.py:223} INFO - Processing chunk 273 with 15000 rows
[2025-09-20T19:27:46.935+0000] {01_Bronce.py:324} INFO - Loaded chunk: 15,000 rows. Total: 4,095,000
[2025-09-20T19:27:47.234+0000] {01_Bronce.py:223} INFO - Processing chunk 274 with 15000 rows
[2025-09-20T19:27:50.696+0000] {01_Bronce.py:324} INFO - Loaded chunk: 15,000 rows. Total: 4,110,000
[2025-09-20T19:27:50.973+0000] {01_Bronce.py:223} INFO - Processing chunk 275 with 15000 rows
[2025-09-20T19:27:54.365+0000] {01_Bronce.py:324} INFO - Loaded chunk: 15,000 rows. Total: 4,125,000
[2025-09-20T19:27:54.658+0000] {01_Bronce.py:223} INFO - Processing chunk 276 with 15000 rows
[2025-09-20T19:27:58.097+0000] {01_Bronce.py:324} INFO - Loaded chunk: 15,000 rows. Total: 4,140,000
[2025-09-20T19:27:58.376+0000] {01_Bronce.py:223} INFO - Processing chunk 277 with 15000 rows
[2025-09-20T19:28:05.374+0000] {01_Bronce.py:324} INFO - Loaded chunk: 15,000 rows. Total: 4,155,000
[2025-09-20T19:28:05.633+0000] {01_Bronce.py:223} INFO - Processing chunk 278 with 15000 rows
[2025-09-20T19:28:09.123+0000] {01_Bronce.py:324} INFO - Loaded chunk: 15,000 rows. Total: 4,170,000
[2025-09-20T19:28:09.378+0000] {01_Bronce.py:223} INFO - Processing chunk 279 with 15000 rows
[2025-09-20T19:28:12.908+0000] {01_Bronce.py:324} INFO - Loaded chunk: 15,000 rows. Total: 4,185,000
[2025-09-20T19:28:13.226+0000] {01_Bronce.py:223} INFO - Processing chunk 280 with 15000 rows
[2025-09-20T19:28:17.048+0000] {01_Bronce.py:324} INFO - Loaded chunk: 15,000 rows. Total: 4,200,000
[2025-09-20T19:28:17.338+0000] {01_Bronce.py:223} INFO - Processing chunk 281 with 15000 rows
[2025-09-20T19:28:21.077+0000] {01_Bronce.py:324} INFO - Loaded chunk: 15,000 rows. Total: 4,215,000
[2025-09-20T19:28:21.370+0000] {01_Bronce.py:223} INFO - Processing chunk 282 with 15000 rows
[2025-09-20T19:28:24.790+0000] {01_Bronce.py:324} INFO - Loaded chunk: 15,000 rows. Total: 4,230,000
[2025-09-20T19:28:25.065+0000] {01_Bronce.py:223} INFO - Processing chunk 283 with 15000 rows
[2025-09-20T19:28:28.789+0000] {01_Bronce.py:324} INFO - Loaded chunk: 15,000 rows. Total: 4,245,000
[2025-09-20T19:28:29.075+0000] {01_Bronce.py:223} INFO - Processing chunk 284 with 15000 rows
[2025-09-20T19:28:32.516+0000] {01_Bronce.py:324} INFO - Loaded chunk: 15,000 rows. Total: 4,260,000
[2025-09-20T19:28:32.805+0000] {01_Bronce.py:223} INFO - Processing chunk 285 with 15000 rows
[2025-09-20T19:28:40.121+0000] {01_Bronce.py:324} INFO - Loaded chunk: 15,000 rows. Total: 4,275,000
[2025-09-20T19:28:40.476+0000] {01_Bronce.py:223} INFO - Processing chunk 286 with 15000 rows
[2025-09-20T19:28:44.154+0000] {01_Bronce.py:324} INFO - Loaded chunk: 15,000 rows. Total: 4,290,000
[2025-09-20T19:28:44.501+0000] {01_Bronce.py:223} INFO - Processing chunk 287 with 15000 rows
[2025-09-20T19:28:48.838+0000] {01_Bronce.py:324} INFO - Loaded chunk: 15,000 rows. Total: 4,305,000
[2025-09-20T19:28:49.091+0000] {01_Bronce.py:223} INFO - Processing chunk 288 with 15000 rows
[2025-09-20T19:28:52.953+0000] {01_Bronce.py:324} INFO - Loaded chunk: 15,000 rows. Total: 4,320,000
[2025-09-20T19:28:53.231+0000] {01_Bronce.py:223} INFO - Processing chunk 289 with 15000 rows
[2025-09-20T19:28:56.744+0000] {01_Bronce.py:324} INFO - Loaded chunk: 15,000 rows. Total: 4,335,000
[2025-09-20T19:28:57.142+0000] {01_Bronce.py:223} INFO - Processing chunk 290 with 15000 rows
[2025-09-20T19:29:00.690+0000] {01_Bronce.py:324} INFO - Loaded chunk: 15,000 rows. Total: 4,350,000
[2025-09-20T19:29:00.990+0000] {01_Bronce.py:223} INFO - Processing chunk 291 with 15000 rows
[2025-09-20T19:29:04.971+0000] {01_Bronce.py:324} INFO - Loaded chunk: 15,000 rows. Total: 4,365,000
[2025-09-20T19:29:05.257+0000] {01_Bronce.py:223} INFO - Processing chunk 292 with 15000 rows
[2025-09-20T19:29:09.145+0000] {01_Bronce.py:324} INFO - Loaded chunk: 15,000 rows. Total: 4,380,000
[2025-09-20T19:29:09.454+0000] {01_Bronce.py:223} INFO - Processing chunk 293 with 15000 rows
[2025-09-20T19:29:16.785+0000] {01_Bronce.py:324} INFO - Loaded chunk: 15,000 rows. Total: 4,395,000
[2025-09-20T19:29:17.083+0000] {01_Bronce.py:223} INFO - Processing chunk 294 with 15000 rows
[2025-09-20T19:29:21.343+0000] {01_Bronce.py:324} INFO - Loaded chunk: 15,000 rows. Total: 4,410,000
[2025-09-20T19:29:21.680+0000] {01_Bronce.py:223} INFO - Processing chunk 295 with 15000 rows
[2025-09-20T19:29:25.673+0000] {01_Bronce.py:324} INFO - Loaded chunk: 15,000 rows. Total: 4,425,000
[2025-09-20T19:29:26.009+0000] {01_Bronce.py:223} INFO - Processing chunk 296 with 15000 rows
[2025-09-20T19:29:30.269+0000] {01_Bronce.py:324} INFO - Loaded chunk: 15,000 rows. Total: 4,440,000
[2025-09-20T19:29:30.582+0000] {01_Bronce.py:223} INFO - Processing chunk 297 with 15000 rows
[2025-09-20T19:29:35.305+0000] {01_Bronce.py:324} INFO - Loaded chunk: 15,000 rows. Total: 4,455,000
[2025-09-20T19:29:35.707+0000] {01_Bronce.py:223} INFO - Processing chunk 298 with 15000 rows
[2025-09-20T19:29:40.004+0000] {01_Bronce.py:324} INFO - Loaded chunk: 15,000 rows. Total: 4,470,000
[2025-09-20T19:29:40.443+0000] {01_Bronce.py:223} INFO - Processing chunk 299 with 15000 rows
[2025-09-20T19:29:45.353+0000] {01_Bronce.py:324} INFO - Loaded chunk: 15,000 rows. Total: 4,485,000
[2025-09-20T19:29:45.657+0000] {01_Bronce.py:223} INFO - Processing chunk 300 with 15000 rows
[2025-09-20T19:29:53.363+0000] {01_Bronce.py:324} INFO - Loaded chunk: 15,000 rows. Total: 4,500,000
[2025-09-20T19:29:53.737+0000] {01_Bronce.py:223} INFO - Processing chunk 301 with 15000 rows
[2025-09-20T19:29:58.190+0000] {01_Bronce.py:324} INFO - Loaded chunk: 15,000 rows. Total: 4,515,000
[2025-09-20T19:29:58.569+0000] {01_Bronce.py:223} INFO - Processing chunk 302 with 15000 rows
[2025-09-20T19:30:03.165+0000] {01_Bronce.py:324} INFO - Loaded chunk: 15,000 rows. Total: 4,530,000
[2025-09-20T19:30:03.541+0000] {01_Bronce.py:223} INFO - Processing chunk 303 with 15000 rows
[2025-09-20T19:30:08.281+0000] {01_Bronce.py:324} INFO - Loaded chunk: 15,000 rows. Total: 4,545,000
[2025-09-20T19:30:08.637+0000] {01_Bronce.py:223} INFO - Processing chunk 304 with 15000 rows
[2025-09-20T19:30:13.835+0000] {01_Bronce.py:324} INFO - Loaded chunk: 15,000 rows. Total: 4,560,000
[2025-09-20T19:30:14.149+0000] {01_Bronce.py:223} INFO - Processing chunk 305 with 15000 rows
[2025-09-20T19:30:18.404+0000] {01_Bronce.py:324} INFO - Loaded chunk: 15,000 rows. Total: 4,575,000
[2025-09-20T19:30:18.743+0000] {01_Bronce.py:223} INFO - Processing chunk 306 with 15000 rows
[2025-09-20T19:30:26.807+0000] {01_Bronce.py:324} INFO - Loaded chunk: 15,000 rows. Total: 4,590,000
[2025-09-20T19:30:27.201+0000] {01_Bronce.py:223} INFO - Processing chunk 307 with 15000 rows
[2025-09-20T19:30:31.381+0000] {01_Bronce.py:324} INFO - Loaded chunk: 15,000 rows. Total: 4,605,000
[2025-09-20T19:30:31.693+0000] {01_Bronce.py:223} INFO - Processing chunk 308 with 15000 rows
[2025-09-20T19:30:36.532+0000] {01_Bronce.py:324} INFO - Loaded chunk: 15,000 rows. Total: 4,620,000
[2025-09-20T19:30:36.907+0000] {01_Bronce.py:223} INFO - Processing chunk 309 with 15000 rows
[2025-09-20T19:30:41.631+0000] {01_Bronce.py:324} INFO - Loaded chunk: 15,000 rows. Total: 4,635,000
[2025-09-20T19:30:41.986+0000] {01_Bronce.py:223} INFO - Processing chunk 310 with 15000 rows
[2025-09-20T19:30:48.402+0000] {01_Bronce.py:324} INFO - Loaded chunk: 15,000 rows. Total: 4,650,000
[2025-09-20T19:30:48.996+0000] {01_Bronce.py:223} INFO - Processing chunk 311 with 15000 rows
[2025-09-20T19:30:54.718+0000] {01_Bronce.py:324} INFO - Loaded chunk: 15,000 rows. Total: 4,665,000
[2025-09-20T19:30:55.086+0000] {01_Bronce.py:223} INFO - Processing chunk 312 with 15000 rows
[2025-09-20T19:31:03.043+0000] {01_Bronce.py:324} INFO - Loaded chunk: 15,000 rows. Total: 4,680,000
[2025-09-20T19:31:03.474+0000] {01_Bronce.py:223} INFO - Processing chunk 313 with 15000 rows
[2025-09-20T19:31:08.487+0000] {01_Bronce.py:324} INFO - Loaded chunk: 15,000 rows. Total: 4,695,000
[2025-09-20T19:31:08.895+0000] {01_Bronce.py:223} INFO - Processing chunk 314 with 15000 rows
[2025-09-20T19:31:15.674+0000] {01_Bronce.py:324} INFO - Loaded chunk: 15,000 rows. Total: 4,710,000
[2025-09-20T19:31:16.086+0000] {01_Bronce.py:223} INFO - Processing chunk 315 with 15000 rows
[2025-09-20T19:31:21.865+0000] {01_Bronce.py:324} INFO - Loaded chunk: 15,000 rows. Total: 4,725,000
[2025-09-20T19:31:22.298+0000] {01_Bronce.py:223} INFO - Processing chunk 316 with 15000 rows
[2025-09-20T19:31:28.040+0000] {01_Bronce.py:324} INFO - Loaded chunk: 15,000 rows. Total: 4,740,000
[2025-09-20T19:31:28.459+0000] {01_Bronce.py:223} INFO - Processing chunk 317 with 15000 rows
[2025-09-20T19:31:37.439+0000] {01_Bronce.py:324} INFO - Loaded chunk: 15,000 rows. Total: 4,755,000
[2025-09-20T19:31:37.855+0000] {01_Bronce.py:223} INFO - Processing chunk 318 with 15000 rows
[2025-09-20T19:31:43.190+0000] {01_Bronce.py:324} INFO - Loaded chunk: 15,000 rows. Total: 4,770,000
[2025-09-20T19:31:43.598+0000] {01_Bronce.py:223} INFO - Processing chunk 319 with 15000 rows
[2025-09-20T19:31:49.946+0000] {01_Bronce.py:324} INFO - Loaded chunk: 15,000 rows. Total: 4,785,000
[2025-09-20T19:31:50.355+0000] {01_Bronce.py:223} INFO - Processing chunk 320 with 15000 rows
[2025-09-20T19:31:55.056+0000] {01_Bronce.py:324} INFO - Loaded chunk: 15,000 rows. Total: 4,800,000
[2025-09-20T19:31:55.403+0000] {01_Bronce.py:223} INFO - Processing chunk 321 with 15000 rows
[2025-09-20T19:32:00.287+0000] {01_Bronce.py:324} INFO - Loaded chunk: 15,000 rows. Total: 4,815,000
[2025-09-20T19:32:00.666+0000] {01_Bronce.py:223} INFO - Processing chunk 322 with 15000 rows
[2025-09-20T19:32:05.848+0000] {01_Bronce.py:324} INFO - Loaded chunk: 15,000 rows. Total: 4,830,000
[2025-09-20T19:32:06.184+0000] {01_Bronce.py:223} INFO - Processing chunk 323 with 15000 rows
[2025-09-20T19:32:14.410+0000] {01_Bronce.py:324} INFO - Loaded chunk: 15,000 rows. Total: 4,845,000
[2025-09-20T19:32:14.720+0000] {01_Bronce.py:223} INFO - Processing chunk 324 with 15000 rows
[2025-09-20T19:32:19.215+0000] {01_Bronce.py:324} INFO - Loaded chunk: 15,000 rows. Total: 4,860,000
[2025-09-20T19:32:19.562+0000] {01_Bronce.py:223} INFO - Processing chunk 325 with 15000 rows
[2025-09-20T19:32:24.363+0000] {01_Bronce.py:324} INFO - Loaded chunk: 15,000 rows. Total: 4,875,000
[2025-09-20T19:32:24.682+0000] {01_Bronce.py:223} INFO - Processing chunk 326 with 15000 rows
[2025-09-20T19:32:29.687+0000] {01_Bronce.py:324} INFO - Loaded chunk: 15,000 rows. Total: 4,890,000
[2025-09-20T19:32:30.071+0000] {01_Bronce.py:223} INFO - Processing chunk 327 with 15000 rows
[2025-09-20T19:32:36.442+0000] {01_Bronce.py:324} INFO - Loaded chunk: 15,000 rows. Total: 4,905,000
[2025-09-20T19:32:36.921+0000] {01_Bronce.py:223} INFO - Processing chunk 328 with 15000 rows
[2025-09-20T19:32:42.184+0000] {01_Bronce.py:324} INFO - Loaded chunk: 15,000 rows. Total: 4,920,000
[2025-09-20T19:32:42.549+0000] {01_Bronce.py:223} INFO - Processing chunk 329 with 15000 rows
[2025-09-20T19:32:53.952+0000] {01_Bronce.py:324} INFO - Loaded chunk: 15,000 rows. Total: 4,935,000
[2025-09-20T19:32:54.462+0000] {01_Bronce.py:223} INFO - Processing chunk 330 with 15000 rows
