[2025-09-20T19:04:35.166+0000] {local_task_job_runner.py:123} INFO - ::group::Pre task execution logs
[2025-09-20T19:04:35.734+0000] {taskinstance.py:2614} INFO - Dependencies all met for dep_context=non-requeueable deps ti=<TaskInstance: bronze_full_load_spaceparts_optimized.extract_load_dim_Budget_Rate scheduled__2024-01-02T00:00:00+00:00 [queued]>
[2025-09-20T19:04:35.780+0000] {taskinstance.py:2614} INFO - Dependencies all met for dep_context=requeueable deps ti=<TaskInstance: bronze_full_load_spaceparts_optimized.extract_load_dim_Budget_Rate scheduled__2024-01-02T00:00:00+00:00 [queued]>
[2025-09-20T19:04:35.781+0000] {taskinstance.py:2867} INFO - Starting attempt 2 of 3
[2025-09-20T19:04:35.836+0000] {taskinstance.py:2890} INFO - Executing <Task(PythonOperator): extract_load_dim_Budget_Rate> on 2024-01-02 00:00:00+00:00
[2025-09-20T19:04:35.845+0000] {standard_task_runner.py:72} INFO - Started process 139 to run task
[2025-09-20T19:04:35.853+0000] {standard_task_runner.py:104} INFO - Running: ['***', 'tasks', 'run', 'bronze_full_load_spaceparts_optimized', 'extract_load_dim_Budget_Rate', 'scheduled__2024-01-02T00:00:00+00:00', '--job-id', '191', '--raw', '--subdir', 'DAGS_FOLDER/01_Bronce.py', '--cfg-path', '/tmp/tmpu7bmn08s']
[2025-09-20T19:04:35.863+0000] {standard_task_runner.py:105} INFO - Job 191: Subtask extract_load_dim_Budget_Rate
[2025-09-20T19:04:36.067+0000] {task_command.py:467} INFO - Running <TaskInstance: bronze_full_load_spaceparts_optimized.extract_load_dim_Budget_Rate scheduled__2024-01-02T00:00:00+00:00 [running]> on host 7abc58c5db43
[2025-09-20T19:04:36.370+0000] {taskinstance.py:3134} INFO - Exporting env vars: AIRFLOW_CTX_DAG_OWNER='data-team' AIRFLOW_CTX_DAG_ID='bronze_full_load_spaceparts_optimized' AIRFLOW_CTX_TASK_ID='extract_load_dim_Budget_Rate' AIRFLOW_CTX_EXECUTION_DATE='2024-01-02T00:00:00+00:00' AIRFLOW_CTX_TRY_NUMBER='2' AIRFLOW_CTX_DAG_RUN_ID='scheduled__2024-01-02T00:00:00+00:00'
[2025-09-20T19:04:36.375+0000] {taskinstance.py:732} INFO - ::endgroup::
[2025-09-20T19:04:36.412+0000] {01_Bronce.py:357} INFO - Starting optimized extraction for table: dim.Budget-Rate
[2025-09-20T19:04:39.549+0000] {01_Bronce.py:368} INFO - Table dim.Budget-Rate has 15 rows
[2025-09-20T19:04:39.550+0000] {01_Bronce.py:389} INFO - Using chunk size: 50,000 for 15 rows
[2025-09-20T19:04:39.551+0000] {01_Bronce.py:393} INFO - Starting streaming extraction and load for dim.Budget-Rate
[2025-09-20T19:04:45.355+0000] {01_Bronce.py:223} INFO - Processing chunk 1 with 15 rows
[2025-09-20T19:04:45.403+0000] {01_Bronce.py:275} INFO - Table bronze_dim_budget_rate created successfully
[2025-09-20T19:04:45.412+0000] {01_Bronce.py:324} INFO - Loaded chunk: 15 rows. Total: 15
[2025-09-20T19:04:45.859+0000] {01_Bronce.py:330} INFO - Completed loading 15 total rows to bronze_dim_budget_rate
[2025-09-20T19:04:45.861+0000] {01_Bronce.py:406} INFO - Successfully loaded 15 records to bronze_dim_budget_rate
[2025-09-20T19:04:45.916+0000] {python.py:240} INFO - Done. Returned value was: {'source_table': 'dim.Budget-Rate', 'bronze_table': 'bronze_dim_budget_rate', 'record_count': 15, 'status': 'success', 'extraction_time': '2025-09-20T19:04:45.861245', 'chunk_size_used': 50000}
[2025-09-20T19:04:45.972+0000] {taskinstance.py:341} INFO - ::group::Post task execution logs
[2025-09-20T19:04:45.973+0000] {taskinstance.py:353} INFO - Marking task as SUCCESS. dag_id=bronze_full_load_spaceparts_optimized, task_id=extract_load_dim_Budget_Rate, run_id=scheduled__2024-01-02T00:00:00+00:00, execution_date=20240102T000000, start_date=20250920T190435, end_date=20250920T190445
[2025-09-20T19:04:46.047+0000] {local_task_job_runner.py:266} INFO - Task exited with return code 0
[2025-09-20T19:04:46.082+0000] {taskinstance.py:3901} INFO - 0 downstream tasks scheduled from follow-on schedule check
[2025-09-20T19:04:46.085+0000] {local_task_job_runner.py:245} INFO - ::endgroup::
