[2025-09-20T19:47:09.187+0000] {local_task_job_runner.py:123} INFO - ::group::Pre task execution logs
[2025-09-20T19:47:09.214+0000] {taskinstance.py:2614} INFO - Dependencies all met for dep_context=non-requeueable deps ti=<TaskInstance: bronze_full_load_spaceparts_optimized.extract_load_fact_Invoices scheduled__2024-01-01T00:00:00+00:00 [queued]>
[2025-09-20T19:47:09.226+0000] {taskinstance.py:2614} INFO - Dependencies all met for dep_context=requeueable deps ti=<TaskInstance: bronze_full_load_spaceparts_optimized.extract_load_fact_Invoices scheduled__2024-01-01T00:00:00+00:00 [queued]>
[2025-09-20T19:47:09.227+0000] {taskinstance.py:2867} INFO - Starting attempt 1 of 3
[2025-09-20T19:47:09.245+0000] {taskinstance.py:2890} INFO - Executing <Task(PythonOperator): extract_load_fact_Invoices> on 2024-01-01 00:00:00+00:00
[2025-09-20T19:47:09.250+0000] {standard_task_runner.py:72} INFO - Started process 142 to run task
[2025-09-20T19:47:09.258+0000] {standard_task_runner.py:104} INFO - Running: ['***', 'tasks', 'run', 'bronze_full_load_spaceparts_optimized', 'extract_load_fact_Invoices', 'scheduled__2024-01-01T00:00:00+00:00', '--job-id', '213', '--raw', '--subdir', 'DAGS_FOLDER/spaceparts_etl_orchestrator.py', '--cfg-path', '/tmp/tmp7a22f3ju']
[2025-09-20T19:47:09.261+0000] {standard_task_runner.py:105} INFO - Job 213: Subtask extract_load_fact_Invoices
[2025-09-20T19:47:09.636+0000] {task_command.py:467} INFO - Running <TaskInstance: bronze_full_load_spaceparts_optimized.extract_load_fact_Invoices scheduled__2024-01-01T00:00:00+00:00 [running]> on host fd99d81282fc
[2025-09-20T19:47:09.714+0000] {taskinstance.py:3134} INFO - Exporting env vars: AIRFLOW_CTX_DAG_OWNER='data-team' AIRFLOW_CTX_DAG_ID='bronze_full_load_spaceparts_optimized' AIRFLOW_CTX_TASK_ID='extract_load_fact_Invoices' AIRFLOW_CTX_EXECUTION_DATE='2024-01-01T00:00:00+00:00' AIRFLOW_CTX_TRY_NUMBER='1' AIRFLOW_CTX_DAG_RUN_ID='scheduled__2024-01-01T00:00:00+00:00'
[2025-09-20T19:47:09.715+0000] {taskinstance.py:732} INFO - ::endgroup::
[2025-09-20T19:47:09.726+0000] {spaceparts_etl_orchestrator.py:357} INFO - Starting optimized extraction for table: fact.Invoices
[2025-09-20T19:47:12.888+0000] {spaceparts_etl_orchestrator.py:368} INFO - Table fact.Invoices has 18,459,441 rows
[2025-09-20T19:47:12.889+0000] {spaceparts_etl_orchestrator.py:389} INFO - Using chunk size: 15,000 for 18,459,441 rows
[2025-09-20T19:47:12.890+0000] {spaceparts_etl_orchestrator.py:393} INFO - Starting streaming extraction and load for fact.Invoices
[2025-09-20T19:47:16.804+0000] {spaceparts_etl_orchestrator.py:223} INFO - Processing chunk 1 with 15000 rows
[2025-09-20T19:47:16.951+0000] {spaceparts_etl_orchestrator.py:275} INFO - Table bronze_fact_invoices created successfully
[2025-09-20T19:47:25.345+0000] {spaceparts_etl_orchestrator.py:324} INFO - Loaded chunk: 15,000 rows. Total: 15,000
[2025-09-20T19:47:25.782+0000] {spaceparts_etl_orchestrator.py:223} INFO - Processing chunk 2 with 15000 rows
[2025-09-20T19:47:33.083+0000] {spaceparts_etl_orchestrator.py:324} INFO - Loaded chunk: 15,000 rows. Total: 30,000
[2025-09-20T19:47:33.428+0000] {spaceparts_etl_orchestrator.py:223} INFO - Processing chunk 3 with 15000 rows
[2025-09-20T19:47:40.190+0000] {spaceparts_etl_orchestrator.py:324} INFO - Loaded chunk: 15,000 rows. Total: 45,000
[2025-09-20T19:47:40.680+0000] {spaceparts_etl_orchestrator.py:223} INFO - Processing chunk 4 with 15000 rows
[2025-09-20T19:47:50.916+0000] {spaceparts_etl_orchestrator.py:324} INFO - Loaded chunk: 15,000 rows. Total: 60,000
[2025-09-20T19:47:51.254+0000] {spaceparts_etl_orchestrator.py:223} INFO - Processing chunk 5 with 15000 rows
[2025-09-20T19:47:58.629+0000] {spaceparts_etl_orchestrator.py:324} INFO - Loaded chunk: 15,000 rows. Total: 75,000
[2025-09-20T19:47:58.997+0000] {spaceparts_etl_orchestrator.py:223} INFO - Processing chunk 6 with 15000 rows
[2025-09-20T19:48:05.651+0000] {spaceparts_etl_orchestrator.py:324} INFO - Loaded chunk: 15,000 rows. Total: 90,000
[2025-09-20T19:48:06.002+0000] {spaceparts_etl_orchestrator.py:223} INFO - Processing chunk 7 with 15000 rows
[2025-09-20T19:48:13.507+0000] {spaceparts_etl_orchestrator.py:324} INFO - Loaded chunk: 15,000 rows. Total: 105,000
[2025-09-20T19:48:13.922+0000] {spaceparts_etl_orchestrator.py:223} INFO - Processing chunk 8 with 15000 rows
[2025-09-20T19:48:24.011+0000] {spaceparts_etl_orchestrator.py:324} INFO - Loaded chunk: 15,000 rows. Total: 120,000
[2025-09-20T19:48:24.389+0000] {spaceparts_etl_orchestrator.py:223} INFO - Processing chunk 9 with 15000 rows
[2025-09-20T19:48:31.081+0000] {spaceparts_etl_orchestrator.py:324} INFO - Loaded chunk: 15,000 rows. Total: 135,000
[2025-09-20T19:48:31.506+0000] {spaceparts_etl_orchestrator.py:223} INFO - Processing chunk 10 with 15000 rows
[2025-09-20T19:48:38.777+0000] {spaceparts_etl_orchestrator.py:324} INFO - Loaded chunk: 15,000 rows. Total: 150,000
[2025-09-20T19:48:39.153+0000] {spaceparts_etl_orchestrator.py:223} INFO - Processing chunk 11 with 15000 rows
[2025-09-20T19:48:45.482+0000] {spaceparts_etl_orchestrator.py:324} INFO - Loaded chunk: 15,000 rows. Total: 165,000
[2025-09-20T19:48:46.016+0000] {spaceparts_etl_orchestrator.py:223} INFO - Processing chunk 12 with 15000 rows
[2025-09-20T19:48:51.997+0000] {spaceparts_etl_orchestrator.py:324} INFO - Loaded chunk: 15,000 rows. Total: 180,000
[2025-09-20T19:48:52.304+0000] {spaceparts_etl_orchestrator.py:223} INFO - Processing chunk 13 with 15000 rows
[2025-09-20T19:49:01.096+0000] {spaceparts_etl_orchestrator.py:324} INFO - Loaded chunk: 15,000 rows. Total: 195,000
[2025-09-20T19:49:01.374+0000] {spaceparts_etl_orchestrator.py:223} INFO - Processing chunk 14 with 15000 rows
[2025-09-20T19:49:06.885+0000] {spaceparts_etl_orchestrator.py:324} INFO - Loaded chunk: 15,000 rows. Total: 210,000
[2025-09-20T19:49:07.233+0000] {spaceparts_etl_orchestrator.py:223} INFO - Processing chunk 15 with 15000 rows
[2025-09-20T19:49:13.343+0000] {spaceparts_etl_orchestrator.py:324} INFO - Loaded chunk: 15,000 rows. Total: 225,000
[2025-09-20T19:49:13.615+0000] {spaceparts_etl_orchestrator.py:223} INFO - Processing chunk 16 with 15000 rows
[2025-09-20T19:49:19.073+0000] {spaceparts_etl_orchestrator.py:324} INFO - Loaded chunk: 15,000 rows. Total: 240,000
[2025-09-20T19:49:19.417+0000] {spaceparts_etl_orchestrator.py:223} INFO - Processing chunk 17 with 15000 rows
[2025-09-20T19:49:24.406+0000] {spaceparts_etl_orchestrator.py:324} INFO - Loaded chunk: 15,000 rows. Total: 255,000
[2025-09-20T19:49:24.678+0000] {spaceparts_etl_orchestrator.py:223} INFO - Processing chunk 18 with 15000 rows
[2025-09-20T19:49:32.421+0000] {spaceparts_etl_orchestrator.py:324} INFO - Loaded chunk: 15,000 rows. Total: 270,000
[2025-09-20T19:49:32.655+0000] {spaceparts_etl_orchestrator.py:223} INFO - Processing chunk 19 with 15000 rows
[2025-09-20T19:49:37.409+0000] {spaceparts_etl_orchestrator.py:324} INFO - Loaded chunk: 15,000 rows. Total: 285,000
[2025-09-20T19:49:37.678+0000] {spaceparts_etl_orchestrator.py:223} INFO - Processing chunk 20 with 15000 rows
[2025-09-20T19:49:42.917+0000] {spaceparts_etl_orchestrator.py:324} INFO - Loaded chunk: 15,000 rows. Total: 300,000
[2025-09-20T19:49:43.258+0000] {spaceparts_etl_orchestrator.py:223} INFO - Processing chunk 21 with 15000 rows
[2025-09-20T19:49:48.323+0000] {spaceparts_etl_orchestrator.py:324} INFO - Loaded chunk: 15,000 rows. Total: 315,000
[2025-09-20T19:49:48.552+0000] {spaceparts_etl_orchestrator.py:223} INFO - Processing chunk 22 with 15000 rows
[2025-09-20T19:49:54.264+0000] {spaceparts_etl_orchestrator.py:324} INFO - Loaded chunk: 15,000 rows. Total: 330,000
[2025-09-20T19:49:54.727+0000] {spaceparts_etl_orchestrator.py:223} INFO - Processing chunk 23 with 15000 rows
[2025-09-20T19:50:00.616+0000] {spaceparts_etl_orchestrator.py:324} INFO - Loaded chunk: 15,000 rows. Total: 345,000
[2025-09-20T19:50:00.908+0000] {spaceparts_etl_orchestrator.py:223} INFO - Processing chunk 24 with 15000 rows
[2025-09-20T19:50:09.530+0000] {spaceparts_etl_orchestrator.py:324} INFO - Loaded chunk: 15,000 rows. Total: 360,000
[2025-09-20T19:50:09.818+0000] {spaceparts_etl_orchestrator.py:223} INFO - Processing chunk 25 with 15000 rows
[2025-09-20T19:50:14.166+0000] {spaceparts_etl_orchestrator.py:324} INFO - Loaded chunk: 15,000 rows. Total: 375,000
[2025-09-20T19:50:14.435+0000] {spaceparts_etl_orchestrator.py:223} INFO - Processing chunk 26 with 15000 rows
[2025-09-20T19:50:18.441+0000] {spaceparts_etl_orchestrator.py:324} INFO - Loaded chunk: 15,000 rows. Total: 390,000
[2025-09-20T19:50:18.704+0000] {spaceparts_etl_orchestrator.py:223} INFO - Processing chunk 27 with 15000 rows
[2025-09-20T19:50:23.459+0000] {spaceparts_etl_orchestrator.py:324} INFO - Loaded chunk: 15,000 rows. Total: 405,000
[2025-09-20T19:50:23.794+0000] {spaceparts_etl_orchestrator.py:223} INFO - Processing chunk 28 with 15000 rows
[2025-09-20T19:50:28.437+0000] {spaceparts_etl_orchestrator.py:324} INFO - Loaded chunk: 15,000 rows. Total: 420,000
[2025-09-20T19:50:28.685+0000] {spaceparts_etl_orchestrator.py:223} INFO - Processing chunk 29 with 15000 rows
[2025-09-20T19:50:33.616+0000] {spaceparts_etl_orchestrator.py:324} INFO - Loaded chunk: 15,000 rows. Total: 435,000
[2025-09-20T19:50:33.930+0000] {spaceparts_etl_orchestrator.py:223} INFO - Processing chunk 30 with 15000 rows
[2025-09-20T19:50:39.021+0000] {spaceparts_etl_orchestrator.py:324} INFO - Loaded chunk: 15,000 rows. Total: 450,000
[2025-09-20T19:50:39.329+0000] {spaceparts_etl_orchestrator.py:223} INFO - Processing chunk 31 with 15000 rows
[2025-09-20T19:50:48.466+0000] {spaceparts_etl_orchestrator.py:324} INFO - Loaded chunk: 15,000 rows. Total: 465,000
[2025-09-20T19:50:48.792+0000] {spaceparts_etl_orchestrator.py:223} INFO - Processing chunk 32 with 15000 rows
[2025-09-20T19:50:55.241+0000] {spaceparts_etl_orchestrator.py:324} INFO - Loaded chunk: 15,000 rows. Total: 480,000
[2025-09-20T19:50:55.636+0000] {spaceparts_etl_orchestrator.py:223} INFO - Processing chunk 33 with 15000 rows
[2025-09-20T19:51:01.656+0000] {spaceparts_etl_orchestrator.py:324} INFO - Loaded chunk: 15,000 rows. Total: 495,000
[2025-09-20T19:51:01.906+0000] {spaceparts_etl_orchestrator.py:223} INFO - Processing chunk 34 with 15000 rows
[2025-09-20T19:51:06.650+0000] {spaceparts_etl_orchestrator.py:324} INFO - Loaded chunk: 15,000 rows. Total: 510,000
[2025-09-20T19:51:06.888+0000] {spaceparts_etl_orchestrator.py:223} INFO - Processing chunk 35 with 15000 rows
[2025-09-20T19:51:11.709+0000] {spaceparts_etl_orchestrator.py:324} INFO - Loaded chunk: 15,000 rows. Total: 525,000
[2025-09-20T19:51:12.008+0000] {spaceparts_etl_orchestrator.py:223} INFO - Processing chunk 36 with 15000 rows
[2025-09-20T19:51:20.056+0000] {spaceparts_etl_orchestrator.py:324} INFO - Loaded chunk: 15,000 rows. Total: 540,000
[2025-09-20T19:51:20.299+0000] {spaceparts_etl_orchestrator.py:223} INFO - Processing chunk 37 with 15000 rows
[2025-09-20T19:51:24.977+0000] {spaceparts_etl_orchestrator.py:324} INFO - Loaded chunk: 15,000 rows. Total: 555,000
[2025-09-20T19:51:25.262+0000] {spaceparts_etl_orchestrator.py:223} INFO - Processing chunk 38 with 15000 rows
[2025-09-20T19:51:29.707+0000] {spaceparts_etl_orchestrator.py:324} INFO - Loaded chunk: 15,000 rows. Total: 570,000
[2025-09-20T19:51:29.955+0000] {spaceparts_etl_orchestrator.py:223} INFO - Processing chunk 39 with 15000 rows
[2025-09-20T19:51:34.859+0000] {spaceparts_etl_orchestrator.py:324} INFO - Loaded chunk: 15,000 rows. Total: 585,000
[2025-09-20T19:51:35.230+0000] {spaceparts_etl_orchestrator.py:223} INFO - Processing chunk 40 with 15000 rows
[2025-09-20T19:51:39.784+0000] {spaceparts_etl_orchestrator.py:324} INFO - Loaded chunk: 15,000 rows. Total: 600,000
[2025-09-20T19:51:40.102+0000] {spaceparts_etl_orchestrator.py:223} INFO - Processing chunk 41 with 15000 rows
[2025-09-20T19:51:44.829+0000] {spaceparts_etl_orchestrator.py:324} INFO - Loaded chunk: 15,000 rows. Total: 615,000
[2025-09-20T19:51:45.141+0000] {spaceparts_etl_orchestrator.py:223} INFO - Processing chunk 42 with 15000 rows
[2025-09-20T19:51:49.834+0000] {spaceparts_etl_orchestrator.py:324} INFO - Loaded chunk: 15,000 rows. Total: 630,000
[2025-09-20T19:51:50.110+0000] {spaceparts_etl_orchestrator.py:223} INFO - Processing chunk 43 with 15000 rows
[2025-09-20T19:51:58.894+0000] {spaceparts_etl_orchestrator.py:324} INFO - Loaded chunk: 15,000 rows. Total: 645,000
[2025-09-20T19:51:59.132+0000] {spaceparts_etl_orchestrator.py:223} INFO - Processing chunk 44 with 15000 rows
[2025-09-20T19:52:04.075+0000] {spaceparts_etl_orchestrator.py:324} INFO - Loaded chunk: 15,000 rows. Total: 660,000
[2025-09-20T19:52:04.387+0000] {spaceparts_etl_orchestrator.py:223} INFO - Processing chunk 45 with 15000 rows
[2025-09-20T19:52:09.728+0000] {spaceparts_etl_orchestrator.py:324} INFO - Loaded chunk: 15,000 rows. Total: 675,000
[2025-09-20T19:52:10.032+0000] {spaceparts_etl_orchestrator.py:223} INFO - Processing chunk 46 with 15000 rows
[2025-09-20T19:52:15.392+0000] {spaceparts_etl_orchestrator.py:324} INFO - Loaded chunk: 15,000 rows. Total: 690,000
[2025-09-20T19:52:15.774+0000] {spaceparts_etl_orchestrator.py:223} INFO - Processing chunk 47 with 15000 rows
[2025-09-20T19:52:21.038+0000] {spaceparts_etl_orchestrator.py:324} INFO - Loaded chunk: 15,000 rows. Total: 705,000
[2025-09-20T19:52:21.323+0000] {spaceparts_etl_orchestrator.py:223} INFO - Processing chunk 48 with 15000 rows
[2025-09-20T19:52:26.123+0000] {spaceparts_etl_orchestrator.py:324} INFO - Loaded chunk: 15,000 rows. Total: 720,000
[2025-09-20T19:52:26.410+0000] {spaceparts_etl_orchestrator.py:223} INFO - Processing chunk 49 with 15000 rows
[2025-09-20T19:52:34.603+0000] {spaceparts_etl_orchestrator.py:324} INFO - Loaded chunk: 15,000 rows. Total: 735,000
[2025-09-20T19:52:34.848+0000] {spaceparts_etl_orchestrator.py:223} INFO - Processing chunk 50 with 15000 rows
[2025-09-20T19:52:39.506+0000] {spaceparts_etl_orchestrator.py:324} INFO - Loaded chunk: 15,000 rows. Total: 750,000
[2025-09-20T19:52:39.770+0000] {spaceparts_etl_orchestrator.py:223} INFO - Processing chunk 51 with 15000 rows
[2025-09-20T19:52:44.580+0000] {spaceparts_etl_orchestrator.py:324} INFO - Loaded chunk: 15,000 rows. Total: 765,000
[2025-09-20T19:52:44.846+0000] {spaceparts_etl_orchestrator.py:223} INFO - Processing chunk 52 with 15000 rows
[2025-09-20T19:52:50.277+0000] {spaceparts_etl_orchestrator.py:324} INFO - Loaded chunk: 15,000 rows. Total: 780,000
[2025-09-20T19:52:50.544+0000] {spaceparts_etl_orchestrator.py:223} INFO - Processing chunk 53 with 15000 rows
[2025-09-20T19:52:55.120+0000] {spaceparts_etl_orchestrator.py:324} INFO - Loaded chunk: 15,000 rows. Total: 795,000
[2025-09-20T19:52:55.435+0000] {spaceparts_etl_orchestrator.py:223} INFO - Processing chunk 54 with 15000 rows
[2025-09-20T19:53:00.314+0000] {spaceparts_etl_orchestrator.py:324} INFO - Loaded chunk: 15,000 rows. Total: 810,000
[2025-09-20T19:53:00.566+0000] {spaceparts_etl_orchestrator.py:223} INFO - Processing chunk 55 with 15000 rows
[2025-09-20T19:53:08.940+0000] {spaceparts_etl_orchestrator.py:324} INFO - Loaded chunk: 15,000 rows. Total: 825,000
[2025-09-20T19:53:09.234+0000] {spaceparts_etl_orchestrator.py:223} INFO - Processing chunk 56 with 15000 rows
[2025-09-20T19:53:13.997+0000] {spaceparts_etl_orchestrator.py:324} INFO - Loaded chunk: 15,000 rows. Total: 840,000
[2025-09-20T19:53:14.255+0000] {spaceparts_etl_orchestrator.py:223} INFO - Processing chunk 57 with 15000 rows
[2025-09-20T19:53:18.674+0000] {spaceparts_etl_orchestrator.py:324} INFO - Loaded chunk: 15,000 rows. Total: 855,000
[2025-09-20T19:53:18.931+0000] {spaceparts_etl_orchestrator.py:223} INFO - Processing chunk 58 with 15000 rows
[2025-09-20T19:53:24.637+0000] {spaceparts_etl_orchestrator.py:324} INFO - Loaded chunk: 15,000 rows. Total: 870,000
[2025-09-20T19:53:24.990+0000] {spaceparts_etl_orchestrator.py:223} INFO - Processing chunk 59 with 15000 rows
[2025-09-20T19:53:29.830+0000] {spaceparts_etl_orchestrator.py:324} INFO - Loaded chunk: 15,000 rows. Total: 885,000
[2025-09-20T19:53:30.075+0000] {spaceparts_etl_orchestrator.py:223} INFO - Processing chunk 60 with 15000 rows
[2025-09-20T19:53:35.125+0000] {spaceparts_etl_orchestrator.py:324} INFO - Loaded chunk: 15,000 rows. Total: 900,000
[2025-09-20T19:53:35.456+0000] {spaceparts_etl_orchestrator.py:223} INFO - Processing chunk 61 with 15000 rows
[2025-09-20T19:53:43.817+0000] {spaceparts_etl_orchestrator.py:324} INFO - Loaded chunk: 15,000 rows. Total: 915,000
[2025-09-20T19:53:44.107+0000] {spaceparts_etl_orchestrator.py:223} INFO - Processing chunk 62 with 15000 rows
[2025-09-20T19:53:49.342+0000] {spaceparts_etl_orchestrator.py:324} INFO - Loaded chunk: 15,000 rows. Total: 930,000
[2025-09-20T19:53:49.666+0000] {spaceparts_etl_orchestrator.py:223} INFO - Processing chunk 63 with 15000 rows
[2025-09-20T19:53:54.981+0000] {spaceparts_etl_orchestrator.py:324} INFO - Loaded chunk: 15,000 rows. Total: 945,000
[2025-09-20T19:53:55.299+0000] {spaceparts_etl_orchestrator.py:223} INFO - Processing chunk 64 with 15000 rows
[2025-09-20T19:54:01.286+0000] {spaceparts_etl_orchestrator.py:324} INFO - Loaded chunk: 15,000 rows. Total: 960,000
[2025-09-20T19:54:01.609+0000] {spaceparts_etl_orchestrator.py:223} INFO - Processing chunk 65 with 15000 rows
[2025-09-20T19:54:07.583+0000] {spaceparts_etl_orchestrator.py:324} INFO - Loaded chunk: 15,000 rows. Total: 975,000
[2025-09-20T19:54:07.894+0000] {spaceparts_etl_orchestrator.py:223} INFO - Processing chunk 66 with 15000 rows
[2025-09-20T19:54:19.128+0000] {spaceparts_etl_orchestrator.py:324} INFO - Loaded chunk: 15,000 rows. Total: 990,000
[2025-09-20T19:54:19.558+0000] {spaceparts_etl_orchestrator.py:223} INFO - Processing chunk 67 with 15000 rows
[2025-09-20T19:54:29.088+0000] {spaceparts_etl_orchestrator.py:324} INFO - Loaded chunk: 15,000 rows. Total: 1,005,000
[2025-09-20T19:54:29.624+0000] {spaceparts_etl_orchestrator.py:223} INFO - Processing chunk 68 with 15000 rows
[2025-09-20T19:54:41.144+0000] {spaceparts_etl_orchestrator.py:324} INFO - Loaded chunk: 15,000 rows. Total: 1,020,000
[2025-09-20T19:54:41.691+0000] {spaceparts_etl_orchestrator.py:223} INFO - Processing chunk 69 with 15000 rows
[2025-09-20T19:54:47.092+0000] {spaceparts_etl_orchestrator.py:324} INFO - Loaded chunk: 15,000 rows. Total: 1,035,000
[2025-09-20T19:54:47.342+0000] {spaceparts_etl_orchestrator.py:223} INFO - Processing chunk 70 with 15000 rows
[2025-09-20T19:54:55.192+0000] {spaceparts_etl_orchestrator.py:324} INFO - Loaded chunk: 15,000 rows. Total: 1,050,000
[2025-09-20T19:54:55.510+0000] {spaceparts_etl_orchestrator.py:223} INFO - Processing chunk 71 with 15000 rows
[2025-09-20T19:55:00.553+0000] {spaceparts_etl_orchestrator.py:324} INFO - Loaded chunk: 15,000 rows. Total: 1,065,000
[2025-09-20T19:55:00.830+0000] {spaceparts_etl_orchestrator.py:223} INFO - Processing chunk 72 with 15000 rows
[2025-09-20T19:55:05.212+0000] {spaceparts_etl_orchestrator.py:324} INFO - Loaded chunk: 15,000 rows. Total: 1,080,000
[2025-09-20T19:55:05.447+0000] {spaceparts_etl_orchestrator.py:223} INFO - Processing chunk 73 with 15000 rows
