[2025-09-20T19:04:35.187+0000] {local_task_job_runner.py:123} INFO - ::group::Pre task execution logs
[2025-09-20T19:04:35.652+0000] {taskinstance.py:2614} INFO - Dependencies all met for dep_context=non-requeueable deps ti=<TaskInstance: bronze_full_load_spaceparts_optimized.extract_load_dim_Order_DocType scheduled__2024-01-02T00:00:00+00:00 [queued]>
[2025-09-20T19:04:35.674+0000] {taskinstance.py:2614} INFO - Dependencies all met for dep_context=requeueable deps ti=<TaskInstance: bronze_full_load_spaceparts_optimized.extract_load_dim_Order_DocType scheduled__2024-01-02T00:00:00+00:00 [queued]>
[2025-09-20T19:04:35.679+0000] {taskinstance.py:2867} INFO - Starting attempt 2 of 3
[2025-09-20T19:04:35.713+0000] {taskinstance.py:2890} INFO - Executing <Task(PythonOperator): extract_load_dim_Order_DocType> on 2024-01-02 00:00:00+00:00
[2025-09-20T19:04:35.718+0000] {standard_task_runner.py:72} INFO - Started process 134 to run task
[2025-09-20T19:04:35.736+0000] {standard_task_runner.py:104} INFO - Running: ['***', 'tasks', 'run', 'bronze_full_load_spaceparts_optimized', 'extract_load_dim_Order_DocType', 'scheduled__2024-01-02T00:00:00+00:00', '--job-id', '192', '--raw', '--subdir', 'DAGS_FOLDER/01_Bronce.py', '--cfg-path', '/tmp/tmp8ux_x8a8']
[2025-09-20T19:04:35.743+0000] {standard_task_runner.py:105} INFO - Job 192: Subtask extract_load_dim_Order_DocType
[2025-09-20T19:04:35.971+0000] {task_command.py:467} INFO - Running <TaskInstance: bronze_full_load_spaceparts_optimized.extract_load_dim_Order_DocType scheduled__2024-01-02T00:00:00+00:00 [running]> on host 7abc58c5db43
[2025-09-20T19:04:36.265+0000] {taskinstance.py:3134} INFO - Exporting env vars: AIRFLOW_CTX_DAG_OWNER='data-team' AIRFLOW_CTX_DAG_ID='bronze_full_load_spaceparts_optimized' AIRFLOW_CTX_TASK_ID='extract_load_dim_Order_DocType' AIRFLOW_CTX_EXECUTION_DATE='2024-01-02T00:00:00+00:00' AIRFLOW_CTX_TRY_NUMBER='2' AIRFLOW_CTX_DAG_RUN_ID='scheduled__2024-01-02T00:00:00+00:00'
[2025-09-20T19:04:36.272+0000] {taskinstance.py:732} INFO - ::endgroup::
[2025-09-20T19:04:36.311+0000] {01_Bronce.py:357} INFO - Starting optimized extraction for table: dim.Order-DocType
[2025-09-20T19:04:39.588+0000] {01_Bronce.py:368} INFO - Table dim.Order-DocType has 4 rows
[2025-09-20T19:04:39.588+0000] {01_Bronce.py:389} INFO - Using chunk size: 50,000 for 4 rows
[2025-09-20T19:04:39.589+0000] {01_Bronce.py:393} INFO - Starting streaming extraction and load for dim.Order-DocType
[2025-09-20T19:04:45.491+0000] {01_Bronce.py:223} INFO - Processing chunk 1 with 4 rows
[2025-09-20T19:04:45.532+0000] {01_Bronce.py:275} INFO - Table bronze_dim_order_doctype created successfully
[2025-09-20T19:04:45.544+0000] {01_Bronce.py:324} INFO - Loaded chunk: 4 rows. Total: 4
[2025-09-20T19:04:46.129+0000] {01_Bronce.py:330} INFO - Completed loading 4 total rows to bronze_dim_order_doctype
[2025-09-20T19:04:46.130+0000] {01_Bronce.py:406} INFO - Successfully loaded 4 records to bronze_dim_order_doctype
[2025-09-20T19:04:46.155+0000] {python.py:240} INFO - Done. Returned value was: {'source_table': 'dim.Order-DocType', 'bronze_table': 'bronze_dim_order_doctype', 'record_count': 4, 'status': 'success', 'extraction_time': '2025-09-20T19:04:46.130309', 'chunk_size_used': 50000}
[2025-09-20T19:04:46.197+0000] {taskinstance.py:341} INFO - ::group::Post task execution logs
[2025-09-20T19:04:46.198+0000] {taskinstance.py:353} INFO - Marking task as SUCCESS. dag_id=bronze_full_load_spaceparts_optimized, task_id=extract_load_dim_Order_DocType, run_id=scheduled__2024-01-02T00:00:00+00:00, execution_date=20240102T000000, start_date=20250920T190435, end_date=20250920T190446
[2025-09-20T19:04:46.280+0000] {local_task_job_runner.py:266} INFO - Task exited with return code 0
[2025-09-20T19:04:46.329+0000] {taskinstance.py:3901} INFO - 0 downstream tasks scheduled from follow-on schedule check
[2025-09-20T19:04:46.332+0000] {local_task_job_runner.py:245} INFO - ::endgroup::
