[2025-09-20T19:47:09.173+0000] {local_task_job_runner.py:123} INFO - ::group::Pre task execution logs
[2025-09-20T19:47:09.198+0000] {taskinstance.py:2614} INFO - Dependencies all met for dep_context=non-requeueable deps ti=<TaskInstance: bronze_full_load_spaceparts_optimized.extract_load_fact_Forecast scheduled__2024-01-01T00:00:00+00:00 [queued]>
[2025-09-20T19:47:09.212+0000] {taskinstance.py:2614} INFO - Dependencies all met for dep_context=requeueable deps ti=<TaskInstance: bronze_full_load_spaceparts_optimized.extract_load_fact_Forecast scheduled__2024-01-01T00:00:00+00:00 [queued]>
[2025-09-20T19:47:09.212+0000] {taskinstance.py:2867} INFO - Starting attempt 1 of 3
[2025-09-20T19:47:09.235+0000] {taskinstance.py:2890} INFO - Executing <Task(PythonOperator): extract_load_fact_Forecast> on 2024-01-01 00:00:00+00:00
[2025-09-20T19:47:09.239+0000] {standard_task_runner.py:72} INFO - Started process 131 to run task
[2025-09-20T19:47:09.249+0000] {standard_task_runner.py:104} INFO - Running: ['***', 'tasks', 'run', 'bronze_full_load_spaceparts_optimized', 'extract_load_fact_Forecast', 'scheduled__2024-01-01T00:00:00+00:00', '--job-id', '209', '--raw', '--subdir', 'DAGS_FOLDER/spaceparts_etl_orchestrator.py', '--cfg-path', '/tmp/tmpf7k4ejnt']
[2025-09-20T19:47:09.255+0000] {standard_task_runner.py:105} INFO - Job 209: Subtask extract_load_fact_Forecast
[2025-09-20T19:47:09.629+0000] {task_command.py:467} INFO - Running <TaskInstance: bronze_full_load_spaceparts_optimized.extract_load_fact_Forecast scheduled__2024-01-01T00:00:00+00:00 [running]> on host fd99d81282fc
[2025-09-20T19:47:09.717+0000] {taskinstance.py:3134} INFO - Exporting env vars: AIRFLOW_CTX_DAG_OWNER='data-team' AIRFLOW_CTX_DAG_ID='bronze_full_load_spaceparts_optimized' AIRFLOW_CTX_TASK_ID='extract_load_fact_Forecast' AIRFLOW_CTX_EXECUTION_DATE='2024-01-01T00:00:00+00:00' AIRFLOW_CTX_TRY_NUMBER='1' AIRFLOW_CTX_DAG_RUN_ID='scheduled__2024-01-01T00:00:00+00:00'
[2025-09-20T19:47:09.718+0000] {taskinstance.py:732} INFO - ::endgroup::
[2025-09-20T19:47:09.730+0000] {spaceparts_etl_orchestrator.py:357} INFO - Starting optimized extraction for table: fact.Forecast
[2025-09-20T19:47:12.853+0000] {spaceparts_etl_orchestrator.py:368} INFO - Table fact.Forecast has 5,197 rows
[2025-09-20T19:47:12.854+0000] {spaceparts_etl_orchestrator.py:389} INFO - Using chunk size: 50,000 for 5,197 rows
[2025-09-20T19:47:12.854+0000] {spaceparts_etl_orchestrator.py:393} INFO - Starting streaming extraction and load for fact.Forecast
[2025-09-20T19:47:16.024+0000] {spaceparts_etl_orchestrator.py:223} INFO - Processing chunk 1 with 5197 rows
[2025-09-20T19:47:16.069+0000] {spaceparts_etl_orchestrator.py:275} INFO - Table bronze_fact_forecast created successfully
[2025-09-20T19:47:16.583+0000] {spaceparts_etl_orchestrator.py:324} INFO - Loaded chunk: 5,197 rows. Total: 5,197
[2025-09-20T19:47:16.892+0000] {spaceparts_etl_orchestrator.py:330} INFO - Completed loading 5,197 total rows to bronze_fact_forecast
[2025-09-20T19:47:16.892+0000] {spaceparts_etl_orchestrator.py:406} INFO - Successfully loaded 5,197 records to bronze_fact_forecast
[2025-09-20T19:47:16.910+0000] {python.py:240} INFO - Done. Returned value was: {'source_table': 'fact.Forecast', 'bronze_table': 'bronze_fact_forecast', 'record_count': 5197, 'status': 'success', 'extraction_time': '2025-09-20T19:47:16.892825', 'chunk_size_used': 50000}
[2025-09-20T19:47:16.938+0000] {taskinstance.py:341} INFO - ::group::Post task execution logs
[2025-09-20T19:47:16.939+0000] {taskinstance.py:353} INFO - Marking task as SUCCESS. dag_id=bronze_full_load_spaceparts_optimized, task_id=extract_load_fact_Forecast, run_id=scheduled__2024-01-01T00:00:00+00:00, execution_date=20240101T000000, start_date=20250920T194709, end_date=20250920T194716
[2025-09-20T19:47:17.009+0000] {local_task_job_runner.py:266} INFO - Task exited with return code 0
[2025-09-20T19:47:17.047+0000] {taskinstance.py:3901} INFO - 0 downstream tasks scheduled from follow-on schedule check
[2025-09-20T19:47:17.050+0000] {local_task_job_runner.py:245} INFO - ::endgroup::
