[2025-09-20T19:47:09.185+0000] {local_task_job_runner.py:123} INFO - ::group::Pre task execution logs
[2025-09-20T19:47:09.211+0000] {taskinstance.py:2614} INFO - Dependencies all met for dep_context=non-requeueable deps ti=<TaskInstance: bronze_full_load_spaceparts_optimized.extract_load_dim_Budget_Rate scheduled__2024-01-01T00:00:00+00:00 [queued]>
[2025-09-20T19:47:09.222+0000] {taskinstance.py:2614} INFO - Dependencies all met for dep_context=requeueable deps ti=<TaskInstance: bronze_full_load_spaceparts_optimized.extract_load_dim_Budget_Rate scheduled__2024-01-01T00:00:00+00:00 [queued]>
[2025-09-20T19:47:09.222+0000] {taskinstance.py:2867} INFO - Starting attempt 1 of 3
[2025-09-20T19:47:09.240+0000] {taskinstance.py:2890} INFO - Executing <Task(PythonOperator): extract_load_dim_Budget_Rate> on 2024-01-01 00:00:00+00:00
[2025-09-20T19:47:09.245+0000] {standard_task_runner.py:72} INFO - Started process 136 to run task
[2025-09-20T19:47:09.251+0000] {standard_task_runner.py:104} INFO - Running: ['***', 'tasks', 'run', 'bronze_full_load_spaceparts_optimized', 'extract_load_dim_Budget_Rate', 'scheduled__2024-01-01T00:00:00+00:00', '--job-id', '214', '--raw', '--subdir', 'DAGS_FOLDER/spaceparts_etl_orchestrator.py', '--cfg-path', '/tmp/tmpzsk8ckn8']
[2025-09-20T19:47:09.254+0000] {standard_task_runner.py:105} INFO - Job 214: Subtask extract_load_dim_Budget_Rate
[2025-09-20T19:47:09.626+0000] {task_command.py:467} INFO - Running <TaskInstance: bronze_full_load_spaceparts_optimized.extract_load_dim_Budget_Rate scheduled__2024-01-01T00:00:00+00:00 [running]> on host fd99d81282fc
[2025-09-20T19:47:09.701+0000] {taskinstance.py:3134} INFO - Exporting env vars: AIRFLOW_CTX_DAG_OWNER='data-team' AIRFLOW_CTX_DAG_ID='bronze_full_load_spaceparts_optimized' AIRFLOW_CTX_TASK_ID='extract_load_dim_Budget_Rate' AIRFLOW_CTX_EXECUTION_DATE='2024-01-01T00:00:00+00:00' AIRFLOW_CTX_TRY_NUMBER='1' AIRFLOW_CTX_DAG_RUN_ID='scheduled__2024-01-01T00:00:00+00:00'
[2025-09-20T19:47:09.702+0000] {taskinstance.py:732} INFO - ::endgroup::
[2025-09-20T19:47:09.715+0000] {spaceparts_etl_orchestrator.py:357} INFO - Starting optimized extraction for table: dim.Budget-Rate
[2025-09-20T19:47:13.525+0000] {spaceparts_etl_orchestrator.py:368} INFO - Table dim.Budget-Rate has 15 rows
[2025-09-20T19:47:13.526+0000] {spaceparts_etl_orchestrator.py:389} INFO - Using chunk size: 50,000 for 15 rows
[2025-09-20T19:47:13.527+0000] {spaceparts_etl_orchestrator.py:393} INFO - Starting streaming extraction and load for dim.Budget-Rate
[2025-09-20T19:47:15.789+0000] {spaceparts_etl_orchestrator.py:223} INFO - Processing chunk 1 with 15 rows
[2025-09-20T19:47:15.823+0000] {spaceparts_etl_orchestrator.py:275} INFO - Table bronze_dim_budget_rate created successfully
[2025-09-20T19:47:15.833+0000] {spaceparts_etl_orchestrator.py:324} INFO - Loaded chunk: 15 rows. Total: 15
[2025-09-20T19:47:16.177+0000] {spaceparts_etl_orchestrator.py:330} INFO - Completed loading 15 total rows to bronze_dim_budget_rate
[2025-09-20T19:47:16.177+0000] {spaceparts_etl_orchestrator.py:406} INFO - Successfully loaded 15 records to bronze_dim_budget_rate
[2025-09-20T19:47:16.186+0000] {python.py:240} INFO - Done. Returned value was: {'source_table': 'dim.Budget-Rate', 'bronze_table': 'bronze_dim_budget_rate', 'record_count': 15, 'status': 'success', 'extraction_time': '2025-09-20T19:47:16.177728', 'chunk_size_used': 50000}
[2025-09-20T19:47:16.204+0000] {taskinstance.py:341} INFO - ::group::Post task execution logs
[2025-09-20T19:47:16.204+0000] {taskinstance.py:353} INFO - Marking task as SUCCESS. dag_id=bronze_full_load_spaceparts_optimized, task_id=extract_load_dim_Budget_Rate, run_id=scheduled__2024-01-01T00:00:00+00:00, execution_date=20240101T000000, start_date=20250920T194709, end_date=20250920T194716
[2025-09-20T19:47:16.248+0000] {local_task_job_runner.py:266} INFO - Task exited with return code 0
[2025-09-20T19:47:16.272+0000] {taskinstance.py:3901} INFO - 0 downstream tasks scheduled from follow-on schedule check
[2025-09-20T19:47:16.273+0000] {local_task_job_runner.py:245} INFO - ::endgroup::
