[2025-09-20T19:47:09.222+0000] {local_task_job_runner.py:123} INFO - ::group::Pre task execution logs
[2025-09-20T19:47:09.251+0000] {taskinstance.py:2614} INFO - Dependencies all met for dep_context=non-requeueable deps ti=<TaskInstance: bronze_full_load_spaceparts_optimized.extract_load_dim_Products scheduled__2024-01-01T00:00:00+00:00 [queued]>
[2025-09-20T19:47:09.265+0000] {taskinstance.py:2614} INFO - Dependencies all met for dep_context=requeueable deps ti=<TaskInstance: bronze_full_load_spaceparts_optimized.extract_load_dim_Products scheduled__2024-01-01T00:00:00+00:00 [queued]>
[2025-09-20T19:47:09.265+0000] {taskinstance.py:2867} INFO - Starting attempt 1 of 3
[2025-09-20T19:47:09.283+0000] {taskinstance.py:2890} INFO - Executing <Task(PythonOperator): extract_load_dim_Products> on 2024-01-01 00:00:00+00:00
[2025-09-20T19:47:09.289+0000] {standard_task_runner.py:72} INFO - Started process 150 to run task
[2025-09-20T19:47:09.299+0000] {standard_task_runner.py:104} INFO - Running: ['***', 'tasks', 'run', 'bronze_full_load_spaceparts_optimized', 'extract_load_dim_Products', 'scheduled__2024-01-01T00:00:00+00:00', '--job-id', '218', '--raw', '--subdir', 'DAGS_FOLDER/spaceparts_etl_orchestrator.py', '--cfg-path', '/tmp/tmp9mca3tqb']
[2025-09-20T19:47:09.304+0000] {standard_task_runner.py:105} INFO - Job 218: Subtask extract_load_dim_Products
[2025-09-20T19:47:09.651+0000] {task_command.py:467} INFO - Running <TaskInstance: bronze_full_load_spaceparts_optimized.extract_load_dim_Products scheduled__2024-01-01T00:00:00+00:00 [running]> on host fd99d81282fc
[2025-09-20T19:47:09.726+0000] {taskinstance.py:3134} INFO - Exporting env vars: AIRFLOW_CTX_DAG_OWNER='data-team' AIRFLOW_CTX_DAG_ID='bronze_full_load_spaceparts_optimized' AIRFLOW_CTX_TASK_ID='extract_load_dim_Products' AIRFLOW_CTX_EXECUTION_DATE='2024-01-01T00:00:00+00:00' AIRFLOW_CTX_TRY_NUMBER='1' AIRFLOW_CTX_DAG_RUN_ID='scheduled__2024-01-01T00:00:00+00:00'
[2025-09-20T19:47:09.727+0000] {taskinstance.py:732} INFO - ::endgroup::
[2025-09-20T19:47:09.738+0000] {spaceparts_etl_orchestrator.py:357} INFO - Starting optimized extraction for table: dim.Products
[2025-09-20T19:47:12.971+0000] {spaceparts_etl_orchestrator.py:368} INFO - Table dim.Products has 256,293 rows
[2025-09-20T19:47:12.972+0000] {spaceparts_etl_orchestrator.py:389} INFO - Using chunk size: 50,000 for 256,293 rows
[2025-09-20T19:47:12.973+0000] {spaceparts_etl_orchestrator.py:393} INFO - Starting streaming extraction and load for dim.Products
[2025-09-20T19:47:20.996+0000] {spaceparts_etl_orchestrator.py:223} INFO - Processing chunk 1 with 50000 rows
[2025-09-20T19:47:21.268+0000] {spaceparts_etl_orchestrator.py:275} INFO - Table bronze_dim_products created successfully
[2025-09-20T19:47:47.550+0000] {spaceparts_etl_orchestrator.py:324} INFO - Loaded chunk: 50,000 rows. Total: 50,000
[2025-09-20T19:47:49.833+0000] {spaceparts_etl_orchestrator.py:223} INFO - Processing chunk 2 with 50000 rows
[2025-09-20T19:48:11.581+0000] {spaceparts_etl_orchestrator.py:324} INFO - Loaded chunk: 50,000 rows. Total: 100,000
[2025-09-20T19:48:13.434+0000] {spaceparts_etl_orchestrator.py:223} INFO - Processing chunk 3 with 50000 rows
[2025-09-20T19:48:38.152+0000] {spaceparts_etl_orchestrator.py:324} INFO - Loaded chunk: 50,000 rows. Total: 150,000
[2025-09-20T19:48:39.914+0000] {spaceparts_etl_orchestrator.py:223} INFO - Processing chunk 4 with 50000 rows
[2025-09-20T19:49:01.384+0000] {spaceparts_etl_orchestrator.py:324} INFO - Loaded chunk: 50,000 rows. Total: 200,000
[2025-09-20T19:49:02.985+0000] {spaceparts_etl_orchestrator.py:223} INFO - Processing chunk 5 with 50000 rows
[2025-09-20T19:49:20.515+0000] {spaceparts_etl_orchestrator.py:324} INFO - Loaded chunk: 50,000 rows. Total: 250,000
[2025-09-20T19:49:20.841+0000] {spaceparts_etl_orchestrator.py:223} INFO - Processing chunk 6 with 6293 rows
[2025-09-20T19:49:22.939+0000] {spaceparts_etl_orchestrator.py:324} INFO - Loaded chunk: 6,293 rows. Total: 256,293
[2025-09-20T19:49:23.241+0000] {spaceparts_etl_orchestrator.py:330} INFO - Completed loading 256,293 total rows to bronze_dim_products
[2025-09-20T19:49:23.241+0000] {spaceparts_etl_orchestrator.py:406} INFO - Successfully loaded 256,293 records to bronze_dim_products
[2025-09-20T19:49:23.252+0000] {python.py:240} INFO - Done. Returned value was: {'source_table': 'dim.Products', 'bronze_table': 'bronze_dim_products', 'record_count': 256293, 'status': 'success', 'extraction_time': '2025-09-20T19:49:23.241574', 'chunk_size_used': 50000}
[2025-09-20T19:49:23.266+0000] {taskinstance.py:341} INFO - ::group::Post task execution logs
[2025-09-20T19:49:23.267+0000] {taskinstance.py:353} INFO - Marking task as SUCCESS. dag_id=bronze_full_load_spaceparts_optimized, task_id=extract_load_dim_Products, run_id=scheduled__2024-01-01T00:00:00+00:00, execution_date=20240101T000000, start_date=20250920T194709, end_date=20250920T194923
[2025-09-20T19:49:23.346+0000] {local_task_job_runner.py:266} INFO - Task exited with return code 0
[2025-09-20T19:49:23.396+0000] {taskinstance.py:3901} INFO - 0 downstream tasks scheduled from follow-on schedule check
[2025-09-20T19:49:23.401+0000] {local_task_job_runner.py:245} INFO - ::endgroup::
